[0.000000] (-) TimerEvent: {}
[0.000299] (radar_bgt60tr13c_driver) JobQueued: {'identifier': 'radar_bgt60tr13c_driver', 'dependencies': OrderedDict()}
[0.000585] (radar_bgt60tr13c_driver) JobStarted: {'identifier': 'radar_bgt60tr13c_driver'}
[0.017165] (radar_bgt60tr13c_driver) JobProgress: {'identifier': 'radar_bgt60tr13c_driver', 'progress': 'cmake'}
[0.017966] (radar_bgt60tr13c_driver) JobProgress: {'identifier': 'radar_bgt60tr13c_driver', 'progress': 'build'}
[0.018013] (radar_bgt60tr13c_driver) Command: {'cmd': ['/usr/bin/cmake', '--build', '/home/ubuntu/ros2_ws/src/radar_bgt60tr13c_driver/build/radar_bgt60tr13c_driver', '--', '-j16', '-l16'], 'cwd': '/home/ubuntu/ros2_ws/src/radar_bgt60tr13c_driver/build/radar_bgt60tr13c_driver', 'env': OrderedDict([('GJS_DEBUG_TOPICS', 'JS ERROR;JS LOG'), ('LESSOPEN', '| /usr/bin/lesspipe %s'), ('USER', 'ubuntu'), ('LC_TIME', 'lv_LV.UTF-8'), ('XDG_SESSION_TYPE', 'x11'), ('GIT_ASKPASS', '/tmp/.mount_cursor19zg2x/usr/share/cursor/resources/app/extensions/git/dist/askpass.sh'), ('SHLVL', '1'), ('LD_LIBRARY_PATH', '/home/ubuntu/turtlebot3_ws/install/multirobot_map_merge/lib:/home/ubuntu/turtlebot3_ws/install/dynamixel_sdk_custom_interfaces/lib:/home/ubuntu/turtlebot3_ws/install/dynamixel_sdk/lib:/tmp/.mount_cursor19zg2x/usr/lib/:/tmp/.mount_cursor19zg2x/usr/lib32/:/tmp/.mount_cursor19zg2x/usr/lib64/:/tmp/.mount_cursor19zg2x/lib/:/tmp/.mount_cursor19zg2x/lib/i386-linux-gnu/:/tmp/.mount_cursor19zg2x/lib/x86_64-linux-gnu/:/tmp/.mount_cursor19zg2x/lib/aarch64-linux-gnu/:/tmp/.mount_cursor19zg2x/lib32/:/tmp/.mount_cursor19zg2x/lib64/:/tmp/.mount_cursorrEY9rZ/usr/lib/:/tmp/.mount_cursorrEY9rZ/usr/lib32/:/tmp/.mount_cursorrEY9rZ/usr/lib64/:/tmp/.mount_cursorrEY9rZ/lib/:/tmp/.mount_cursorrEY9rZ/lib/i386-linux-gnu/:/tmp/.mount_cursorrEY9rZ/lib/x86_64-linux-gnu/:/tmp/.mount_cursorrEY9rZ/lib/aarch64-linux-gnu/:/tmp/.mount_cursorrEY9rZ/lib32/:/tmp/.mount_cursorrEY9rZ/lib64/:/usr/lib/x86_64-linux-gnu/gazebo-11/plugins:/opt/ros/humble/opt/rviz_ogre_vendor/lib:/opt/ros/humble/lib/x86_64-linux-gnu:/opt/ros/humble/lib:/usr/lib/x86_64-linux-gnu/gazebo-11/plugins::/usr/lib/x86_64-linux-gnu/gazebo-11/plugins:/usr/lib/x86_64-linux-gnu/gazebo-11/plugins:'), ('HOME', '/home/ubuntu'), ('CHROME_DESKTOP', 'cursor.desktop'), ('APPDIR', '/tmp/.mount_cursor19zg2x'), ('TERM_PROGRAM_VERSION', '0.50.5'), ('DESKTOP_SESSION', 'ubuntu'), ('PERLLIB', '/tmp/.mount_cursor19zg2x/usr/share/perl5/:/tmp/.mount_cursor19zg2x/usr/lib/perl5/:/tmp/.mount_cursorrEY9rZ/usr/share/perl5/:/tmp/.mount_cursorrEY9rZ/usr/lib/perl5/:'), ('GIO_LAUNCHED_DESKTOP_FILE', '/usr/share/applications/cursor.desktop'), ('GAZEBO_MASTER_URI', 'http://localhost:11345'), ('ROS_PYTHON_VERSION', '3'), ('GNOME_SHELL_SESSION_MODE', 'ubuntu'), ('GTK_MODULES', 'gail:atk-bridge'), ('VSCODE_GIT_ASKPASS_MAIN', '/tmp/.mount_cursor19zg2x/usr/share/cursor/resources/app/extensions/git/dist/askpass-main.js'), ('LC_MONETARY', 'lv_LV.UTF-8'), ('VSCODE_GIT_ASKPASS_NODE', '/tmp/.mount_cursor19zg2x/usr/share/cursor/cursor'), ('MANAGERPID', '1207'), ('SYSTEMD_EXEC_PID', '1847'), ('DBUS_SESSION_BUS_ADDRESS', 'unix:path=/run/user/1000/bus'), ('COLORTERM', 'truecolor'), ('GIO_LAUNCHED_DESKTOP_FILE_PID', '17574'), ('COLCON_PREFIX_PATH', '/home/ubuntu/turtlebot3_ws/install'), ('ROS_DISTRO', 'humble'), ('GTK_IM_MODULE', 'ibus'), ('LOGNAME', 'ubuntu'), ('OWD', '/home/ubuntu'), ('JOURNAL_STREAM', '8:6851'), ('_', '/usr/bin/colcon'), ('ROS_VERSION', '2'), ('XDG_SESSION_CLASS', 'user'), ('USERNAME', 'ubuntu'), ('TERM', 'xterm-256color'), ('GAZEBO_MODEL_PATH', '/usr/share/gazebo-11/models:/usr/share/gazebo-11/models:'), ('GNOME_DESKTOP_SESSION_ID', 'this-is-deprecated'), ('ROS_LOCALHOST_ONLY', '0'), ('WINDOWPATH', '2'), ('OGRE_RESOURCE_PATH', '/usr/lib/x86_64-linux-gnu/OGRE-1.9.0'), ('PATH', '/home/ubuntu/.local/bin:/tmp/.mount_cursor19zg2x/usr/bin/:/tmp/.mount_cursor19zg2x/usr/sbin/:/tmp/.mount_cursor19zg2x/usr/games/:/tmp/.mount_cursor19zg2x/bin/:/tmp/.mount_cursor19zg2x/sbin/:/tmp/.mount_cursorrEY9rZ/usr/bin/:/tmp/.mount_cursorrEY9rZ/usr/sbin/:/tmp/.mount_cursorrEY9rZ/usr/games/:/tmp/.mount_cursorrEY9rZ/bin/:/tmp/.mount_cursorrEY9rZ/sbin/:/home/ubuntu/.local/bin:/opt/ros/humble/bin:/usr/local/sbin:/usr/local/bin:/usr/sbin:/usr/bin:/sbin:/bin:/usr/games:/usr/local/games:/snap/bin:/snap/bin'), ('SESSION_MANAGER', 'local/ubuntuSaturn:@/tmp/.ICE-unix/1818,unix/ubuntuSaturn:/tmp/.ICE-unix/1818'), ('INVOCATION_ID', 'c9b36499de3d46c28e56cf8e51eaf88f'), ('APPIMAGE', '/opt/cursor.AppImage'), ('XDG_MENU_PREFIX', 'gnome-'), ('LC_ADDRESS', 'lv_LV.UTF-8'), ('XDG_RUNTIME_DIR', '/run/user/1000'), ('GDK_BACKEND', 'x11'), ('DISPLAY', ':0'), ('LANG', 'en_US.UTF-8'), ('XDG_CURRENT_DESKTOP', 'Unity'), ('LC_TELEPHONE', 'lv_LV.UTF-8'), ('XMODIFIERS', '@im=ibus'), ('XDG_SESSION_DESKTOP', 'ubuntu'), ('XAUTHORITY', '/run/user/1000/gdm/Xauthority'), ('LS_COLORS', 'rs=0:di=01;34:ln=01;36:mh=00:pi=40;33:so=01;35:do=01;35:bd=40;33;01:cd=40;33;01:or=40;31;01:mi=00:su=37;41:sg=30;43:ca=30;41:tw=30;42:ow=34;42:st=37;44:ex=01;32:*.tar=01;31:*.tgz=01;31:*.arc=01;31:*.arj=01;31:*.taz=01;31:*.lha=01;31:*.lz4=01;31:*.lzh=01;31:*.lzma=01;31:*.tlz=01;31:*.txz=01;31:*.tzo=01;31:*.t7z=01;31:*.zip=01;31:*.z=01;31:*.dz=01;31:*.gz=01;31:*.lrz=01;31:*.lz=01;31:*.lzo=01;31:*.xz=01;31:*.zst=01;31:*.tzst=01;31:*.bz2=01;31:*.bz=01;31:*.tbz=01;31:*.tbz2=01;31:*.tz=01;31:*.deb=01;31:*.rpm=01;31:*.jar=01;31:*.war=01;31:*.ear=01;31:*.sar=01;31:*.rar=01;31:*.alz=01;31:*.ace=01;31:*.zoo=01;31:*.cpio=01;31:*.7z=01;31:*.rz=01;31:*.cab=01;31:*.wim=01;31:*.swm=01;31:*.dwm=01;31:*.esd=01;31:*.jpg=01;35:*.jpeg=01;35:*.mjpg=01;35:*.mjpeg=01;35:*.gif=01;35:*.bmp=01;35:*.pbm=01;35:*.pgm=01;35:*.ppm=01;35:*.tga=01;35:*.xbm=01;35:*.xpm=01;35:*.tif=01;35:*.tiff=01;35:*.png=01;35:*.svg=01;35:*.svgz=01;35:*.mng=01;35:*.pcx=01;35:*.mov=01;35:*.mpg=01;35:*.mpeg=01;35:*.m2v=01;35:*.mkv=01;35:*.webm=01;35:*.webp=01;35:*.ogm=01;35:*.mp4=01;35:*.m4v=01;35:*.mp4v=01;35:*.vob=01;35:*.qt=01;35:*.nuv=01;35:*.wmv=01;35:*.asf=01;35:*.rm=01;35:*.rmvb=01;35:*.flc=01;35:*.avi=01;35:*.fli=01;35:*.flv=01;35:*.gl=01;35:*.dl=01;35:*.xcf=01;35:*.xwd=01;35:*.yuv=01;35:*.cgm=01;35:*.emf=01;35:*.ogv=01;35:*.ogx=01;35:*.aac=00;36:*.au=00;36:*.flac=00;36:*.m4a=00;36:*.mid=00;36:*.midi=00;36:*.mka=00;36:*.mp3=00;36:*.mpc=00;36:*.ogg=00;36:*.ra=00;36:*.wav=00;36:*.oga=00;36:*.opus=00;36:*.spx=00;36:*.xspf=00;36:'), ('VSCODE_GIT_IPC_HANDLE', '/run/user/1000/vscode-git-fe97360b48.sock'), ('TERM_PROGRAM', 'vscode'), ('CURSOR_TRACE_ID', '3818f15b051840bdb4d85342d3aff94d'), ('SSH_AGENT_LAUNCHER', 'gnome-keyring'), ('SSH_AUTH_SOCK', '/run/user/1000/keyring/ssh'), ('GSETTINGS_SCHEMA_DIR', '/tmp/.mount_cursor19zg2x/usr/share/glib-2.0/schemas/:/tmp/.mount_cursorrEY9rZ/usr/share/glib-2.0/schemas/:'), ('ROS_DOMAIN_ID', '42'), ('AMENT_PREFIX_PATH', '/home/ubuntu/turtlebot3_ws/install/turtlebot3:/home/ubuntu/turtlebot3_ws/install/turtlebot3_teleop:/home/ubuntu/turtlebot3_ws/install/turtlebot3_simulations:/home/ubuntu/turtlebot3_ws/install/turtlebot3_bringup:/home/ubuntu/turtlebot3_ws/install/turtlebot3_node:/home/ubuntu/turtlebot3_ws/install/turtlebot3_navigation2:/home/ubuntu/turtlebot3_ws/install/turtlebot3_gazebo:/home/ubuntu/turtlebot3_ws/install/turtlebot3_fake_node:/home/ubuntu/turtlebot3_ws/install/turtlebot3_example:/home/ubuntu/turtlebot3_ws/install/turtlebot3_description:/home/ubuntu/turtlebot3_ws/install/turtlebot3_cartographer:/home/ubuntu/turtlebot3_ws/install/multirobot_map_merge:/home/ubuntu/turtlebot3_ws/install/explore_lite:/home/ubuntu/turtlebot3_ws/install/dynamixel_sdk_examples:/home/ubuntu/turtlebot3_ws/install/dynamixel_sdk_custom_interfaces:/home/ubuntu/turtlebot3_ws/install/dynamixel_sdk:/opt/ros/humble'), ('ORIGINAL_XDG_CURRENT_DESKTOP', 'Unity'), ('SHELL', '/bin/bash'), ('LC_NAME', 'lv_LV.UTF-8'), ('ARGV0', '/opt/cursor.AppImage'), ('QT_ACCESSIBILITY', '1'), ('GDMSESSION', 'ubuntu'), ('LESSCLOSE', '/usr/bin/lesspipe %s %s'), ('LC_MEASUREMENT', 'lv_LV.UTF-8'), ('GPG_AGENT_INFO', '/run/user/1000/gnupg/S.gpg-agent:0:1'), ('GAZEBO_RESOURCE_PATH', '/usr/share/gazebo-11:/usr/share/gazebo-11:'), ('GJS_DEBUG_OUTPUT', 'stderr'), ('LC_IDENTIFICATION', 'lv_LV.UTF-8'), ('GAZEBO_MODEL_DATABASE_URI', 'http://models.gazebosim.org'), ('VSCODE_GIT_ASKPASS_EXTRA_ARGS', ''), ('QT_IM_MODULE', 'ibus'), ('PWD', '/home/ubuntu/ros2_ws/src/radar_bgt60tr13c_driver/build/radar_bgt60tr13c_driver'), ('LC_ALL', 'en_US.UTF-8'), ('XDG_CONFIG_DIRS', '/etc/xdg/xdg-ubuntu:/etc/xdg'), ('GAZEBO_PLUGIN_PATH', '/usr/lib/x86_64-linux-gnu/gazebo-11/plugins:/usr/lib/x86_64-linux-gnu/gazebo-11/plugins:'), ('XDG_DATA_DIRS', '/tmp/.mount_cursor19zg2x/usr/share/:/usr/local/share:/usr/share:/tmp/.mount_cursorrEY9rZ/usr/share/:/usr/local/share:/usr/share:/usr/share/ubuntu:/usr/share/gnome:/usr/local/share/:/usr/share/:/var/lib/snapd/desktop'), ('PYTHONPATH', '/home/ubuntu/turtlebot3_ws/install/turtlebot3_teleop/lib/python3.10/site-packages:/home/ubuntu/turtlebot3_ws/install/turtlebot3_example/lib/python3.10/site-packages:/home/ubuntu/turtlebot3_ws/install/dynamixel_sdk_custom_interfaces/local/lib/python3.10/dist-packages:/home/ubuntu/turtlebot3_ws/install/dynamixel_sdk/local/lib/python3.10/dist-packages:/opt/ros/humble/lib/python3.10/site-packages:/opt/ros/humble/local/lib/python3.10/dist-packages'), ('LC_NUMERIC', 'lv_LV.UTF-8'), ('LC_PAPER', 'lv_LV.UTF-8'), ('QT_PLUGIN_PATH', '/tmp/.mount_cursor19zg2x/usr/lib/qt4/plugins/:/tmp/.mount_cursor19zg2x/usr/lib/i386-linux-gnu/qt4/plugins/:/tmp/.mount_cursor19zg2x/usr/lib/x86_64-linux-gnu/qt4/plugins/:/tmp/.mount_cursor19zg2x/usr/lib/aarch64-linux-gnu/qt4/plugins/:/tmp/.mount_cursor19zg2x/usr/lib32/qt4/plugins/:/tmp/.mount_cursor19zg2x/usr/lib64/qt4/plugins/:/tmp/.mount_cursor19zg2x/usr/lib/qt5/plugins/:/tmp/.mount_cursor19zg2x/usr/lib/i386-linux-gnu/qt5/plugins/:/tmp/.mount_cursor19zg2x/usr/lib/x86_64-linux-gnu/qt5/plugins/:/tmp/.mount_cursor19zg2x/usr/lib/aarch64-linux-gnu/qt5/plugins/:/tmp/.mount_cursor19zg2x/usr/lib32/qt5/plugins/:/tmp/.mount_cursor19zg2x/usr/lib64/qt5/plugins/:/tmp/.mount_cursorrEY9rZ/usr/lib/qt4/plugins/:/tmp/.mount_cursorrEY9rZ/usr/lib/i386-linux-gnu/qt4/plugins/:/tmp/.mount_cursorrEY9rZ/usr/lib/x86_64-linux-gnu/qt4/plugins/:/tmp/.mount_cursorrEY9rZ/usr/lib/aarch64-linux-gnu/qt4/plugins/:/tmp/.mount_cursorrEY9rZ/usr/lib32/qt4/plugins/:/tmp/.mount_cursorrEY9rZ/usr/lib64/qt4/plugins/:/tmp/.mount_cursorrEY9rZ/usr/lib/qt5/plugins/:/tmp/.mount_cursorrEY9rZ/usr/lib/i386-linux-gnu/qt5/plugins/:/tmp/.mount_cursorrEY9rZ/usr/lib/x86_64-linux-gnu/qt5/plugins/:/tmp/.mount_cursorrEY9rZ/usr/lib/aarch64-linux-gnu/qt5/plugins/:/tmp/.mount_cursorrEY9rZ/usr/lib32/qt5/plugins/:/tmp/.mount_cursorrEY9rZ/usr/lib64/qt5/plugins/:'), ('COLCON', '1'), ('CMAKE_PREFIX_PATH', '/home/ubuntu/turtlebot3_ws/install/turtlebot3:/home/ubuntu/turtlebot3_ws/install/turtlebot3_simulations:/home/ubuntu/turtlebot3_ws/install/turtlebot3_bringup:/home/ubuntu/turtlebot3_ws/install/turtlebot3_node:/home/ubuntu/turtlebot3_ws/install/turtlebot3_navigation2:/home/ubuntu/turtlebot3_ws/install/turtlebot3_gazebo:/home/ubuntu/turtlebot3_ws/install/turtlebot3_fake_node:/home/ubuntu/turtlebot3_ws/install/turtlebot3_description:/home/ubuntu/turtlebot3_ws/install/turtlebot3_cartographer:/home/ubuntu/turtlebot3_ws/install/multirobot_map_merge:/home/ubuntu/turtlebot3_ws/install/explore_lite:/home/ubuntu/turtlebot3_ws/install/dynamixel_sdk_examples:/home/ubuntu/turtlebot3_ws/install/dynamixel_sdk_custom_interfaces:/home/ubuntu/turtlebot3_ws/install/dynamixel_sdk:/home/ubuntu/turtlebot3_ws/install/turtlebot3_teleop:/home/ubuntu/turtlebot3_ws/install/turtlebot3_example:/opt/ros/humble')]), 'shell': False}
[0.044604] (radar_bgt60tr13c_driver) StdoutLine: {'line': b'\n'}
[0.044749] (radar_bgt60tr13c_driver) StdoutLine: {'line': b'[0/1] Re-running CMake...\x1b[K\n'}
[0.071466] (radar_bgt60tr13c_driver) StdoutLine: {'line': b'-- Found ament_cmake: 1.3.11 (/opt/ros/humble/share/ament_cmake/cmake)\n'}
[0.099670] (-) TimerEvent: {}
[0.166793] (radar_bgt60tr13c_driver) StdoutLine: {'line': b'-- Found rclcpp: 16.0.12 (/opt/ros/humble/share/rclcpp/cmake)\n'}
[0.184272] (radar_bgt60tr13c_driver) StdoutLine: {'line': b'-- Found rosidl_generator_c: 3.1.6 (/opt/ros/humble/share/rosidl_generator_c/cmake)\n'}
[0.185473] (radar_bgt60tr13c_driver) StdoutLine: {'line': b'-- Found rosidl_adapter: 3.1.6 (/opt/ros/humble/share/rosidl_adapter/cmake)\n'}
[0.188616] (radar_bgt60tr13c_driver) StdoutLine: {'line': b'-- Found rosidl_generator_cpp: 3.1.6 (/opt/ros/humble/share/rosidl_generator_cpp/cmake)\n'}
[0.193829] (radar_bgt60tr13c_driver) StdoutLine: {'line': b'-- Using all available rosidl_typesupport_c: rosidl_typesupport_fastrtps_c;rosidl_typesupport_introspection_c\n'}
[0.199775] (-) TimerEvent: {}
[0.200475] (radar_bgt60tr13c_driver) StdoutLine: {'line': b'-- Using all available rosidl_typesupport_cpp: rosidl_typesupport_fastrtps_cpp;rosidl_typesupport_introspection_cpp\n'}
[0.220348] (radar_bgt60tr13c_driver) StdoutLine: {'line': b'-- Found rmw_implementation_cmake: 6.1.2 (/opt/ros/humble/share/rmw_implementation_cmake/cmake)\n'}
[0.221262] (radar_bgt60tr13c_driver) StdoutLine: {'line': b'-- Found rmw_fastrtps_cpp: 6.2.7 (/opt/ros/humble/share/rmw_fastrtps_cpp/cmake)\n'}
[0.299906] (-) TimerEvent: {}
[0.332089] (radar_bgt60tr13c_driver) StdoutLine: {'line': b"-- Using RMW implementation 'rmw_fastrtps_cpp' as default\n"}
[0.359199] (radar_bgt60tr13c_driver) StdoutLine: {'line': b'-- Found sensor_msgs: 4.8.0 (/opt/ros/humble/share/sensor_msgs/cmake)\n'}
[0.400032] (-) TimerEvent: {}
[0.426626] (radar_bgt60tr13c_driver) StdoutLine: {'line': b'-- Configuring done\n'}
[0.434403] (radar_bgt60tr13c_driver) StdoutLine: {'line': b'-- Generating done\n'}
[0.448633] (radar_bgt60tr13c_driver) StdoutLine: {'line': b'-- Build files have been written to: /home/ubuntu/ros2_ws/src/radar_bgt60tr13c_driver/build/radar_bgt60tr13c_driver\n'}
[0.456477] (radar_bgt60tr13c_driver) StdoutLine: {'line': b'\n'}
[0.456692] (radar_bgt60tr13c_driver) StdoutLine: {'line': b'[0/21] Building C object CMakeFiles/sdk_base.dir/bgt_sdk/sdk/c/ifxBase/Cube.c.o\x1b[K\n'}
[0.456988] (radar_bgt60tr13c_driver) StdoutLine: {'line': b'[0/21] Building C object CMakeFiles/sdk_base.dir/bgt_sdk/sdk/c/ifxBase/Log.c.o\x1b[K\n'}
[0.457179] (radar_bgt60tr13c_driver) StdoutLine: {'line': b'[0/21] Building CXX object CMakeFiles/sdk_radar_device_common.dir/bgt_sdk/sdk/c/ifxRadarDeviceCommon/RadarDeviceCommon.cpp.o\x1b[K\n'}
[0.457419] (radar_bgt60tr13c_driver) StdoutLine: {'line': b'[0/21] Building C object CMakeFiles/sdk_base.dir/bgt_sdk/sdk/c/ifxBase/Error.c.o\x1b[K\n'}
[0.457666] (radar_bgt60tr13c_driver) StdoutLine: {'line': b'[0/21] Building CXX object CMakeFiles/sdk_fmcw.dir/bgt_sdk/sdk/c/ifxFmcw/DeviceFmcw.cpp.o\x1b[K\n'}
[0.457743] (radar_bgt60tr13c_driver) StdoutLine: {'line': b'[0/21] Building CXX object CMakeFiles/sdk_fmcw.dir/bgt_sdk/sdk/c/ifxFmcw/avian/DeviceFmcwAvian.cpp.o\x1b[K\n'}
[0.457812] (radar_bgt60tr13c_driver) StdoutLine: {'line': b'[0/21] Building C object CMakeFiles/sdk_base.dir/bgt_sdk/sdk/c/ifxBase/Matrix.c.o\x1b[K\n'}
[0.457958] (radar_bgt60tr13c_driver) StdoutLine: {'line': b'[0/21] Building C object CMakeFiles/sdk_fmcw.dir/bgt_sdk/sdk/c/ifxFmcw/DeviceFmcwTypes.c.o\x1b[K\n'}
[0.458085] (radar_bgt60tr13c_driver) StdoutLine: {'line': b'[0/21] Building CXX object CMakeFiles/sdk_fmcw.dir/bgt_sdk/sdk/c/ifxFmcw/DeviceFmcwBase.cpp.o\x1b[K\n'}
[0.458198] (radar_bgt60tr13c_driver) StdoutLine: {'line': b'[0/21] Building CXX object CMakeFiles/sdk_fmcw.dir/bgt_sdk/sdk/c/ifxFmcw/DeviceFmcwCWrapper.cpp.o\x1b[K\n'}
[0.458329] (radar_bgt60tr13c_driver) StdoutLine: {'line': b'[0/21] Building CXX object CMakeFiles/sdk_fmcw.dir/bgt_sdk/sdk/c/ifxFmcw/MetricsFmcw.cpp.o\x1b[K\n'}
[0.458457] (radar_bgt60tr13c_driver) StdoutLine: {'line': b'[0/21] Building C object CMakeFiles/sdk_base.dir/bgt_sdk/sdk/c/ifxBase/Vector.c.o\x1b[K\n'}
[0.458623] (radar_bgt60tr13c_driver) StdoutLine: {'line': b'[0/21] Building CXX object CMakeFiles/sdk_avian.dir/bgt_sdk/sdk/c/ifxAvian/DeviceControl.cpp.o\x1b[K\n'}
[0.458737] (radar_bgt60tr13c_driver) StdoutLine: {'line': b'[0/21] Building CXX object CMakeFiles/sdk_avian.dir/bgt_sdk/sdk/c/ifxAvian/Metrics.cpp.o\x1b[K\n'}
[0.458877] (radar_bgt60tr13c_driver) StdoutLine: {'line': b'[0/21] Building CXX object CMakeFiles/sdk_avian.dir/bgt_sdk/sdk/c/ifxAvian/DeviceConfig.cpp.o\x1b[K\n'}
[0.500116] (-) TimerEvent: {}
[0.565064] (radar_bgt60tr13c_driver) StdoutLine: {'line': b'[0/21] Building CXX object CMakeFiles/radar_publisher_node.dir/src/radar_node.cpp.o\x1b[K\n'}
[0.565604] (radar_bgt60tr13c_driver) StdoutLine: {'line': b'[1/21] Building C object CMakeFiles/sdk_base.dir/bgt_sdk/sdk/c/ifxBase/Log.c.o\x1b[K\n'}
[0.565699] (radar_bgt60tr13c_driver) StdoutLine: {'line': b'[2/21] Building CXX object CMakeFiles/sdk_fmcw.dir/bgt_sdk/sdk/c/ifxFmcw/DeviceFmcwBase.cpp.o\x1b[K\n'}
[0.565754] (radar_bgt60tr13c_driver) StdoutLine: {'line': b'\x1b[31mFAILED: \x1b[0mCMakeFiles/sdk_fmcw.dir/bgt_sdk/sdk/c/ifxFmcw/DeviceFmcwBase.cpp.o \n'}
[0.565799] (radar_bgt60tr13c_driver) StdoutLine: {'line': b'/usr/bin/c++ -Dsdk_fmcw_EXPORTS -I/home/ubuntu/ros2_ws/src/radar_bgt60tr13c_driver/bgt_sdk/sdk/c -I/home/ubuntu/ros2_ws/src/radar_bgt60tr13c_driver/bgt_sdk/external/lib_avian/include -fPIC -Wall -Wextra -Wpedantic -std=gnu++17 -MD -MT CMakeFiles/sdk_fmcw.dir/bgt_sdk/sdk/c/ifxFmcw/DeviceFmcwBase.cpp.o -MF CMakeFiles/sdk_fmcw.dir/bgt_sdk/sdk/c/ifxFmcw/DeviceFmcwBase.cpp.o.d -o CMakeFiles/sdk_fmcw.dir/bgt_sdk/sdk/c/ifxFmcw/DeviceFmcwBase.cpp.o -c /home/ubuntu/ros2_ws/src/radar_bgt60tr13c_driver/bgt_sdk/sdk/c/ifxFmcw/DeviceFmcwBase.cpp\n'}
[0.565853] (radar_bgt60tr13c_driver) StdoutLine: {'line': b'In file included from /home/ubuntu/ros2_ws/src/radar_bgt60tr13c_driver/bgt_sdk/sdk/c/ifxRadarDeviceCommon/internal/RadarDeviceCommon.hpp:34,\n'}
[0.565895] (radar_bgt60tr13c_driver) StdoutLine: {'line': b'                 from /home/ubuntu/ros2_ws/src/radar_bgt60tr13c_driver/bgt_sdk/sdk/c/ifxFmcw/DeviceFmcwBase.hpp:41,\n'}
[0.565934] (radar_bgt60tr13c_driver) StdoutLine: {'line': b'                 from /home/ubuntu/ros2_ws/src/radar_bgt60tr13c_driver/bgt_sdk/sdk/c/ifxFmcw/DeviceFmcwBase.cpp:36:\n'}
[0.565971] (radar_bgt60tr13c_driver) StdoutLine: {'line': b'/home/ubuntu/ros2_ws/src/radar_bgt60tr13c_driver/bgt_sdk/sdk/c/ifxBase/FunctionWrapper.hpp:34:10: fatal error: common/exception/EException.hpp: No such file or directory\n'}
[0.566009] (radar_bgt60tr13c_driver) StdoutLine: {'line': b'   34 | #include <common/exception/EException.hpp>\n'}
[0.566047] (radar_bgt60tr13c_driver) StdoutLine: {'line': b'      |          ^~~~~~~~~~~~~~~~~~~~~~~~~~~~~~~~~\n'}
[0.566084] (radar_bgt60tr13c_driver) StdoutLine: {'line': b'compilation terminated.\n'}
[0.566601] (radar_bgt60tr13c_driver) StdoutLine: {'line': b'\n'}
[0.566673] (radar_bgt60tr13c_driver) StdoutLine: {'line': b'[3/21] Building C object CMakeFiles/sdk_fmcw.dir/bgt_sdk/sdk/c/ifxFmcw/DeviceFmcwTypes.c.o\x1b[K\n'}
[0.566734] (radar_bgt60tr13c_driver) StdoutLine: {'line': b'In file included from /home/ubuntu/ros2_ws/src/radar_bgt60tr13c_driver/bgt_sdk/sdk/c/ifxFmcw/DeviceFmcwTypes.h:49,\n'}
[0.566777] (radar_bgt60tr13c_driver) StdoutLine: {'line': b'                 from /home/ubuntu/ros2_ws/src/radar_bgt60tr13c_driver/bgt_sdk/sdk/c/ifxFmcw/DeviceFmcwTypes.c:36:\n'}
[0.566815] (radar_bgt60tr13c_driver) StdoutLine: {'line': b'/home/ubuntu/ros2_ws/src/radar_bgt60tr13c_driver/bgt_sdk/sdk/c/ifxBase/Error.h:65:29: warning: ISO C restricts enumerator values to range of \xe2\x80\x98int\xe2\x80\x99 [-Wpedantic]\n'}
[0.566856] (radar_bgt60tr13c_driver) StdoutLine: {'line': b'   65 | #define IFX_ERROR_APP_BASE  0x80000000\n'}
[0.566893] (radar_bgt60tr13c_driver) StdoutLine: {'line': b'      |                             ^~~~~~~~~~\n'}
[0.566931] (radar_bgt60tr13c_driver) StdoutLine: {'line': b'/home/ubuntu/ros2_ws/src/radar_bgt60tr13c_driver/bgt_sdk/sdk/c/ifxBase/Error.h:201:21: note: in expansion of macro \xe2\x80\x98IFX_ERROR_APP_BASE\xe2\x80\x99\n'}
[0.566970] (radar_bgt60tr13c_driver) StdoutLine: {'line': b'  201 |     IFX_ERROR_APP = IFX_ERROR_APP_BASE /**< A generic error occurred on Application side */\n'}
[0.567008] (radar_bgt60tr13c_driver) StdoutLine: {'line': b'      |                     ^~~~~~~~~~~~~~~~~~\n'}
[0.568564] (radar_bgt60tr13c_driver) StdoutLine: {'line': b'\n'}
[0.568636] (radar_bgt60tr13c_driver) StdoutLine: {'line': b'[4/21] Building C object CMakeFiles/sdk_base.dir/bgt_sdk/sdk/c/ifxBase/Cube.c.o\x1b[K\n'}
[0.568693] (radar_bgt60tr13c_driver) StdoutLine: {'line': b'In file included from /home/ubuntu/ros2_ws/src/radar_bgt60tr13c_driver/bgt_sdk/sdk/c/ifxBase/Cube.c:42:\n'}
[0.568738] (radar_bgt60tr13c_driver) StdoutLine: {'line': b'/home/ubuntu/ros2_ws/src/radar_bgt60tr13c_driver/bgt_sdk/sdk/c/ifxBase/Error.h:65:29: warning: ISO C restricts enumerator values to range of \xe2\x80\x98int\xe2\x80\x99 [-Wpedantic]\n'}
[0.568780] (radar_bgt60tr13c_driver) StdoutLine: {'line': b'   65 | #define IFX_ERROR_APP_BASE  0x80000000\n'}
[0.568818] (radar_bgt60tr13c_driver) StdoutLine: {'line': b'      |                             ^~~~~~~~~~\n'}
[0.568855] (radar_bgt60tr13c_driver) StdoutLine: {'line': b'/home/ubuntu/ros2_ws/src/radar_bgt60tr13c_driver/bgt_sdk/sdk/c/ifxBase/Error.h:201:21: note: in expansion of macro \xe2\x80\x98IFX_ERROR_APP_BASE\xe2\x80\x99\n'}
[0.568893] (radar_bgt60tr13c_driver) StdoutLine: {'line': b'  201 |     IFX_ERROR_APP = IFX_ERROR_APP_BASE /**< A generic error occurred on Application side */\n'}
[0.568935] (radar_bgt60tr13c_driver) StdoutLine: {'line': b'      |                     ^~~~~~~~~~~~~~~~~~\n'}
[0.572295] (radar_bgt60tr13c_driver) StdoutLine: {'line': b'\n'}
[0.572465] (radar_bgt60tr13c_driver) StdoutLine: {'line': b'[5/21] Building CXX object CMakeFiles/sdk_fmcw.dir/bgt_sdk/sdk/c/ifxFmcw/avian/DeviceFmcwAvian.cpp.o\x1b[K\n'}
[0.572530] (radar_bgt60tr13c_driver) StdoutLine: {'line': b'\x1b[31mFAILED: \x1b[0mCMakeFiles/sdk_fmcw.dir/bgt_sdk/sdk/c/ifxFmcw/avian/DeviceFmcwAvian.cpp.o \n'}
[0.572582] (radar_bgt60tr13c_driver) StdoutLine: {'line': b'/usr/bin/c++ -Dsdk_fmcw_EXPORTS -I/home/ubuntu/ros2_ws/src/radar_bgt60tr13c_driver/bgt_sdk/sdk/c -I/home/ubuntu/ros2_ws/src/radar_bgt60tr13c_driver/bgt_sdk/external/lib_avian/include -fPIC -Wall -Wextra -Wpedantic -std=gnu++17 -MD -MT CMakeFiles/sdk_fmcw.dir/bgt_sdk/sdk/c/ifxFmcw/avian/DeviceFmcwAvian.cpp.o -MF CMakeFiles/sdk_fmcw.dir/bgt_sdk/sdk/c/ifxFmcw/avian/DeviceFmcwAvian.cpp.o.d -o CMakeFiles/sdk_fmcw.dir/bgt_sdk/sdk/c/ifxFmcw/avian/DeviceFmcwAvian.cpp.o -c /home/ubuntu/ros2_ws/src/radar_bgt60tr13c_driver/bgt_sdk/sdk/c/ifxFmcw/avian/DeviceFmcwAvian.cpp\n'}
[0.572631] (radar_bgt60tr13c_driver) StdoutLine: {'line': b'In file included from /home/ubuntu/ros2_ws/src/radar_bgt60tr13c_driver/bgt_sdk/sdk/c/ifxRadarDeviceCommon/internal/RadarDeviceCommon.hpp:34,\n'}
[0.572676] (radar_bgt60tr13c_driver) StdoutLine: {'line': b'                 from /home/ubuntu/ros2_ws/src/radar_bgt60tr13c_driver/bgt_sdk/sdk/c/ifxFmcw/avian/../DeviceFmcwBase.hpp:41,\n'}
[0.572717] (radar_bgt60tr13c_driver) StdoutLine: {'line': b'                 from /home/ubuntu/ros2_ws/src/radar_bgt60tr13c_driver/bgt_sdk/sdk/c/ifxFmcw/avian/DeviceFmcwAvian.hpp:45,\n'}
[0.572755] (radar_bgt60tr13c_driver) StdoutLine: {'line': b'                 from /home/ubuntu/ros2_ws/src/radar_bgt60tr13c_driver/bgt_sdk/sdk/c/ifxFmcw/avian/DeviceFmcwAvian.cpp:36:\n'}
[0.572795] (radar_bgt60tr13c_driver) StdoutLine: {'line': b'/home/ubuntu/ros2_ws/src/radar_bgt60tr13c_driver/bgt_sdk/sdk/c/ifxBase/FunctionWrapper.hpp:34:10: fatal error: common/exception/EException.hpp: No such file or directory\n'}
[0.572835] (radar_bgt60tr13c_driver) StdoutLine: {'line': b'   34 | #include <common/exception/EException.hpp>\n'}
[0.572880] (radar_bgt60tr13c_driver) StdoutLine: {'line': b'      |          ^~~~~~~~~~~~~~~~~~~~~~~~~~~~~~~~~\n'}
[0.572919] (radar_bgt60tr13c_driver) StdoutLine: {'line': b'compilation terminated.\n'}
[0.572959] (radar_bgt60tr13c_driver) StdoutLine: {'line': b'\n'}
[0.572998] (radar_bgt60tr13c_driver) StdoutLine: {'line': b'[6/21] Building CXX object CMakeFiles/sdk_radar_device_common.dir/bgt_sdk/sdk/c/ifxRadarDeviceCommon/RadarDeviceCommon.cpp.o\x1b[K\n'}
[0.573043] (radar_bgt60tr13c_driver) StdoutLine: {'line': b'\x1b[31mFAILED: \x1b[0mCMakeFiles/sdk_radar_device_common.dir/bgt_sdk/sdk/c/ifxRadarDeviceCommon/RadarDeviceCommon.cpp.o \n'}
[0.573088] (radar_bgt60tr13c_driver) StdoutLine: {'line': b'/usr/bin/c++ -Dsdk_radar_device_common_EXPORTS -I/home/ubuntu/ros2_ws/src/radar_bgt60tr13c_driver/bgt_sdk/sdk/c -fPIC -Wall -Wextra -Wpedantic -std=gnu++17 -MD -MT CMakeFiles/sdk_radar_device_common.dir/bgt_sdk/sdk/c/ifxRadarDeviceCommon/RadarDeviceCommon.cpp.o -MF CMakeFiles/sdk_radar_device_common.dir/bgt_sdk/sdk/c/ifxRadarDeviceCommon/RadarDeviceCommon.cpp.o.d -o CMakeFiles/sdk_radar_device_common.dir/bgt_sdk/sdk/c/ifxRadarDeviceCommon/RadarDeviceCommon.cpp.o -c /home/ubuntu/ros2_ws/src/radar_bgt60tr13c_driver/bgt_sdk/sdk/c/ifxRadarDeviceCommon/RadarDeviceCommon.cpp\n'}
[0.573140] (radar_bgt60tr13c_driver) StdoutLine: {'line': b'In file included from /home/ubuntu/ros2_ws/src/radar_bgt60tr13c_driver/bgt_sdk/sdk/c/ifxRadarDeviceCommon/internal/RadarDeviceCommon.hpp:34,\n'}
[0.573186] (radar_bgt60tr13c_driver) StdoutLine: {'line': b'                 from /home/ubuntu/ros2_ws/src/radar_bgt60tr13c_driver/bgt_sdk/sdk/c/ifxRadarDeviceCommon/RadarDeviceCommon.cpp:36:\n'}
[0.573233] (radar_bgt60tr13c_driver) StdoutLine: {'line': b'/home/ubuntu/ros2_ws/src/radar_bgt60tr13c_driver/bgt_sdk/sdk/c/ifxBase/FunctionWrapper.hpp:34:10: fatal error: common/exception/EException.hpp: No such file or directory\n'}
[0.573279] (radar_bgt60tr13c_driver) StdoutLine: {'line': b'   34 | #include <common/exception/EException.hpp>\n'}
[0.573318] (radar_bgt60tr13c_driver) StdoutLine: {'line': b'      |          ^~~~~~~~~~~~~~~~~~~~~~~~~~~~~~~~~\n'}
[0.573357] (radar_bgt60tr13c_driver) StdoutLine: {'line': b'compilation terminated.\n'}
[0.573548] (radar_bgt60tr13c_driver) StdoutLine: {'line': b'\n'}
[0.573598] (radar_bgt60tr13c_driver) StdoutLine: {'line': b'[7/21] Building CXX object CMakeFiles/sdk_fmcw.dir/bgt_sdk/sdk/c/ifxFmcw/DeviceFmcwCWrapper.cpp.o\x1b[K\n'}
[0.573642] (radar_bgt60tr13c_driver) StdoutLine: {'line': b'\x1b[31mFAILED: \x1b[0mCMakeFiles/sdk_fmcw.dir/bgt_sdk/sdk/c/ifxFmcw/DeviceFmcwCWrapper.cpp.o \n'}
[0.573681] (radar_bgt60tr13c_driver) StdoutLine: {'line': b'/usr/bin/c++ -Dsdk_fmcw_EXPORTS -I/home/ubuntu/ros2_ws/src/radar_bgt60tr13c_driver/bgt_sdk/sdk/c -I/home/ubuntu/ros2_ws/src/radar_bgt60tr13c_driver/bgt_sdk/external/lib_avian/include -fPIC -Wall -Wextra -Wpedantic -std=gnu++17 -MD -MT CMakeFiles/sdk_fmcw.dir/bgt_sdk/sdk/c/ifxFmcw/DeviceFmcwCWrapper.cpp.o -MF CMakeFiles/sdk_fmcw.dir/bgt_sdk/sdk/c/ifxFmcw/DeviceFmcwCWrapper.cpp.o.d -o CMakeFiles/sdk_fmcw.dir/bgt_sdk/sdk/c/ifxFmcw/DeviceFmcwCWrapper.cpp.o -c /home/ubuntu/ros2_ws/src/radar_bgt60tr13c_driver/bgt_sdk/sdk/c/ifxFmcw/DeviceFmcwCWrapper.cpp\n'}
[0.573721] (radar_bgt60tr13c_driver) StdoutLine: {'line': b'In file included from /home/ubuntu/ros2_ws/src/radar_bgt60tr13c_driver/bgt_sdk/sdk/c/ifxRadarDeviceCommon/internal/RadarDeviceCommon.hpp:34,\n'}
[0.573762] (radar_bgt60tr13c_driver) StdoutLine: {'line': b'                 from /home/ubuntu/ros2_ws/src/radar_bgt60tr13c_driver/bgt_sdk/sdk/c/ifxFmcw/avian/../DeviceFmcwBase.hpp:41,\n'}
[0.573800] (radar_bgt60tr13c_driver) StdoutLine: {'line': b'                 from /home/ubuntu/ros2_ws/src/radar_bgt60tr13c_driver/bgt_sdk/sdk/c/ifxFmcw/avian/DeviceFmcwAvian.hpp:45,\n'}
[0.573839] (radar_bgt60tr13c_driver) StdoutLine: {'line': b'                 from /home/ubuntu/ros2_ws/src/radar_bgt60tr13c_driver/bgt_sdk/sdk/c/ifxFmcw/DeviceFmcwCWrapper.cpp:36:\n'}
[0.573876] (radar_bgt60tr13c_driver) StdoutLine: {'line': b'/home/ubuntu/ros2_ws/src/radar_bgt60tr13c_driver/bgt_sdk/sdk/c/ifxBase/FunctionWrapper.hpp:34:10: fatal error: common/exception/EException.hpp: No such file or directory\n'}
[0.573917] (radar_bgt60tr13c_driver) StdoutLine: {'line': b'   34 | #include <common/exception/EException.hpp>\n'}
[0.573953] (radar_bgt60tr13c_driver) StdoutLine: {'line': b'      |          ^~~~~~~~~~~~~~~~~~~~~~~~~~~~~~~~~\n'}
[0.573991] (radar_bgt60tr13c_driver) StdoutLine: {'line': b'compilation terminated.\n'}
[0.587642] (radar_bgt60tr13c_driver) StdoutLine: {'line': b'\n'}
[0.587848] (radar_bgt60tr13c_driver) StdoutLine: {'line': b'[8/21] Building CXX object CMakeFiles/sdk_fmcw.dir/bgt_sdk/sdk/c/ifxFmcw/DeviceFmcw.cpp.o\x1b[K\n'}
[0.587923] (radar_bgt60tr13c_driver) StdoutLine: {'line': b'\x1b[31mFAILED: \x1b[0mCMakeFiles/sdk_fmcw.dir/bgt_sdk/sdk/c/ifxFmcw/DeviceFmcw.cpp.o \n'}
[0.587987] (radar_bgt60tr13c_driver) StdoutLine: {'line': b'/usr/bin/c++ -Dsdk_fmcw_EXPORTS -I/home/ubuntu/ros2_ws/src/radar_bgt60tr13c_driver/bgt_sdk/sdk/c -I/home/ubuntu/ros2_ws/src/radar_bgt60tr13c_driver/bgt_sdk/external/lib_avian/include -fPIC -Wall -Wextra -Wpedantic -std=gnu++17 -MD -MT CMakeFiles/sdk_fmcw.dir/bgt_sdk/sdk/c/ifxFmcw/DeviceFmcw.cpp.o -MF CMakeFiles/sdk_fmcw.dir/bgt_sdk/sdk/c/ifxFmcw/DeviceFmcw.cpp.o.d -o CMakeFiles/sdk_fmcw.dir/bgt_sdk/sdk/c/ifxFmcw/DeviceFmcw.cpp.o -c /home/ubuntu/ros2_ws/src/radar_bgt60tr13c_driver/bgt_sdk/sdk/c/ifxFmcw/DeviceFmcw.cpp\n'}
[0.588040] (radar_bgt60tr13c_driver) StdoutLine: {'line': b'In file included from /home/ubuntu/ros2_ws/src/radar_bgt60tr13c_driver/bgt_sdk/sdk/c/ifxRadarDeviceCommon/internal/RadarDeviceCommon.hpp:34,\n'}
[0.588091] (radar_bgt60tr13c_driver) StdoutLine: {'line': b'                 from /home/ubuntu/ros2_ws/src/radar_bgt60tr13c_driver/bgt_sdk/sdk/c/ifxFmcw/DeviceFmcw.cpp:31:\n'}
[0.588135] (radar_bgt60tr13c_driver) StdoutLine: {'line': b'/home/ubuntu/ros2_ws/src/radar_bgt60tr13c_driver/bgt_sdk/sdk/c/ifxBase/FunctionWrapper.hpp:34:10: fatal error: common/exception/EException.hpp: No such file or directory\n'}
[0.588184] (radar_bgt60tr13c_driver) StdoutLine: {'line': b'   34 | #include <common/exception/EException.hpp>\n'}
[0.588239] (radar_bgt60tr13c_driver) StdoutLine: {'line': b'      |          ^~~~~~~~~~~~~~~~~~~~~~~~~~~~~~~~~\n'}
[0.588290] (radar_bgt60tr13c_driver) StdoutLine: {'line': b'compilation terminated.\n'}
[0.590550] (radar_bgt60tr13c_driver) StdoutLine: {'line': b'\n'}
[0.590656] (radar_bgt60tr13c_driver) StdoutLine: {'line': b'[9/21] Building C object CMakeFiles/sdk_base.dir/bgt_sdk/sdk/c/ifxBase/Error.c.o\x1b[K\n'}
[0.590702] (radar_bgt60tr13c_driver) StdoutLine: {'line': b'In file included from /home/ubuntu/ros2_ws/src/radar_bgt60tr13c_driver/bgt_sdk/sdk/c/ifxBase/Error.c:41:\n'}
[0.590734] (radar_bgt60tr13c_driver) StdoutLine: {'line': b'/home/ubuntu/ros2_ws/src/radar_bgt60tr13c_driver/bgt_sdk/sdk/c/ifxBase/Error.h:65:29: warning: ISO C restricts enumerator values to range of \xe2\x80\x98int\xe2\x80\x99 [-Wpedantic]\n'}
[0.590765] (radar_bgt60tr13c_driver) StdoutLine: {'line': b'   65 | #define IFX_ERROR_APP_BASE  0x80000000\n'}
[0.590792] (radar_bgt60tr13c_driver) StdoutLine: {'line': b'      |                             ^~~~~~~~~~\n'}
[0.590818] (radar_bgt60tr13c_driver) StdoutLine: {'line': b'/home/ubuntu/ros2_ws/src/radar_bgt60tr13c_driver/bgt_sdk/sdk/c/ifxBase/Error.h:201:21: note: in expansion of macro \xe2\x80\x98IFX_ERROR_APP_BASE\xe2\x80\x99\n'}
[0.590845] (radar_bgt60tr13c_driver) StdoutLine: {'line': b'  201 |     IFX_ERROR_APP = IFX_ERROR_APP_BASE /**< A generic error occurred on Application side */\n'}
[0.590871] (radar_bgt60tr13c_driver) StdoutLine: {'line': b'      |                     ^~~~~~~~~~~~~~~~~~\n'}
[0.600207] (-) TimerEvent: {}
[0.600705] (radar_bgt60tr13c_driver) StdoutLine: {'line': b'\n'}
[0.600819] (radar_bgt60tr13c_driver) StdoutLine: {'line': b'[10/21] Building CXX object CMakeFiles/sdk_avian.dir/bgt_sdk/sdk/c/ifxAvian/DeviceControl.cpp.o\x1b[K\n'}
[0.600879] (radar_bgt60tr13c_driver) StdoutLine: {'line': b'\x1b[31mFAILED: \x1b[0mCMakeFiles/sdk_avian.dir/bgt_sdk/sdk/c/ifxAvian/DeviceControl.cpp.o \n'}
[0.600931] (radar_bgt60tr13c_driver) StdoutLine: {'line': b'/usr/bin/c++ -Dsdk_avian_EXPORTS -I/home/ubuntu/ros2_ws/src/radar_bgt60tr13c_driver/bgt_sdk/sdk/c -I/home/ubuntu/ros2_ws/src/radar_bgt60tr13c_driver/bgt_sdk/external/lib_avian/include -fPIC -Wall -Wextra -Wpedantic -std=gnu++17 -MD -MT CMakeFiles/sdk_avian.dir/bgt_sdk/sdk/c/ifxAvian/DeviceControl.cpp.o -MF CMakeFiles/sdk_avian.dir/bgt_sdk/sdk/c/ifxAvian/DeviceControl.cpp.o.d -o CMakeFiles/sdk_avian.dir/bgt_sdk/sdk/c/ifxAvian/DeviceControl.cpp.o -c /home/ubuntu/ros2_ws/src/radar_bgt60tr13c_driver/bgt_sdk/sdk/c/ifxAvian/DeviceControl.cpp\n'}
[0.600974] (radar_bgt60tr13c_driver) StdoutLine: {'line': b'In file included from /home/ubuntu/ros2_ws/src/radar_bgt60tr13c_driver/bgt_sdk/sdk/c/ifxRadarDeviceCommon/internal/RadarDeviceCommon.hpp:34,\n'}
[0.601016] (radar_bgt60tr13c_driver) StdoutLine: {'line': b'                 from /home/ubuntu/ros2_ws/src/radar_bgt60tr13c_driver/bgt_sdk/sdk/c/ifxFmcw/avian/../DeviceFmcwBase.hpp:41,\n'}
[0.601053] (radar_bgt60tr13c_driver) StdoutLine: {'line': b'                 from /home/ubuntu/ros2_ws/src/radar_bgt60tr13c_driver/bgt_sdk/sdk/c/ifxFmcw/avian/DeviceFmcwAvian.hpp:45,\n'}
[0.601090] (radar_bgt60tr13c_driver) StdoutLine: {'line': b'                 from /home/ubuntu/ros2_ws/src/radar_bgt60tr13c_driver/bgt_sdk/sdk/c/ifxAvian/DeviceControl.cpp:41:\n'}
[0.601125] (radar_bgt60tr13c_driver) StdoutLine: {'line': b'/home/ubuntu/ros2_ws/src/radar_bgt60tr13c_driver/bgt_sdk/sdk/c/ifxBase/FunctionWrapper.hpp:34:10: fatal error: common/exception/EException.hpp: No such file or directory\n'}
[0.601164] (radar_bgt60tr13c_driver) StdoutLine: {'line': b'   34 | #include <common/exception/EException.hpp>\n'}
[0.601203] (radar_bgt60tr13c_driver) StdoutLine: {'line': b'      |          ^~~~~~~~~~~~~~~~~~~~~~~~~~~~~~~~~\n'}
[0.601260] (radar_bgt60tr13c_driver) StdoutLine: {'line': b'compilation terminated.\n'}
[0.648588] (radar_bgt60tr13c_driver) StdoutLine: {'line': b'\n'}
[0.665401] (radar_bgt60tr13c_driver) StdoutLine: {'line': b'[11/21] Building CXX object CMakeFiles/sdk_avian.dir/bgt_sdk/sdk/c/ifxAvian/DeviceConfig.cpp.o\x1b[K\n'}
[0.668304] (radar_bgt60tr13c_driver) StdoutLine: {'line': b'[12/21] Building CXX object CMakeFiles/sdk_avian.dir/bgt_sdk/sdk/c/ifxAvian/Metrics.cpp.o\x1b[K\n'}
[0.672846] (radar_bgt60tr13c_driver) StdoutLine: {'line': b'[13/21] Building CXX object CMakeFiles/sdk_fmcw.dir/bgt_sdk/sdk/c/ifxFmcw/MetricsFmcw.cpp.o\x1b[K\n'}
[0.672938] (radar_bgt60tr13c_driver) StdoutLine: {'line': b'[14/21] Building C object CMakeFiles/sdk_base.dir/bgt_sdk/sdk/c/ifxBase/Matrix.c.o\x1b[K\n'}
[0.673006] (radar_bgt60tr13c_driver) StdoutLine: {'line': b'In file included from /home/ubuntu/ros2_ws/src/radar_bgt60tr13c_driver/bgt_sdk/sdk/c/ifxBase/Matrix.c:39:\n'}
[0.673067] (radar_bgt60tr13c_driver) StdoutLine: {'line': b'/home/ubuntu/ros2_ws/src/radar_bgt60tr13c_driver/bgt_sdk/sdk/c/ifxBase/Error.h:65:29: warning: ISO C restricts enumerator values to range of \xe2\x80\x98int\xe2\x80\x99 [-Wpedantic]\n'}
[0.673130] (radar_bgt60tr13c_driver) StdoutLine: {'line': b'   65 | #define IFX_ERROR_APP_BASE  0x80000000\n'}
[0.673188] (radar_bgt60tr13c_driver) StdoutLine: {'line': b'      |                             ^~~~~~~~~~\n'}
[0.673265] (radar_bgt60tr13c_driver) StdoutLine: {'line': b'/home/ubuntu/ros2_ws/src/radar_bgt60tr13c_driver/bgt_sdk/sdk/c/ifxBase/Error.h:201:21: note: in expansion of macro \xe2\x80\x98IFX_ERROR_APP_BASE\xe2\x80\x99\n'}
[0.673329] (radar_bgt60tr13c_driver) StdoutLine: {'line': b'  201 |     IFX_ERROR_APP = IFX_ERROR_APP_BASE /**< A generic error occurred on Application side */\n'}
[0.673390] (radar_bgt60tr13c_driver) StdoutLine: {'line': b'      |                     ^~~~~~~~~~~~~~~~~~\n'}
[0.675463] (radar_bgt60tr13c_driver) StdoutLine: {'line': b'\n'}
[0.675507] (radar_bgt60tr13c_driver) StdoutLine: {'line': b'[15/21] Building C object CMakeFiles/sdk_base.dir/bgt_sdk/sdk/c/ifxBase/Vector.c.o\x1b[K\n'}
[0.675540] (radar_bgt60tr13c_driver) StdoutLine: {'line': b'In file included from /home/ubuntu/ros2_ws/src/radar_bgt60tr13c_driver/bgt_sdk/sdk/c/ifxBase/Vector.c:41:\n'}
[0.675566] (radar_bgt60tr13c_driver) StdoutLine: {'line': b'/home/ubuntu/ros2_ws/src/radar_bgt60tr13c_driver/bgt_sdk/sdk/c/ifxBase/Error.h:65:29: warning: ISO C restricts enumerator values to range of \xe2\x80\x98int\xe2\x80\x99 [-Wpedantic]\n'}
[0.675591] (radar_bgt60tr13c_driver) StdoutLine: {'line': b'   65 | #define IFX_ERROR_APP_BASE  0x80000000\n'}
[0.675615] (radar_bgt60tr13c_driver) StdoutLine: {'line': b'      |                             ^~~~~~~~~~\n'}
[0.675639] (radar_bgt60tr13c_driver) StdoutLine: {'line': b'/home/ubuntu/ros2_ws/src/radar_bgt60tr13c_driver/bgt_sdk/sdk/c/ifxBase/Error.h:201:21: note: in expansion of macro \xe2\x80\x98IFX_ERROR_APP_BASE\xe2\x80\x99\n'}
[0.675662] (radar_bgt60tr13c_driver) StdoutLine: {'line': b'  201 |     IFX_ERROR_APP = IFX_ERROR_APP_BASE /**< A generic error occurred on Application side */\n'}
[0.675689] (radar_bgt60tr13c_driver) StdoutLine: {'line': b'      |                     ^~~~~~~~~~~~~~~~~~\n'}
[0.700290] (-) TimerEvent: {}
[0.800552] (-) TimerEvent: {}
[0.900864] (-) TimerEvent: {}
[1.001185] (-) TimerEvent: {}
[1.101503] (-) TimerEvent: {}
[1.201821] (-) TimerEvent: {}
[1.302121] (-) TimerEvent: {}
[1.402450] (-) TimerEvent: {}
[1.502755] (-) TimerEvent: {}
[1.603077] (-) TimerEvent: {}
[1.703417] (-) TimerEvent: {}
[1.803733] (-) TimerEvent: {}
[1.904039] (-) TimerEvent: {}
[2.004318] (-) TimerEvent: {}
[2.104593] (-) TimerEvent: {}
[2.204820] (-) TimerEvent: {}
[2.305045] (-) TimerEvent: {}
[2.405370] (-) TimerEvent: {}
[2.505668] (-) TimerEvent: {}
[2.606000] (-) TimerEvent: {}
[2.681812] (radar_bgt60tr13c_driver) StdoutLine: {'line': b'\n'}
[2.682088] (radar_bgt60tr13c_driver) StdoutLine: {'line': b'[16/21] Building CXX object CMakeFiles/radar_publisher_node.dir/src/radar_node.cpp.o\x1b[K\n'}
[2.682266] (radar_bgt60tr13c_driver) StdoutLine: {'line': b'\x1b[31mFAILED: \x1b[0mCMakeFiles/radar_publisher_node.dir/src/radar_node.cpp.o \n'}
[2.682401] (radar_bgt60tr13c_driver) StdoutLine: {'line': b'/usr/bin/c++ -DDEFAULT_RMW_IMPLEMENTATION=rmw_fastrtps_cpp -DRCUTILS_ENABLE_FAULT_INJECTION -I/home/ubuntu/ros2_ws/src/radar_bgt60tr13c_driver/bgt_sdk/sdk/c -I/home/ubuntu/ros2_ws/src/radar_bgt60tr13c_driver/include -I/home/ubuntu/ros2_ws/src/radar_bgt60tr13c_driver/bgt_sdk/external/lib_avian/include -isystem /opt/ros/humble/include/rclcpp -isystem /opt/ros/humble/include/ament_index_cpp -isystem /opt/ros/humble/include/libstatistics_collector -isystem /opt/ros/humble/include/builtin_interfaces -isystem /opt/ros/humble/include/rosidl_runtime_c -isystem /opt/ros/humble/include/rcutils -isystem /opt/ros/humble/include/rosidl_typesupport_interface -isystem /opt/ros/humble/include/fastcdr -isystem /opt/ros/humble/include/rosidl_runtime_cpp -isystem /opt/ros/humble/include/rosidl_typesupport_fastrtps_cpp -isystem /opt/ros/humble/include/rmw -isystem /opt/ros/humble/include/rosidl_typesupport_fastrtps_c -isystem /opt/ros/humble/include/rosidl_typesupport_introspection_c -isystem /opt/ros/humble/include/rosidl_typesupport_introspection_cpp -isystem /opt/ros/humble/include/rcl -isystem /opt/ros/humble/include/rcl_interfaces -isystem /opt/ros/humble/include/rcl_logging_interface -isystem /opt/ros/humble/include/rcl_yaml_param_parser -isystem /opt/ros/humble/include/libyaml_vendor -isystem /opt/ros/humble/include/tracetools -isystem /opt/ros/humble/include/rcpputils -isystem /opt/ros/humble/include/statistics_msgs -isystem /opt/ros/humble/include/rosgraph_msgs -isystem /opt/ros/humble/include/rosidl_typesupport_cpp -isystem /opt/ros/humble/include/rosidl_typesupport_c -isystem /opt/ros/humble/include/std_msgs -isystem /opt/ros/humble/include/sensor_msgs -isystem /opt/ros/humble/include/geometry_msgs -fPIE -Wall -Wextra -Wpedantic -std=gnu++17 -MD -MT CMakeFiles/radar_publisher_node.dir/src/radar_node.cpp.o -MF CMakeFiles/radar_publisher_node.dir/src/radar_node.cpp.o.d -o CMakeFiles/radar_publisher_node.dir/src/radar_node.cpp.o -c /home/ubuntu/ros2_ws/src/radar_bgt60tr13c_driver/src/radar_node.cpp\n'}
[2.682508] (radar_bgt60tr13c_driver) StdoutLine: {'line': b'/home/ubuntu/ros2_ws/src/radar_bgt60tr13c_driver/src/radar_node.cpp: In member function \xe2\x80\x98void RadarPublisherNode::process_frame_and_publish()\xe2\x80\x99:\n'}
[2.682580] (radar_bgt60tr13c_driver) StdoutLine: {'line': b'/home/ubuntu/ros2_ws/src/radar_bgt60tr13c_driver/src/radar_node.cpp:259:66: error: no match for \xe2\x80\x98operator!=\xe2\x80\x99 (operand types are \xe2\x80\x98ifx_Cube_R_t*\xe2\x80\x99 {aka \xe2\x80\x98ifx_Mda_R_t*\xe2\x80\x99} and \xe2\x80\x98ifx_Error_e\xe2\x80\x99)\n'}
[2.682649] (radar_bgt60tr13c_driver) StdoutLine: {'line': b'  259 |         if (ifx_avian_get_next_frame(device_handle_, raw_frame_) != IFX_OK || ifx_error_get()) {\n'}
[2.682718] (radar_bgt60tr13c_driver) StdoutLine: {'line': b'      |             ~~~~~~~~~~~~~~~~~~~~~~~~~~~~~~~~~~~~~~~~~~~~~~~~~~~~ ^~ ~~~~~~\n'}
[2.682789] (radar_bgt60tr13c_driver) StdoutLine: {'line': b'      |                                     |                               |\n'}
[2.682852] (radar_bgt60tr13c_driver) StdoutLine: {'line': b'      |                                     |                               ifx_Error_e\n'}
[2.682914] (radar_bgt60tr13c_driver) StdoutLine: {'line': b'      |                                     ifx_Cube_R_t* {aka ifx_Mda_R_t*}\n'}
[2.682975] (radar_bgt60tr13c_driver) StdoutLine: {'line': b'ninja: build stopped: subcommand failed.\n'}
[2.684695] (radar_bgt60tr13c_driver) CommandEnded: {'returncode': 1}
[2.689796] (radar_bgt60tr13c_driver) JobEnded: {'identifier': 'radar_bgt60tr13c_driver', 'rc': 1}
[2.700395] (-) EventReactorShutdown: {}
