[0.013s] Invoking command in '/home/ubuntu/ros2_ws/src/radar_bgt60tr13c_driver/build/radar_bgt60tr13c_driver': CMAKE_PREFIX_PATH=${CMAKE_PREFIX_PATH}:/home/ubuntu/turtlebot3_ws/install/turtlebot3_teleop:/home/ubuntu/turtlebot3_ws/install/turtlebot3_example:/opt/ros/humble /usr/bin/cmake /home/ubuntu/ros2_ws/src/radar_bgt60tr13c_driver -DCMAKE_INSTALL_PREFIX=/home/ubuntu/ros2_ws/src/radar_bgt60tr13c_driver/install/radar_bgt60tr13c_driver
[0.087s] -- The C compiler identification is GNU 11.4.0
[0.145s] -- The CXX compiler identification is GNU 11.4.0
[0.155s] -- Detecting C compiler ABI info
[0.250s] -- Detecting C compiler ABI info - done
[0.254s] -- Check for working C compiler: /usr/bin/cc - skipped
[0.254s] -- Detecting C compile features
[0.254s] -- Detecting C compile features - done
[0.256s] -- Detecting CXX compiler ABI info
[0.360s] -- Detecting CXX compiler ABI info - done
[0.364s] -- Check for working CXX compiler: /usr/bin/c++ - skipped
[0.364s] -- Detecting CXX compile features
[0.364s] -- Detecting CXX compile features - done
[0.367s] -- Found ament_cmake: 1.3.11 (/opt/ros/humble/share/ament_cmake/cmake)
[0.502s] -- Found Python3: /usr/bin/python3 (found version "3.10.12") found components: Interpreter 
[0.587s] -- Found rclcpp: 16.0.12 (/opt/ros/humble/share/rclcpp/cmake)
[0.630s] -- Found rosidl_generator_c: 3.1.6 (/opt/ros/humble/share/rosidl_generator_c/cmake)
[0.635s] -- Found rosidl_adapter: 3.1.6 (/opt/ros/humble/share/rosidl_adapter/cmake)
[0.643s] -- Found rosidl_generator_cpp: 3.1.6 (/opt/ros/humble/share/rosidl_generator_cpp/cmake)
[0.652s] -- Using all available rosidl_typesupport_c: rosidl_typesupport_fastrtps_c;rosidl_typesupport_introspection_c
[0.665s] -- Using all available rosidl_typesupport_cpp: rosidl_typesupport_fastrtps_cpp;rosidl_typesupport_introspection_cpp
[0.702s] -- Found rmw_implementation_cmake: 6.1.2 (/opt/ros/humble/share/rmw_implementation_cmake/cmake)
[0.705s] -- Found rmw_fastrtps_cpp: 6.2.7 (/opt/ros/humble/share/rmw_fastrtps_cpp/cmake)
[0.841s] -- Found OpenSSL: /usr/lib/x86_64-linux-gnu/libcrypto.so (found version "3.0.2")  
[0.866s] -- Found FastRTPS: /opt/ros/humble/include  
[0.911s] -- Using RMW implementation 'rmw_fastrtps_cpp' as default
[0.921s] -- Looking for pthread.h
[1.019s] -- Looking for pthread.h - found
[1.020s] -- Performing Test CMAKE_HAVE_LIBC_PTHREAD
[1.113s] -- Performing Test CMAKE_HAVE_LIBC_PTHREAD - Success
[1.114s] -- Found Threads: TRUE  
[1.151s] -- Found sensor_msgs: 4.8.0 (/opt/ros/humble/share/sensor_msgs/cmake)
[1.214s] -- Configuring done
[1.223s] [33mCMake Warning at CMakeLists.txt:27 (add_executable):
[1.223s]   Cannot generate a safe runtime search path for target radar_publisher_node
[1.223s]   because there is a cycle in the constraint graph:
[1.223s] 
[1.223s]     dir 0 is [/home/ubuntu/ros2_ws/src/radar_bgt60tr13c_driver/radar_sdk/libs/linux_x64]
[1.224s]       dir 1 must precede it due to runtime library [libsdk_base.so]
[1.224s]     dir 1 is [/home/ubuntu/ros2_ws/src/radar_bgt60tr13c_driver/radar_sdk/build/bin/lib]
[1.224s]       dir 0 must precede it due to runtime library [libsdk_algo.so]
[1.224s]     dir 2 is [/opt/ros/humble/lib]
[1.224s] 
[1.224s]   Some of these libraries may not be found correctly.
[1.224s] 
[1.224s] [0m
[1.224s] -- Generating done
[1.227s] -- Build files have been written to: /home/ubuntu/ros2_ws/src/radar_bgt60tr13c_driver/build/radar_bgt60tr13c_driver
[1.242s] Invoked command in '/home/ubuntu/ros2_ws/src/radar_bgt60tr13c_driver/build/radar_bgt60tr13c_driver' returned '0': CMAKE_PREFIX_PATH=${CMAKE_PREFIX_PATH}:/home/ubuntu/turtlebot3_ws/install/turtlebot3_teleop:/home/ubuntu/turtlebot3_ws/install/turtlebot3_example:/opt/ros/humble /usr/bin/cmake /home/ubuntu/ros2_ws/src/radar_bgt60tr13c_driver -DCMAKE_INSTALL_PREFIX=/home/ubuntu/ros2_ws/src/radar_bgt60tr13c_driver/install/radar_bgt60tr13c_driver
[1.243s] Invoking command in '/home/ubuntu/ros2_ws/src/radar_bgt60tr13c_driver/build/radar_bgt60tr13c_driver': CMAKE_PREFIX_PATH=${CMAKE_PREFIX_PATH}:/home/ubuntu/turtlebot3_ws/install/turtlebot3_teleop:/home/ubuntu/turtlebot3_ws/install/turtlebot3_example:/opt/ros/humble /usr/bin/cmake --build /home/ubuntu/ros2_ws/src/radar_bgt60tr13c_driver/build/radar_bgt60tr13c_driver -- -j16 -l16
[1.300s] [35m[1mConsolidate compiler generated dependencies of target radar_publisher_node[0m
[1.326s] [ 50%] [32mBuilding CXX object CMakeFiles/radar_publisher_node.dir/src/radar_node.cpp.o[0m
[2.807s] [01m[K/home/ubuntu/ros2_ws/src/radar_bgt60tr13c_driver/src/radar_node.cpp:91:5:[m[K [01;35m[Kwarning: [m[KC++ designated initializers only available with â€˜[01m[K-std=c++20[m[Kâ€™ or â€˜[01m[K-std=gnu++20[m[Kâ€™ [[01;35m[K]8;;https://gcc.gnu.org/onlinedocs/gcc/Warning-Options.html#index-Wpedantic-Wpedantic]8;;[m[K]
[2.808s]    91 |     [01;35m[K.[m[Krange_resolution_m = 0.05f,      // 5cm range resolution
[2.808s]       |     [01;35m[K^[m[K
[2.808s] [01m[K/home/ubuntu/ros2_ws/src/radar_bgt60tr13c_driver/src/radar_node.cpp:92:5:[m[K [01;35m[Kwarning: [m[KC++ designated initializers only available with â€˜[01m[K-std=c++20[m[Kâ€™ or â€˜[01m[K-std=gnu++20[m[Kâ€™ [[01;35m[K]8;;https://gcc.gnu.org/onlinedocs/gcc/Warning-Options.html#index-Wpedantic-Wpedantic]8;;[m[K]
[2.808s]    92 |     [01;35m[K.[m[Kmax_range_m = 5.0f,             // 5m maximum range
[2.808s]       |     [01;35m[K^[m[K
[2.808s] [01m[K/home/ubuntu/ros2_ws/src/radar_bgt60tr13c_driver/src/radar_node.cpp:93:5:[m[K [01;35m[Kwarning: [m[KC++ designated initializers only available with â€˜[01m[K-std=c++20[m[Kâ€™ or â€˜[01m[K-std=gnu++20[m[Kâ€™ [[01;35m[K]8;;https://gcc.gnu.org/onlinedocs/gcc/Warning-Options.html#index-Wpedantic-Wpedantic]8;;[m[K]
[2.808s]    93 |     [01;35m[K.[m[Kspeed_resolution_m_s = 0.2f,     // 0.2 m/s speed resolution
[2.808s]       |     [01;35m[K^[m[K
[2.808s] [01m[K/home/ubuntu/ros2_ws/src/radar_bgt60tr13c_driver/src/radar_node.cpp:94:5:[m[K [01;35m[Kwarning: [m[KC++ designated initializers only available with â€˜[01m[K-std=c++20[m[Kâ€™ or â€˜[01m[K-std=gnu++20[m[Kâ€™ [[01;35m[K]8;;https://gcc.gnu.org/onlinedocs/gcc/Warning-Options.html#index-Wpedantic-Wpedantic]8;;[m[K]
[2.808s]    94 |     [01;35m[K.[m[Kmax_speed_m_s = 2.0f,           // 2 m/s maximum speed
[2.808s]       |     [01;35m[K^[m[K
[2.808s] [01m[K/home/ubuntu/ros2_ws/src/radar_bgt60tr13c_driver/src/radar_node.cpp:95:5:[m[K [01;35m[Kwarning: [m[KC++ designated initializers only available with â€˜[01m[K-std=c++20[m[Kâ€™ or â€˜[01m[K-std=gnu++20[m[Kâ€™ [[01;35m[K]8;;https://gcc.gnu.org/onlinedocs/gcc/Warning-Options.html#index-Wpedantic-Wpedantic]8;;[m[K]
[2.808s]    95 |     [01;35m[K.[m[Kcenter_frequency_Hz = 60.5e9f    // 60.5 GHz center frequency
[2.808s]       |     [01;35m[K^[m[K
[2.808s] [01m[K/home/ubuntu/ros2_ws/src/radar_bgt60tr13c_driver/src/radar_node.cpp:96:1:[m[K [01;35m[Kwarning: [m[Kmissing initializer for member â€˜[01m[Kifx_Fmcw_Metrics_t::max_speed_m_s[m[Kâ€™ [[01;35m[K]8;;https://gcc.gnu.org/onlinedocs/gcc/Warning-Options.html#index-Wmissing-field-initializers-Wmissing-field-initializers]8;;[m[K]
[2.809s]    96 | [01;35m[K}[m[K;
[2.809s]       | [01;35m[K^[m[K
[2.809s] [01m[K/home/ubuntu/ros2_ws/src/radar_bgt60tr13c_driver/src/radar_node.cpp:96:1:[m[K [01;35m[Kwarning: [m[Kmissing initializer for member â€˜[01m[Kifx_Fmcw_Metrics_t::center_frequency_Hz[m[Kâ€™ [[01;35m[K]8;;https://gcc.gnu.org/onlinedocs/gcc/Warning-Options.html#index-Wmissing-field-initializers-Wmissing-field-initializers]8;;[m[K]
[2.809s] [01m[K/home/ubuntu/ros2_ws/src/radar_bgt60tr13c_driver/src/radar_node.cpp:96:1:[m[K [01;31m[Kerror: [m[Kdesignator order for field â€˜[01m[Kifx_Fmcw_Metrics_t::max_speed_m_s[m[Kâ€™ does not match declaration order in â€˜[01m[Kifx_Avian_Metrics_t[m[Kâ€™ {aka â€˜[01m[Kifx_Fmcw_Metrics_t[m[Kâ€™}
[3.360s] gmake[2]: *** [CMakeFiles/radar_publisher_node.dir/build.make:76: CMakeFiles/radar_publisher_node.dir/src/radar_node.cpp.o] Error 1
[3.361s] gmake[1]: *** [CMakeFiles/Makefile2:137: CMakeFiles/radar_publisher_node.dir/all] Error 2
[3.361s] gmake: *** [Makefile:146: all] Error 2
[3.365s] Invoked command in '/home/ubuntu/ros2_ws/src/radar_bgt60tr13c_driver/build/radar_bgt60tr13c_driver' returned '2': CMAKE_PREFIX_PATH=${CMAKE_PREFIX_PATH}:/home/ubuntu/turtlebot3_ws/install/turtlebot3_teleop:/home/ubuntu/turtlebot3_ws/install/turtlebot3_example:/opt/ros/humble /usr/bin/cmake --build /home/ubuntu/ros2_ws/src/radar_bgt60tr13c_driver/build/radar_bgt60tr13c_driver -- -j16 -l16
