[0.020s] Invoking command in '/home/ubuntu/ros2_ws/src/radar_bgt60tr13c_driver/build/radar_bgt60tr13c_driver': CMAKE_PREFIX_PATH=${CMAKE_PREFIX_PATH}:/home/ubuntu/turtlebot3_ws/install/turtlebot3_teleop:/home/ubuntu/turtlebot3_ws/install/turtlebot3_example:/opt/ros/humble /usr/bin/cmake --build /home/ubuntu/ros2_ws/src/radar_bgt60tr13c_driver/build/radar_bgt60tr13c_driver -- -j16 -l16
[0.046s] 
[0.046s] [0/1] Re-running CMake...[K
[0.075s] -- Found ament_cmake: 1.3.11 (/opt/ros/humble/share/ament_cmake/cmake)
[0.177s] -- Found rclcpp: 16.0.12 (/opt/ros/humble/share/rclcpp/cmake)
[0.195s] -- Found rosidl_generator_c: 3.1.6 (/opt/ros/humble/share/rosidl_generator_c/cmake)
[0.196s] -- Found rosidl_adapter: 3.1.6 (/opt/ros/humble/share/rosidl_adapter/cmake)
[0.200s] -- Found rosidl_generator_cpp: 3.1.6 (/opt/ros/humble/share/rosidl_generator_cpp/cmake)
[0.205s] -- Using all available rosidl_typesupport_c: rosidl_typesupport_fastrtps_c;rosidl_typesupport_introspection_c
[0.212s] -- Using all available rosidl_typesupport_cpp: rosidl_typesupport_fastrtps_cpp;rosidl_typesupport_introspection_cpp
[0.230s] -- Found rmw_implementation_cmake: 6.1.2 (/opt/ros/humble/share/rmw_implementation_cmake/cmake)
[0.231s] -- Found rmw_fastrtps_cpp: 6.2.7 (/opt/ros/humble/share/rmw_fastrtps_cpp/cmake)
[0.357s] -- Using RMW implementation 'rmw_fastrtps_cpp' as default
[0.385s] -- Found sensor_msgs: 4.8.0 (/opt/ros/humble/share/sensor_msgs/cmake)
[0.401s] [31mCMake Error at CMakeLists.txt:47 (include):
[0.401s]   include could not find requested file:
[0.401s] 
[0.401s]     /home/ubuntu/ros2_ws/src/radar_bgt60tr13c_driver/bgt_sdk/external/strata/cmake/Functions.cmake
[0.401s] 
[0.401s] [0m
[0.402s] -- SDK version: 3.6.4
[0.409s] fatal: not a git repository (or any of the parent directories): .git
[0.412s] [0mProcessor: x86_64[0m
[0.412s] [0mEnabling x86 SIMD support.[0m
[0.413s] -- Strata directory: /home/ubuntu/ros2_ws/src/radar_bgt60tr13c_driver/bgt_sdk/external/strata
[0.414s] -- Strata version: 2.3.1.0
[0.414s] -- Strata target architecture/platform: x86 64bit Linux
[0.433s] -- Lib Avian includes StrataPort.
[0.565s] <string>:1: DeprecationWarning: The distutils package is deprecated and slated for removal in Python 3.12. Use setuptools or check PEP 632 for potential alternatives
[0.935s] -- Configuring incomplete, errors occurred!
[0.936s] See also "/home/ubuntu/ros2_ws/src/radar_bgt60tr13c_driver/build/radar_bgt60tr13c_driver/CMakeFiles/CMakeOutput.log".
[0.958s] ninja: error: rebuilding 'build.ninja': subcommand failed
[0.958s] [31mFAILED: [0mbuild.ninja 
[0.958s] /usr/bin/cmake --regenerate-during-build -S/home/ubuntu/ros2_ws/src/radar_bgt60tr13c_driver -B/home/ubuntu/ros2_ws/src/radar_bgt60tr13c_driver/build/radar_bgt60tr13c_driver
[0.960s] Invoked command in '/home/ubuntu/ros2_ws/src/radar_bgt60tr13c_driver/build/radar_bgt60tr13c_driver' returned '1': CMAKE_PREFIX_PATH=${CMAKE_PREFIX_PATH}:/home/ubuntu/turtlebot3_ws/install/turtlebot3_teleop:/home/ubuntu/turtlebot3_ws/install/turtlebot3_example:/opt/ros/humble /usr/bin/cmake --build /home/ubuntu/ros2_ws/src/radar_bgt60tr13c_driver/build/radar_bgt60tr13c_driver -- -j16 -l16
