[35m[1mConsolidate compiler generated dependencies of target radar_publisher_node[0m
[ 50%] [32mBuilding CXX object CMakeFiles/radar_publisher_node.dir/src/radar_node.cpp.o[0m
[01m[K/home/ubuntu/ros2_ws/src/radar_bgt60tr13c_driver/src/radar_node.cpp:[m[K In constructor â€˜[01m[KRadarPublisherNode::RadarPublisherNode()[m[Kâ€™:
[01m[K/home/ubuntu/ros2_ws/src/radar_bgt60tr13c_driver/src/radar_node.cpp:192:13:[m[K [01;31m[Kerror: [m[Kâ€˜[01m[Kstruct ifx_Avian_Config_t[m[Kâ€™ has no member named â€˜[01m[Kframe_period_us[m[Kâ€™
  192 |         cfg.[01;31m[Kframe_period_us[m[K = 200000;  // 200ms = 5Hz
      |             [01;31m[K^~~~~~~~~~~~~~~[m[K
gmake[2]: *** [CMakeFiles/radar_publisher_node.dir/build.make:76: CMakeFiles/radar_publisher_node.dir/src/radar_node.cpp.o] Error 1
gmake[1]: *** [CMakeFiles/Makefile2:137: CMakeFiles/radar_publisher_node.dir/all] Error 2
gmake: *** [Makefile:146: all] Error 2
