
[0/10] Building CXX object CMakeFiles/sdk_radar_device_common.dir/bgt_sdk/sdk/c/ifxRadarDeviceCommon/RadarDeviceCommon.cpp.o[K
[0/10] Building CXX object CMakeFiles/sdk_fmcw.dir/bgt_sdk/sdk/c/ifxFmcw/DeviceFmcw.cpp.o[K
[0/10] Building CXX object CMakeFiles/sdk_fmcw.dir/bgt_sdk/sdk/c/ifxFmcw/DeviceFmcwBase.cpp.o[K
[0/10] Building CXX object CMakeFiles/sdk_fmcw.dir/bgt_sdk/sdk/c/ifxFmcw/DeviceFmcwCWrapper.cpp.o[K
[0/10] Building CXX object CMakeFiles/sdk_fmcw.dir/bgt_sdk/sdk/c/ifxFmcw/avian/DeviceFmcwAvian.cpp.o[K
[0/10] Building CXX object CMakeFiles/sdk_avian.dir/bgt_sdk/sdk/c/ifxAvian/DeviceControl.cpp.o[K
[1/10] Building CXX object CMakeFiles/sdk_fmcw.dir/bgt_sdk/sdk/c/ifxFmcw/DeviceFmcwBase.cpp.o[K
[31mFAILED: [0mCMakeFiles/sdk_fmcw.dir/bgt_sdk/sdk/c/ifxFmcw/DeviceFmcwBase.cpp.o 
/usr/bin/c++ -Dsdk_fmcw_EXPORTS -I/home/ubuntu/ros2_ws/src/radar_bgt60tr13c_driver/bgt_sdk/sdk/c -I/home/ubuntu/ros2_ws/src/radar_bgt60tr13c_driver/bgt_sdk/external/lib_avian/include -fPIC -Wall -Wextra -Wpedantic -std=gnu++17 -MD -MT CMakeFiles/sdk_fmcw.dir/bgt_sdk/sdk/c/ifxFmcw/DeviceFmcwBase.cpp.o -MF CMakeFiles/sdk_fmcw.dir/bgt_sdk/sdk/c/ifxFmcw/DeviceFmcwBase.cpp.o.d -o CMakeFiles/sdk_fmcw.dir/bgt_sdk/sdk/c/ifxFmcw/DeviceFmcwBase.cpp.o -c /home/ubuntu/ros2_ws/src/radar_bgt60tr13c_driver/bgt_sdk/sdk/c/ifxFmcw/DeviceFmcwBase.cpp
In file included from /home/ubuntu/ros2_ws/src/radar_bgt60tr13c_driver/bgt_sdk/sdk/c/ifxRadarDeviceCommon/internal/RadarDeviceCommon.hpp:34,
                 from /home/ubuntu/ros2_ws/src/radar_bgt60tr13c_driver/bgt_sdk/sdk/c/ifxFmcw/DeviceFmcwBase.hpp:41,
                 from /home/ubuntu/ros2_ws/src/radar_bgt60tr13c_driver/bgt_sdk/sdk/c/ifxFmcw/DeviceFmcwBase.cpp:36:
/home/ubuntu/ros2_ws/src/radar_bgt60tr13c_driver/bgt_sdk/sdk/c/ifxBase/FunctionWrapper.hpp:34:10: fatal error: common/exception/EException.hpp: No such file or directory
   34 | #include <common/exception/EException.hpp>
      |          ^~~~~~~~~~~~~~~~~~~~~~~~~~~~~~~~~
compilation terminated.

[2/10] Building CXX object CMakeFiles/sdk_radar_device_common.dir/bgt_sdk/sdk/c/ifxRadarDeviceCommon/RadarDeviceCommon.cpp.o[K
[31mFAILED: [0mCMakeFiles/sdk_radar_device_common.dir/bgt_sdk/sdk/c/ifxRadarDeviceCommon/RadarDeviceCommon.cpp.o 
/usr/bin/c++ -Dsdk_radar_device_common_EXPORTS -I/home/ubuntu/ros2_ws/src/radar_bgt60tr13c_driver/bgt_sdk/sdk/c -fPIC -Wall -Wextra -Wpedantic -std=gnu++17 -MD -MT CMakeFiles/sdk_radar_device_common.dir/bgt_sdk/sdk/c/ifxRadarDeviceCommon/RadarDeviceCommon.cpp.o -MF CMakeFiles/sdk_radar_device_common.dir/bgt_sdk/sdk/c/ifxRadarDeviceCommon/RadarDeviceCommon.cpp.o.d -o CMakeFiles/sdk_radar_device_common.dir/bgt_sdk/sdk/c/ifxRadarDeviceCommon/RadarDeviceCommon.cpp.o -c /home/ubuntu/ros2_ws/src/radar_bgt60tr13c_driver/bgt_sdk/sdk/c/ifxRadarDeviceCommon/RadarDeviceCommon.cpp
In file included from /home/ubuntu/ros2_ws/src/radar_bgt60tr13c_driver/bgt_sdk/sdk/c/ifxRadarDeviceCommon/internal/RadarDeviceCommon.hpp:34,
                 from /home/ubuntu/ros2_ws/src/radar_bgt60tr13c_driver/bgt_sdk/sdk/c/ifxRadarDeviceCommon/RadarDeviceCommon.cpp:36:
/home/ubuntu/ros2_ws/src/radar_bgt60tr13c_driver/bgt_sdk/sdk/c/ifxBase/FunctionWrapper.hpp:34:10: fatal error: common/exception/EException.hpp: No such file or directory
   34 | #include <common/exception/EException.hpp>
      |          ^~~~~~~~~~~~~~~~~~~~~~~~~~~~~~~~~
compilation terminated.

[3/10] Building CXX object CMakeFiles/sdk_fmcw.dir/bgt_sdk/sdk/c/ifxFmcw/DeviceFmcwCWrapper.cpp.o[K
[31mFAILED: [0mCMakeFiles/sdk_fmcw.dir/bgt_sdk/sdk/c/ifxFmcw/DeviceFmcwCWrapper.cpp.o 
/usr/bin/c++ -Dsdk_fmcw_EXPORTS -I/home/ubuntu/ros2_ws/src/radar_bgt60tr13c_driver/bgt_sdk/sdk/c -I/home/ubuntu/ros2_ws/src/radar_bgt60tr13c_driver/bgt_sdk/external/lib_avian/include -fPIC -Wall -Wextra -Wpedantic -std=gnu++17 -MD -MT CMakeFiles/sdk_fmcw.dir/bgt_sdk/sdk/c/ifxFmcw/DeviceFmcwCWrapper.cpp.o -MF CMakeFiles/sdk_fmcw.dir/bgt_sdk/sdk/c/ifxFmcw/DeviceFmcwCWrapper.cpp.o.d -o CMakeFiles/sdk_fmcw.dir/bgt_sdk/sdk/c/ifxFmcw/DeviceFmcwCWrapper.cpp.o -c /home/ubuntu/ros2_ws/src/radar_bgt60tr13c_driver/bgt_sdk/sdk/c/ifxFmcw/DeviceFmcwCWrapper.cpp
In file included from /home/ubuntu/ros2_ws/src/radar_bgt60tr13c_driver/bgt_sdk/sdk/c/ifxRadarDeviceCommon/internal/RadarDeviceCommon.hpp:34,
                 from /home/ubuntu/ros2_ws/src/radar_bgt60tr13c_driver/bgt_sdk/sdk/c/ifxFmcw/avian/../DeviceFmcwBase.hpp:41,
                 from /home/ubuntu/ros2_ws/src/radar_bgt60tr13c_driver/bgt_sdk/sdk/c/ifxFmcw/avian/DeviceFmcwAvian.hpp:45,
                 from /home/ubuntu/ros2_ws/src/radar_bgt60tr13c_driver/bgt_sdk/sdk/c/ifxFmcw/DeviceFmcwCWrapper.cpp:36:
/home/ubuntu/ros2_ws/src/radar_bgt60tr13c_driver/bgt_sdk/sdk/c/ifxBase/FunctionWrapper.hpp:34:10: fatal error: common/exception/EException.hpp: No such file or directory
   34 | #include <common/exception/EException.hpp>
      |          ^~~~~~~~~~~~~~~~~~~~~~~~~~~~~~~~~
compilation terminated.

[4/10] Building CXX object CMakeFiles/sdk_fmcw.dir/bgt_sdk/sdk/c/ifxFmcw/DeviceFmcw.cpp.o[K
[31mFAILED: [0mCMakeFiles/sdk_fmcw.dir/bgt_sdk/sdk/c/ifxFmcw/DeviceFmcw.cpp.o 
/usr/bin/c++ -Dsdk_fmcw_EXPORTS -I/home/ubuntu/ros2_ws/src/radar_bgt60tr13c_driver/bgt_sdk/sdk/c -I/home/ubuntu/ros2_ws/src/radar_bgt60tr13c_driver/bgt_sdk/external/lib_avian/include -fPIC -Wall -Wextra -Wpedantic -std=gnu++17 -MD -MT CMakeFiles/sdk_fmcw.dir/bgt_sdk/sdk/c/ifxFmcw/DeviceFmcw.cpp.o -MF CMakeFiles/sdk_fmcw.dir/bgt_sdk/sdk/c/ifxFmcw/DeviceFmcw.cpp.o.d -o CMakeFiles/sdk_fmcw.dir/bgt_sdk/sdk/c/ifxFmcw/DeviceFmcw.cpp.o -c /home/ubuntu/ros2_ws/src/radar_bgt60tr13c_driver/bgt_sdk/sdk/c/ifxFmcw/DeviceFmcw.cpp
In file included from /home/ubuntu/ros2_ws/src/radar_bgt60tr13c_driver/bgt_sdk/sdk/c/ifxRadarDeviceCommon/internal/RadarDeviceCommon.hpp:34,
                 from /home/ubuntu/ros2_ws/src/radar_bgt60tr13c_driver/bgt_sdk/sdk/c/ifxFmcw/DeviceFmcw.cpp:31:
/home/ubuntu/ros2_ws/src/radar_bgt60tr13c_driver/bgt_sdk/sdk/c/ifxBase/FunctionWrapper.hpp:34:10: fatal error: common/exception/EException.hpp: No such file or directory
   34 | #include <common/exception/EException.hpp>
      |          ^~~~~~~~~~~~~~~~~~~~~~~~~~~~~~~~~
compilation terminated.

[5/10] Building CXX object CMakeFiles/sdk_fmcw.dir/bgt_sdk/sdk/c/ifxFmcw/avian/DeviceFmcwAvian.cpp.o[K
[31mFAILED: [0mCMakeFiles/sdk_fmcw.dir/bgt_sdk/sdk/c/ifxFmcw/avian/DeviceFmcwAvian.cpp.o 
/usr/bin/c++ -Dsdk_fmcw_EXPORTS -I/home/ubuntu/ros2_ws/src/radar_bgt60tr13c_driver/bgt_sdk/sdk/c -I/home/ubuntu/ros2_ws/src/radar_bgt60tr13c_driver/bgt_sdk/external/lib_avian/include -fPIC -Wall -Wextra -Wpedantic -std=gnu++17 -MD -MT CMakeFiles/sdk_fmcw.dir/bgt_sdk/sdk/c/ifxFmcw/avian/DeviceFmcwAvian.cpp.o -MF CMakeFiles/sdk_fmcw.dir/bgt_sdk/sdk/c/ifxFmcw/avian/DeviceFmcwAvian.cpp.o.d -o CMakeFiles/sdk_fmcw.dir/bgt_sdk/sdk/c/ifxFmcw/avian/DeviceFmcwAvian.cpp.o -c /home/ubuntu/ros2_ws/src/radar_bgt60tr13c_driver/bgt_sdk/sdk/c/ifxFmcw/avian/DeviceFmcwAvian.cpp
In file included from /home/ubuntu/ros2_ws/src/radar_bgt60tr13c_driver/bgt_sdk/sdk/c/ifxRadarDeviceCommon/internal/RadarDeviceCommon.hpp:34,
                 from /home/ubuntu/ros2_ws/src/radar_bgt60tr13c_driver/bgt_sdk/sdk/c/ifxFmcw/avian/../DeviceFmcwBase.hpp:41,
                 from /home/ubuntu/ros2_ws/src/radar_bgt60tr13c_driver/bgt_sdk/sdk/c/ifxFmcw/avian/DeviceFmcwAvian.hpp:45,
                 from /home/ubuntu/ros2_ws/src/radar_bgt60tr13c_driver/bgt_sdk/sdk/c/ifxFmcw/avian/DeviceFmcwAvian.cpp:36:
/home/ubuntu/ros2_ws/src/radar_bgt60tr13c_driver/bgt_sdk/sdk/c/ifxBase/FunctionWrapper.hpp:34:10: fatal error: common/exception/EException.hpp: No such file or directory
   34 | #include <common/exception/EException.hpp>
      |          ^~~~~~~~~~~~~~~~~~~~~~~~~~~~~~~~~
compilation terminated.

[6/10] Building CXX object CMakeFiles/sdk_avian.dir/bgt_sdk/sdk/c/ifxAvian/DeviceControl.cpp.o[K
[31mFAILED: [0mCMakeFiles/sdk_avian.dir/bgt_sdk/sdk/c/ifxAvian/DeviceControl.cpp.o 
/usr/bin/c++ -Dsdk_avian_EXPORTS -I/home/ubuntu/ros2_ws/src/radar_bgt60tr13c_driver/bgt_sdk/sdk/c -I/home/ubuntu/ros2_ws/src/radar_bgt60tr13c_driver/bgt_sdk/external/lib_avian/include -fPIC -Wall -Wextra -Wpedantic -std=gnu++17 -MD -MT CMakeFiles/sdk_avian.dir/bgt_sdk/sdk/c/ifxAvian/DeviceControl.cpp.o -MF CMakeFiles/sdk_avian.dir/bgt_sdk/sdk/c/ifxAvian/DeviceControl.cpp.o.d -o CMakeFiles/sdk_avian.dir/bgt_sdk/sdk/c/ifxAvian/DeviceControl.cpp.o -c /home/ubuntu/ros2_ws/src/radar_bgt60tr13c_driver/bgt_sdk/sdk/c/ifxAvian/DeviceControl.cpp
In file included from /home/ubuntu/ros2_ws/src/radar_bgt60tr13c_driver/bgt_sdk/sdk/c/ifxRadarDeviceCommon/internal/RadarDeviceCommon.hpp:34,
                 from /home/ubuntu/ros2_ws/src/radar_bgt60tr13c_driver/bgt_sdk/sdk/c/ifxFmcw/avian/../DeviceFmcwBase.hpp:41,
                 from /home/ubuntu/ros2_ws/src/radar_bgt60tr13c_driver/bgt_sdk/sdk/c/ifxFmcw/avian/DeviceFmcwAvian.hpp:45,
                 from /home/ubuntu/ros2_ws/src/radar_bgt60tr13c_driver/bgt_sdk/sdk/c/ifxAvian/DeviceControl.cpp:41:
/home/ubuntu/ros2_ws/src/radar_bgt60tr13c_driver/bgt_sdk/sdk/c/ifxBase/FunctionWrapper.hpp:34:10: fatal error: common/exception/EException.hpp: No such file or directory
   34 | #include <common/exception/EException.hpp>
      |          ^~~~~~~~~~~~~~~~~~~~~~~~~~~~~~~~~
compilation terminated.
ninja: build stopped: subcommand failed.
