[0.019s] Invoking command in '/home/ubuntu/ros2_ws/src/radar_bgt60tr13c_driver/build/radar_bgt60tr13c_driver': CMAKE_PREFIX_PATH=${CMAKE_PREFIX_PATH}:/home/ubuntu/turtlebot3_ws/install/turtlebot3_teleop:/home/ubuntu/turtlebot3_ws/install/turtlebot3_example:/opt/ros/humble /usr/bin/cmake --build /home/ubuntu/ros2_ws/src/radar_bgt60tr13c_driver/build/radar_bgt60tr13c_driver -- -j16 -l16
[0.044s] 
[0.045s] [0/10] Building CXX object CMakeFiles/sdk_radar_device_common.dir/bgt_sdk/sdk/c/ifxRadarDeviceCommon/RadarDeviceCommon.cpp.o[K
[0.045s] [0/10] Building CXX object CMakeFiles/sdk_fmcw.dir/bgt_sdk/sdk/c/ifxFmcw/DeviceFmcw.cpp.o[K
[0.045s] [0/10] Building CXX object CMakeFiles/sdk_fmcw.dir/bgt_sdk/sdk/c/ifxFmcw/DeviceFmcwBase.cpp.o[K
[0.046s] [0/10] Building CXX object CMakeFiles/sdk_fmcw.dir/bgt_sdk/sdk/c/ifxFmcw/DeviceFmcwCWrapper.cpp.o[K
[0.046s] [0/10] Building CXX object CMakeFiles/sdk_fmcw.dir/bgt_sdk/sdk/c/ifxFmcw/avian/DeviceFmcwAvian.cpp.o[K
[0.109s] [0/10] Building CXX object CMakeFiles/sdk_avian.dir/bgt_sdk/sdk/c/ifxAvian/DeviceControl.cpp.o[K
[0.110s] [1/10] Building CXX object CMakeFiles/sdk_fmcw.dir/bgt_sdk/sdk/c/ifxFmcw/DeviceFmcwBase.cpp.o[K
[0.110s] [31mFAILED: [0mCMakeFiles/sdk_fmcw.dir/bgt_sdk/sdk/c/ifxFmcw/DeviceFmcwBase.cpp.o 
[0.110s] /usr/bin/c++ -Dsdk_fmcw_EXPORTS -I/home/ubuntu/ros2_ws/src/radar_bgt60tr13c_driver/bgt_sdk/sdk/c -I/home/ubuntu/ros2_ws/src/radar_bgt60tr13c_driver/bgt_sdk/external/lib_avian/include -fPIC -Wall -Wextra -Wpedantic -std=gnu++17 -MD -MT CMakeFiles/sdk_fmcw.dir/bgt_sdk/sdk/c/ifxFmcw/DeviceFmcwBase.cpp.o -MF CMakeFiles/sdk_fmcw.dir/bgt_sdk/sdk/c/ifxFmcw/DeviceFmcwBase.cpp.o.d -o CMakeFiles/sdk_fmcw.dir/bgt_sdk/sdk/c/ifxFmcw/DeviceFmcwBase.cpp.o -c /home/ubuntu/ros2_ws/src/radar_bgt60tr13c_driver/bgt_sdk/sdk/c/ifxFmcw/DeviceFmcwBase.cpp
[0.110s] In file included from /home/ubuntu/ros2_ws/src/radar_bgt60tr13c_driver/bgt_sdk/sdk/c/ifxRadarDeviceCommon/internal/RadarDeviceCommon.hpp:34,
[0.110s]                  from /home/ubuntu/ros2_ws/src/radar_bgt60tr13c_driver/bgt_sdk/sdk/c/ifxFmcw/DeviceFmcwBase.hpp:41,
[0.110s]                  from /home/ubuntu/ros2_ws/src/radar_bgt60tr13c_driver/bgt_sdk/sdk/c/ifxFmcw/DeviceFmcwBase.cpp:36:
[0.110s] /home/ubuntu/ros2_ws/src/radar_bgt60tr13c_driver/bgt_sdk/sdk/c/ifxBase/FunctionWrapper.hpp:34:10: fatal error: common/exception/EException.hpp: No such file or directory
[0.110s]    34 | #include <common/exception/EException.hpp>
[0.110s]       |          ^~~~~~~~~~~~~~~~~~~~~~~~~~~~~~~~~
[0.110s] compilation terminated.
[0.110s] 
[0.110s] [2/10] Building CXX object CMakeFiles/sdk_radar_device_common.dir/bgt_sdk/sdk/c/ifxRadarDeviceCommon/RadarDeviceCommon.cpp.o[K
[0.110s] [31mFAILED: [0mCMakeFiles/sdk_radar_device_common.dir/bgt_sdk/sdk/c/ifxRadarDeviceCommon/RadarDeviceCommon.cpp.o 
[0.110s] /usr/bin/c++ -Dsdk_radar_device_common_EXPORTS -I/home/ubuntu/ros2_ws/src/radar_bgt60tr13c_driver/bgt_sdk/sdk/c -fPIC -Wall -Wextra -Wpedantic -std=gnu++17 -MD -MT CMakeFiles/sdk_radar_device_common.dir/bgt_sdk/sdk/c/ifxRadarDeviceCommon/RadarDeviceCommon.cpp.o -MF CMakeFiles/sdk_radar_device_common.dir/bgt_sdk/sdk/c/ifxRadarDeviceCommon/RadarDeviceCommon.cpp.o.d -o CMakeFiles/sdk_radar_device_common.dir/bgt_sdk/sdk/c/ifxRadarDeviceCommon/RadarDeviceCommon.cpp.o -c /home/ubuntu/ros2_ws/src/radar_bgt60tr13c_driver/bgt_sdk/sdk/c/ifxRadarDeviceCommon/RadarDeviceCommon.cpp
[0.111s] In file included from /home/ubuntu/ros2_ws/src/radar_bgt60tr13c_driver/bgt_sdk/sdk/c/ifxRadarDeviceCommon/internal/RadarDeviceCommon.hpp:34,
[0.111s]                  from /home/ubuntu/ros2_ws/src/radar_bgt60tr13c_driver/bgt_sdk/sdk/c/ifxRadarDeviceCommon/RadarDeviceCommon.cpp:36:
[0.111s] /home/ubuntu/ros2_ws/src/radar_bgt60tr13c_driver/bgt_sdk/sdk/c/ifxBase/FunctionWrapper.hpp:34:10: fatal error: common/exception/EException.hpp: No such file or directory
[0.111s]    34 | #include <common/exception/EException.hpp>
[0.111s]       |          ^~~~~~~~~~~~~~~~~~~~~~~~~~~~~~~~~
[0.111s] compilation terminated.
[0.114s] 
[0.114s] [3/10] Building CXX object CMakeFiles/sdk_fmcw.dir/bgt_sdk/sdk/c/ifxFmcw/DeviceFmcwCWrapper.cpp.o[K
[0.114s] [31mFAILED: [0mCMakeFiles/sdk_fmcw.dir/bgt_sdk/sdk/c/ifxFmcw/DeviceFmcwCWrapper.cpp.o 
[0.114s] /usr/bin/c++ -Dsdk_fmcw_EXPORTS -I/home/ubuntu/ros2_ws/src/radar_bgt60tr13c_driver/bgt_sdk/sdk/c -I/home/ubuntu/ros2_ws/src/radar_bgt60tr13c_driver/bgt_sdk/external/lib_avian/include -fPIC -Wall -Wextra -Wpedantic -std=gnu++17 -MD -MT CMakeFiles/sdk_fmcw.dir/bgt_sdk/sdk/c/ifxFmcw/DeviceFmcwCWrapper.cpp.o -MF CMakeFiles/sdk_fmcw.dir/bgt_sdk/sdk/c/ifxFmcw/DeviceFmcwCWrapper.cpp.o.d -o CMakeFiles/sdk_fmcw.dir/bgt_sdk/sdk/c/ifxFmcw/DeviceFmcwCWrapper.cpp.o -c /home/ubuntu/ros2_ws/src/radar_bgt60tr13c_driver/bgt_sdk/sdk/c/ifxFmcw/DeviceFmcwCWrapper.cpp
[0.114s] In file included from /home/ubuntu/ros2_ws/src/radar_bgt60tr13c_driver/bgt_sdk/sdk/c/ifxRadarDeviceCommon/internal/RadarDeviceCommon.hpp:34,
[0.114s]                  from /home/ubuntu/ros2_ws/src/radar_bgt60tr13c_driver/bgt_sdk/sdk/c/ifxFmcw/avian/../DeviceFmcwBase.hpp:41,
[0.114s]                  from /home/ubuntu/ros2_ws/src/radar_bgt60tr13c_driver/bgt_sdk/sdk/c/ifxFmcw/avian/DeviceFmcwAvian.hpp:45,
[0.114s]                  from /home/ubuntu/ros2_ws/src/radar_bgt60tr13c_driver/bgt_sdk/sdk/c/ifxFmcw/DeviceFmcwCWrapper.cpp:36:
[0.114s] /home/ubuntu/ros2_ws/src/radar_bgt60tr13c_driver/bgt_sdk/sdk/c/ifxBase/FunctionWrapper.hpp:34:10: fatal error: common/exception/EException.hpp: No such file or directory
[0.114s]    34 | #include <common/exception/EException.hpp>
[0.114s]       |          ^~~~~~~~~~~~~~~~~~~~~~~~~~~~~~~~~
[0.115s] compilation terminated.
[0.115s] 
[0.115s] [4/10] Building CXX object CMakeFiles/sdk_fmcw.dir/bgt_sdk/sdk/c/ifxFmcw/DeviceFmcw.cpp.o[K
[0.115s] [31mFAILED: [0mCMakeFiles/sdk_fmcw.dir/bgt_sdk/sdk/c/ifxFmcw/DeviceFmcw.cpp.o 
[0.115s] /usr/bin/c++ -Dsdk_fmcw_EXPORTS -I/home/ubuntu/ros2_ws/src/radar_bgt60tr13c_driver/bgt_sdk/sdk/c -I/home/ubuntu/ros2_ws/src/radar_bgt60tr13c_driver/bgt_sdk/external/lib_avian/include -fPIC -Wall -Wextra -Wpedantic -std=gnu++17 -MD -MT CMakeFiles/sdk_fmcw.dir/bgt_sdk/sdk/c/ifxFmcw/DeviceFmcw.cpp.o -MF CMakeFiles/sdk_fmcw.dir/bgt_sdk/sdk/c/ifxFmcw/DeviceFmcw.cpp.o.d -o CMakeFiles/sdk_fmcw.dir/bgt_sdk/sdk/c/ifxFmcw/DeviceFmcw.cpp.o -c /home/ubuntu/ros2_ws/src/radar_bgt60tr13c_driver/bgt_sdk/sdk/c/ifxFmcw/DeviceFmcw.cpp
[0.115s] In file included from /home/ubuntu/ros2_ws/src/radar_bgt60tr13c_driver/bgt_sdk/sdk/c/ifxRadarDeviceCommon/internal/RadarDeviceCommon.hpp:34,
[0.115s]                  from /home/ubuntu/ros2_ws/src/radar_bgt60tr13c_driver/bgt_sdk/sdk/c/ifxFmcw/DeviceFmcw.cpp:31:
[0.115s] /home/ubuntu/ros2_ws/src/radar_bgt60tr13c_driver/bgt_sdk/sdk/c/ifxBase/FunctionWrapper.hpp:34:10: fatal error: common/exception/EException.hpp: No such file or directory
[0.115s]    34 | #include <common/exception/EException.hpp>
[0.115s]       |          ^~~~~~~~~~~~~~~~~~~~~~~~~~~~~~~~~
[0.115s] compilation terminated.
[0.116s] 
[0.116s] [5/10] Building CXX object CMakeFiles/sdk_fmcw.dir/bgt_sdk/sdk/c/ifxFmcw/avian/DeviceFmcwAvian.cpp.o[K
[0.116s] [31mFAILED: [0mCMakeFiles/sdk_fmcw.dir/bgt_sdk/sdk/c/ifxFmcw/avian/DeviceFmcwAvian.cpp.o 
[0.116s] /usr/bin/c++ -Dsdk_fmcw_EXPORTS -I/home/ubuntu/ros2_ws/src/radar_bgt60tr13c_driver/bgt_sdk/sdk/c -I/home/ubuntu/ros2_ws/src/radar_bgt60tr13c_driver/bgt_sdk/external/lib_avian/include -fPIC -Wall -Wextra -Wpedantic -std=gnu++17 -MD -MT CMakeFiles/sdk_fmcw.dir/bgt_sdk/sdk/c/ifxFmcw/avian/DeviceFmcwAvian.cpp.o -MF CMakeFiles/sdk_fmcw.dir/bgt_sdk/sdk/c/ifxFmcw/avian/DeviceFmcwAvian.cpp.o.d -o CMakeFiles/sdk_fmcw.dir/bgt_sdk/sdk/c/ifxFmcw/avian/DeviceFmcwAvian.cpp.o -c /home/ubuntu/ros2_ws/src/radar_bgt60tr13c_driver/bgt_sdk/sdk/c/ifxFmcw/avian/DeviceFmcwAvian.cpp
[0.116s] In file included from /home/ubuntu/ros2_ws/src/radar_bgt60tr13c_driver/bgt_sdk/sdk/c/ifxRadarDeviceCommon/internal/RadarDeviceCommon.hpp:34,
[0.116s]                  from /home/ubuntu/ros2_ws/src/radar_bgt60tr13c_driver/bgt_sdk/sdk/c/ifxFmcw/avian/../DeviceFmcwBase.hpp:41,
[0.116s]                  from /home/ubuntu/ros2_ws/src/radar_bgt60tr13c_driver/bgt_sdk/sdk/c/ifxFmcw/avian/DeviceFmcwAvian.hpp:45,
[0.116s]                  from /home/ubuntu/ros2_ws/src/radar_bgt60tr13c_driver/bgt_sdk/sdk/c/ifxFmcw/avian/DeviceFmcwAvian.cpp:36:
[0.116s] /home/ubuntu/ros2_ws/src/radar_bgt60tr13c_driver/bgt_sdk/sdk/c/ifxBase/FunctionWrapper.hpp:34:10: fatal error: common/exception/EException.hpp: No such file or directory
[0.116s]    34 | #include <common/exception/EException.hpp>
[0.116s]       |          ^~~~~~~~~~~~~~~~~~~~~~~~~~~~~~~~~
[0.116s] compilation terminated.
[0.125s] 
[0.125s] [6/10] Building CXX object CMakeFiles/sdk_avian.dir/bgt_sdk/sdk/c/ifxAvian/DeviceControl.cpp.o[K
[0.125s] [31mFAILED: [0mCMakeFiles/sdk_avian.dir/bgt_sdk/sdk/c/ifxAvian/DeviceControl.cpp.o 
[0.125s] /usr/bin/c++ -Dsdk_avian_EXPORTS -I/home/ubuntu/ros2_ws/src/radar_bgt60tr13c_driver/bgt_sdk/sdk/c -I/home/ubuntu/ros2_ws/src/radar_bgt60tr13c_driver/bgt_sdk/external/lib_avian/include -fPIC -Wall -Wextra -Wpedantic -std=gnu++17 -MD -MT CMakeFiles/sdk_avian.dir/bgt_sdk/sdk/c/ifxAvian/DeviceControl.cpp.o -MF CMakeFiles/sdk_avian.dir/bgt_sdk/sdk/c/ifxAvian/DeviceControl.cpp.o.d -o CMakeFiles/sdk_avian.dir/bgt_sdk/sdk/c/ifxAvian/DeviceControl.cpp.o -c /home/ubuntu/ros2_ws/src/radar_bgt60tr13c_driver/bgt_sdk/sdk/c/ifxAvian/DeviceControl.cpp
[0.125s] In file included from /home/ubuntu/ros2_ws/src/radar_bgt60tr13c_driver/bgt_sdk/sdk/c/ifxRadarDeviceCommon/internal/RadarDeviceCommon.hpp:34,
[0.125s]                  from /home/ubuntu/ros2_ws/src/radar_bgt60tr13c_driver/bgt_sdk/sdk/c/ifxFmcw/avian/../DeviceFmcwBase.hpp:41,
[0.125s]                  from /home/ubuntu/ros2_ws/src/radar_bgt60tr13c_driver/bgt_sdk/sdk/c/ifxFmcw/avian/DeviceFmcwAvian.hpp:45,
[0.125s]                  from /home/ubuntu/ros2_ws/src/radar_bgt60tr13c_driver/bgt_sdk/sdk/c/ifxAvian/DeviceControl.cpp:41:
[0.126s] /home/ubuntu/ros2_ws/src/radar_bgt60tr13c_driver/bgt_sdk/sdk/c/ifxBase/FunctionWrapper.hpp:34:10: fatal error: common/exception/EException.hpp: No such file or directory
[0.126s]    34 | #include <common/exception/EException.hpp>
[0.126s]       |          ^~~~~~~~~~~~~~~~~~~~~~~~~~~~~~~~~
[0.126s] compilation terminated.
[0.126s] ninja: build stopped: subcommand failed.
[0.129s] Invoked command in '/home/ubuntu/ros2_ws/src/radar_bgt60tr13c_driver/build/radar_bgt60tr13c_driver' returned '1': CMAKE_PREFIX_PATH=${CMAKE_PREFIX_PATH}:/home/ubuntu/turtlebot3_ws/install/turtlebot3_teleop:/home/ubuntu/turtlebot3_ws/install/turtlebot3_example:/opt/ros/humble /usr/bin/cmake --build /home/ubuntu/ros2_ws/src/radar_bgt60tr13c_driver/build/radar_bgt60tr13c_driver -- -j16 -l16
