[01m[K/home/ubuntu/ros2_ws/src/radar_bgt60tr13c_driver/src/radar_node.cpp:[m[K In member function â€˜[01m[Kvoid RadarPublisherNode::publish_fft_data()[m[Kâ€™:
[01m[K/home/ubuntu/ros2_ws/src/radar_bgt60tr13c_driver/src/radar_node.cpp:303:13:[m[K [01;31m[Kerror: [m[Kâ€˜[01m[Kstruct std_msgs::msg::Float32MultiArray_<std::allocator<void> >[m[Kâ€™ has no member named â€˜[01m[Kheader[m[Kâ€™
  303 |         msg.[01;31m[Kheader[m[K.stamp = now();
      |             [01;31m[K^~~~~~[m[K
gmake[2]: *** [CMakeFiles/radar_publisher_node.dir/build.make:76: CMakeFiles/radar_publisher_node.dir/src/radar_node.cpp.o] Error 1
gmake[1]: *** [CMakeFiles/Makefile2:137: CMakeFiles/radar_publisher_node.dir/all] Error 2
gmake: *** [Makefile:146: all] Error 2
