[0.000000] (-) TimerEvent: {}
[0.000261] (radar_bgt60tr13c_driver) JobQueued: {'identifier': 'radar_bgt60tr13c_driver', 'dependencies': OrderedDict()}
[0.000280] (radar_bgt60tr13c_driver) JobStarted: {'identifier': 'radar_bgt60tr13c_driver'}
[0.016993] (radar_bgt60tr13c_driver) JobProgress: {'identifier': 'radar_bgt60tr13c_driver', 'progress': 'cmake'}
[0.017896] (radar_bgt60tr13c_driver) JobProgress: {'identifier': 'radar_bgt60tr13c_driver', 'progress': 'build'}
[0.017940] (radar_bgt60tr13c_driver) Command: {'cmd': ['/usr/bin/cmake', '--build', '/home/ubuntu/ros2_ws/src/radar_bgt60tr13c_driver/build/radar_bgt60tr13c_driver', '--', '-j16', '-l16'], 'cwd': '/home/ubuntu/ros2_ws/src/radar_bgt60tr13c_driver/build/radar_bgt60tr13c_driver', 'env': OrderedDict([('GJS_DEBUG_TOPICS', 'JS ERROR;JS LOG'), ('LESSOPEN', '| /usr/bin/lesspipe %s'), ('USER', 'ubuntu'), ('LC_TIME', 'lv_LV.UTF-8'), ('XDG_SESSION_TYPE', 'x11'), ('GIT_ASKPASS', '/tmp/.mount_cursor19zg2x/usr/share/cursor/resources/app/extensions/git/dist/askpass.sh'), ('SHLVL', '1'), ('LD_LIBRARY_PATH', '/home/ubuntu/turtlebot3_ws/install/multirobot_map_merge/lib:/home/ubuntu/turtlebot3_ws/install/dynamixel_sdk_custom_interfaces/lib:/home/ubuntu/turtlebot3_ws/install/dynamixel_sdk/lib:/tmp/.mount_cursor19zg2x/usr/lib/:/tmp/.mount_cursor19zg2x/usr/lib32/:/tmp/.mount_cursor19zg2x/usr/lib64/:/tmp/.mount_cursor19zg2x/lib/:/tmp/.mount_cursor19zg2x/lib/i386-linux-gnu/:/tmp/.mount_cursor19zg2x/lib/x86_64-linux-gnu/:/tmp/.mount_cursor19zg2x/lib/aarch64-linux-gnu/:/tmp/.mount_cursor19zg2x/lib32/:/tmp/.mount_cursor19zg2x/lib64/:/tmp/.mount_cursorrEY9rZ/usr/lib/:/tmp/.mount_cursorrEY9rZ/usr/lib32/:/tmp/.mount_cursorrEY9rZ/usr/lib64/:/tmp/.mount_cursorrEY9rZ/lib/:/tmp/.mount_cursorrEY9rZ/lib/i386-linux-gnu/:/tmp/.mount_cursorrEY9rZ/lib/x86_64-linux-gnu/:/tmp/.mount_cursorrEY9rZ/lib/aarch64-linux-gnu/:/tmp/.mount_cursorrEY9rZ/lib32/:/tmp/.mount_cursorrEY9rZ/lib64/:/usr/lib/x86_64-linux-gnu/gazebo-11/plugins:/opt/ros/humble/opt/rviz_ogre_vendor/lib:/opt/ros/humble/lib/x86_64-linux-gnu:/opt/ros/humble/lib:/usr/lib/x86_64-linux-gnu/gazebo-11/plugins::/usr/lib/x86_64-linux-gnu/gazebo-11/plugins:/usr/lib/x86_64-linux-gnu/gazebo-11/plugins:'), ('HOME', '/home/ubuntu'), ('CHROME_DESKTOP', 'cursor.desktop'), ('APPDIR', '/tmp/.mount_cursor19zg2x'), ('TERM_PROGRAM_VERSION', '0.50.5'), ('DESKTOP_SESSION', 'ubuntu'), ('PERLLIB', '/tmp/.mount_cursor19zg2x/usr/share/perl5/:/tmp/.mount_cursor19zg2x/usr/lib/perl5/:/tmp/.mount_cursorrEY9rZ/usr/share/perl5/:/tmp/.mount_cursorrEY9rZ/usr/lib/perl5/:'), ('GIO_LAUNCHED_DESKTOP_FILE', '/usr/share/applications/cursor.desktop'), ('GAZEBO_MASTER_URI', 'http://localhost:11345'), ('ROS_PYTHON_VERSION', '3'), ('GNOME_SHELL_SESSION_MODE', 'ubuntu'), ('GTK_MODULES', 'gail:atk-bridge'), ('VSCODE_GIT_ASKPASS_MAIN', '/tmp/.mount_cursor19zg2x/usr/share/cursor/resources/app/extensions/git/dist/askpass-main.js'), ('LC_MONETARY', 'lv_LV.UTF-8'), ('VSCODE_GIT_ASKPASS_NODE', '/tmp/.mount_cursor19zg2x/usr/share/cursor/cursor'), ('MANAGERPID', '1207'), ('SYSTEMD_EXEC_PID', '1847'), ('DBUS_SESSION_BUS_ADDRESS', 'unix:path=/run/user/1000/bus'), ('COLORTERM', 'truecolor'), ('GIO_LAUNCHED_DESKTOP_FILE_PID', '17574'), ('COLCON_PREFIX_PATH', '/home/ubuntu/turtlebot3_ws/install'), ('ROS_DISTRO', 'humble'), ('GTK_IM_MODULE', 'ibus'), ('LOGNAME', 'ubuntu'), ('OWD', '/home/ubuntu'), ('JOURNAL_STREAM', '8:6851'), ('_', '/usr/bin/colcon'), ('ROS_VERSION', '2'), ('XDG_SESSION_CLASS', 'user'), ('USERNAME', 'ubuntu'), ('TERM', 'xterm-256color'), ('GAZEBO_MODEL_PATH', '/usr/share/gazebo-11/models:/usr/share/gazebo-11/models:'), ('GNOME_DESKTOP_SESSION_ID', 'this-is-deprecated'), ('ROS_LOCALHOST_ONLY', '0'), ('WINDOWPATH', '2'), ('OGRE_RESOURCE_PATH', '/usr/lib/x86_64-linux-gnu/OGRE-1.9.0'), ('PATH', '/home/ubuntu/.local/bin:/tmp/.mount_cursor19zg2x/usr/bin/:/tmp/.mount_cursor19zg2x/usr/sbin/:/tmp/.mount_cursor19zg2x/usr/games/:/tmp/.mount_cursor19zg2x/bin/:/tmp/.mount_cursor19zg2x/sbin/:/tmp/.mount_cursorrEY9rZ/usr/bin/:/tmp/.mount_cursorrEY9rZ/usr/sbin/:/tmp/.mount_cursorrEY9rZ/usr/games/:/tmp/.mount_cursorrEY9rZ/bin/:/tmp/.mount_cursorrEY9rZ/sbin/:/home/ubuntu/.local/bin:/opt/ros/humble/bin:/usr/local/sbin:/usr/local/bin:/usr/sbin:/usr/bin:/sbin:/bin:/usr/games:/usr/local/games:/snap/bin:/snap/bin'), ('SESSION_MANAGER', 'local/ubuntuSaturn:@/tmp/.ICE-unix/1818,unix/ubuntuSaturn:/tmp/.ICE-unix/1818'), ('INVOCATION_ID', 'c9b36499de3d46c28e56cf8e51eaf88f'), ('APPIMAGE', '/opt/cursor.AppImage'), ('XDG_MENU_PREFIX', 'gnome-'), ('LC_ADDRESS', 'lv_LV.UTF-8'), ('XDG_RUNTIME_DIR', '/run/user/1000'), ('GDK_BACKEND', 'x11'), ('DISPLAY', ':0'), ('LANG', 'en_US.UTF-8'), ('XDG_CURRENT_DESKTOP', 'Unity'), ('LC_TELEPHONE', 'lv_LV.UTF-8'), ('XMODIFIERS', '@im=ibus'), ('XDG_SESSION_DESKTOP', 'ubuntu'), ('XAUTHORITY', '/run/user/1000/gdm/Xauthority'), ('LS_COLORS', 'rs=0:di=01;34:ln=01;36:mh=00:pi=40;33:so=01;35:do=01;35:bd=40;33;01:cd=40;33;01:or=40;31;01:mi=00:su=37;41:sg=30;43:ca=30;41:tw=30;42:ow=34;42:st=37;44:ex=01;32:*.tar=01;31:*.tgz=01;31:*.arc=01;31:*.arj=01;31:*.taz=01;31:*.lha=01;31:*.lz4=01;31:*.lzh=01;31:*.lzma=01;31:*.tlz=01;31:*.txz=01;31:*.tzo=01;31:*.t7z=01;31:*.zip=01;31:*.z=01;31:*.dz=01;31:*.gz=01;31:*.lrz=01;31:*.lz=01;31:*.lzo=01;31:*.xz=01;31:*.zst=01;31:*.tzst=01;31:*.bz2=01;31:*.bz=01;31:*.tbz=01;31:*.tbz2=01;31:*.tz=01;31:*.deb=01;31:*.rpm=01;31:*.jar=01;31:*.war=01;31:*.ear=01;31:*.sar=01;31:*.rar=01;31:*.alz=01;31:*.ace=01;31:*.zoo=01;31:*.cpio=01;31:*.7z=01;31:*.rz=01;31:*.cab=01;31:*.wim=01;31:*.swm=01;31:*.dwm=01;31:*.esd=01;31:*.jpg=01;35:*.jpeg=01;35:*.mjpg=01;35:*.mjpeg=01;35:*.gif=01;35:*.bmp=01;35:*.pbm=01;35:*.pgm=01;35:*.ppm=01;35:*.tga=01;35:*.xbm=01;35:*.xpm=01;35:*.tif=01;35:*.tiff=01;35:*.png=01;35:*.svg=01;35:*.svgz=01;35:*.mng=01;35:*.pcx=01;35:*.mov=01;35:*.mpg=01;35:*.mpeg=01;35:*.m2v=01;35:*.mkv=01;35:*.webm=01;35:*.webp=01;35:*.ogm=01;35:*.mp4=01;35:*.m4v=01;35:*.mp4v=01;35:*.vob=01;35:*.qt=01;35:*.nuv=01;35:*.wmv=01;35:*.asf=01;35:*.rm=01;35:*.rmvb=01;35:*.flc=01;35:*.avi=01;35:*.fli=01;35:*.flv=01;35:*.gl=01;35:*.dl=01;35:*.xcf=01;35:*.xwd=01;35:*.yuv=01;35:*.cgm=01;35:*.emf=01;35:*.ogv=01;35:*.ogx=01;35:*.aac=00;36:*.au=00;36:*.flac=00;36:*.m4a=00;36:*.mid=00;36:*.midi=00;36:*.mka=00;36:*.mp3=00;36:*.mpc=00;36:*.ogg=00;36:*.ra=00;36:*.wav=00;36:*.oga=00;36:*.opus=00;36:*.spx=00;36:*.xspf=00;36:'), ('VSCODE_GIT_IPC_HANDLE', '/run/user/1000/vscode-git-fe97360b48.sock'), ('TERM_PROGRAM', 'vscode'), ('CURSOR_TRACE_ID', '3818f15b051840bdb4d85342d3aff94d'), ('SSH_AGENT_LAUNCHER', 'gnome-keyring'), ('SSH_AUTH_SOCK', '/run/user/1000/keyring/ssh'), ('GSETTINGS_SCHEMA_DIR', '/tmp/.mount_cursor19zg2x/usr/share/glib-2.0/schemas/:/tmp/.mount_cursorrEY9rZ/usr/share/glib-2.0/schemas/:'), ('ROS_DOMAIN_ID', '42'), ('AMENT_PREFIX_PATH', '/home/ubuntu/turtlebot3_ws/install/turtlebot3:/home/ubuntu/turtlebot3_ws/install/turtlebot3_teleop:/home/ubuntu/turtlebot3_ws/install/turtlebot3_simulations:/home/ubuntu/turtlebot3_ws/install/turtlebot3_bringup:/home/ubuntu/turtlebot3_ws/install/turtlebot3_node:/home/ubuntu/turtlebot3_ws/install/turtlebot3_navigation2:/home/ubuntu/turtlebot3_ws/install/turtlebot3_gazebo:/home/ubuntu/turtlebot3_ws/install/turtlebot3_fake_node:/home/ubuntu/turtlebot3_ws/install/turtlebot3_example:/home/ubuntu/turtlebot3_ws/install/turtlebot3_description:/home/ubuntu/turtlebot3_ws/install/turtlebot3_cartographer:/home/ubuntu/turtlebot3_ws/install/multirobot_map_merge:/home/ubuntu/turtlebot3_ws/install/explore_lite:/home/ubuntu/turtlebot3_ws/install/dynamixel_sdk_examples:/home/ubuntu/turtlebot3_ws/install/dynamixel_sdk_custom_interfaces:/home/ubuntu/turtlebot3_ws/install/dynamixel_sdk:/opt/ros/humble'), ('ORIGINAL_XDG_CURRENT_DESKTOP', 'Unity'), ('SHELL', '/bin/bash'), ('LC_NAME', 'lv_LV.UTF-8'), ('ARGV0', '/opt/cursor.AppImage'), ('QT_ACCESSIBILITY', '1'), ('GDMSESSION', 'ubuntu'), ('LESSCLOSE', '/usr/bin/lesspipe %s %s'), ('LC_MEASUREMENT', 'lv_LV.UTF-8'), ('GPG_AGENT_INFO', '/run/user/1000/gnupg/S.gpg-agent:0:1'), ('GAZEBO_RESOURCE_PATH', '/usr/share/gazebo-11:/usr/share/gazebo-11:'), ('GJS_DEBUG_OUTPUT', 'stderr'), ('LC_IDENTIFICATION', 'lv_LV.UTF-8'), ('GAZEBO_MODEL_DATABASE_URI', 'http://models.gazebosim.org'), ('VSCODE_GIT_ASKPASS_EXTRA_ARGS', ''), ('QT_IM_MODULE', 'ibus'), ('PWD', '/home/ubuntu/ros2_ws/src/radar_bgt60tr13c_driver/build/radar_bgt60tr13c_driver'), ('LC_ALL', 'en_US.UTF-8'), ('XDG_CONFIG_DIRS', '/etc/xdg/xdg-ubuntu:/etc/xdg'), ('GAZEBO_PLUGIN_PATH', '/usr/lib/x86_64-linux-gnu/gazebo-11/plugins:/usr/lib/x86_64-linux-gnu/gazebo-11/plugins:'), ('XDG_DATA_DIRS', '/tmp/.mount_cursor19zg2x/usr/share/:/usr/local/share:/usr/share:/tmp/.mount_cursorrEY9rZ/usr/share/:/usr/local/share:/usr/share:/usr/share/ubuntu:/usr/share/gnome:/usr/local/share/:/usr/share/:/var/lib/snapd/desktop'), ('PYTHONPATH', '/home/ubuntu/turtlebot3_ws/install/turtlebot3_teleop/lib/python3.10/site-packages:/home/ubuntu/turtlebot3_ws/install/turtlebot3_example/lib/python3.10/site-packages:/home/ubuntu/turtlebot3_ws/install/dynamixel_sdk_custom_interfaces/local/lib/python3.10/dist-packages:/home/ubuntu/turtlebot3_ws/install/dynamixel_sdk/local/lib/python3.10/dist-packages:/opt/ros/humble/lib/python3.10/site-packages:/opt/ros/humble/local/lib/python3.10/dist-packages'), ('LC_NUMERIC', 'lv_LV.UTF-8'), ('LC_PAPER', 'lv_LV.UTF-8'), ('QT_PLUGIN_PATH', '/tmp/.mount_cursor19zg2x/usr/lib/qt4/plugins/:/tmp/.mount_cursor19zg2x/usr/lib/i386-linux-gnu/qt4/plugins/:/tmp/.mount_cursor19zg2x/usr/lib/x86_64-linux-gnu/qt4/plugins/:/tmp/.mount_cursor19zg2x/usr/lib/aarch64-linux-gnu/qt4/plugins/:/tmp/.mount_cursor19zg2x/usr/lib32/qt4/plugins/:/tmp/.mount_cursor19zg2x/usr/lib64/qt4/plugins/:/tmp/.mount_cursor19zg2x/usr/lib/qt5/plugins/:/tmp/.mount_cursor19zg2x/usr/lib/i386-linux-gnu/qt5/plugins/:/tmp/.mount_cursor19zg2x/usr/lib/x86_64-linux-gnu/qt5/plugins/:/tmp/.mount_cursor19zg2x/usr/lib/aarch64-linux-gnu/qt5/plugins/:/tmp/.mount_cursor19zg2x/usr/lib32/qt5/plugins/:/tmp/.mount_cursor19zg2x/usr/lib64/qt5/plugins/:/tmp/.mount_cursorrEY9rZ/usr/lib/qt4/plugins/:/tmp/.mount_cursorrEY9rZ/usr/lib/i386-linux-gnu/qt4/plugins/:/tmp/.mount_cursorrEY9rZ/usr/lib/x86_64-linux-gnu/qt4/plugins/:/tmp/.mount_cursorrEY9rZ/usr/lib/aarch64-linux-gnu/qt4/plugins/:/tmp/.mount_cursorrEY9rZ/usr/lib32/qt4/plugins/:/tmp/.mount_cursorrEY9rZ/usr/lib64/qt4/plugins/:/tmp/.mount_cursorrEY9rZ/usr/lib/qt5/plugins/:/tmp/.mount_cursorrEY9rZ/usr/lib/i386-linux-gnu/qt5/plugins/:/tmp/.mount_cursorrEY9rZ/usr/lib/x86_64-linux-gnu/qt5/plugins/:/tmp/.mount_cursorrEY9rZ/usr/lib/aarch64-linux-gnu/qt5/plugins/:/tmp/.mount_cursorrEY9rZ/usr/lib32/qt5/plugins/:/tmp/.mount_cursorrEY9rZ/usr/lib64/qt5/plugins/:'), ('COLCON', '1'), ('CMAKE_PREFIX_PATH', '/home/ubuntu/turtlebot3_ws/install/turtlebot3:/home/ubuntu/turtlebot3_ws/install/turtlebot3_simulations:/home/ubuntu/turtlebot3_ws/install/turtlebot3_bringup:/home/ubuntu/turtlebot3_ws/install/turtlebot3_node:/home/ubuntu/turtlebot3_ws/install/turtlebot3_navigation2:/home/ubuntu/turtlebot3_ws/install/turtlebot3_gazebo:/home/ubuntu/turtlebot3_ws/install/turtlebot3_fake_node:/home/ubuntu/turtlebot3_ws/install/turtlebot3_description:/home/ubuntu/turtlebot3_ws/install/turtlebot3_cartographer:/home/ubuntu/turtlebot3_ws/install/multirobot_map_merge:/home/ubuntu/turtlebot3_ws/install/explore_lite:/home/ubuntu/turtlebot3_ws/install/dynamixel_sdk_examples:/home/ubuntu/turtlebot3_ws/install/dynamixel_sdk_custom_interfaces:/home/ubuntu/turtlebot3_ws/install/dynamixel_sdk:/home/ubuntu/turtlebot3_ws/install/turtlebot3_teleop:/home/ubuntu/turtlebot3_ws/install/turtlebot3_example:/opt/ros/humble')]), 'shell': False}
[0.042787] (radar_bgt60tr13c_driver) StdoutLine: {'line': b'\n'}
[0.043097] (radar_bgt60tr13c_driver) StdoutLine: {'line': b'[0/11] Building CXX object CMakeFiles/sdk_radar_device_common.dir/bgt_sdk/sdk/c/ifxRadarDeviceCommon/RadarDeviceCommon.cpp.o\x1b[K\n'}
[0.043339] (radar_bgt60tr13c_driver) StdoutLine: {'line': b'[0/11] Building CXX object CMakeFiles/sdk_fmcw.dir/bgt_sdk/sdk/c/ifxFmcw/DeviceFmcw.cpp.o\x1b[K\n'}
[0.043451] (radar_bgt60tr13c_driver) StdoutLine: {'line': b'[0/11] Building CXX object CMakeFiles/sdk_fmcw.dir/bgt_sdk/sdk/c/ifxFmcw/DeviceFmcwBase.cpp.o\x1b[K\n'}
[0.043532] (radar_bgt60tr13c_driver) StdoutLine: {'line': b'[0/11] Building CXX object CMakeFiles/sdk_fmcw.dir/bgt_sdk/sdk/c/ifxFmcw/DeviceFmcwCWrapper.cpp.o\x1b[K\n'}
[0.043644] (radar_bgt60tr13c_driver) StdoutLine: {'line': b'[0/11] Building CXX object CMakeFiles/sdk_fmcw.dir/bgt_sdk/sdk/c/ifxFmcw/avian/DeviceFmcwAvian.cpp.o\x1b[K\n'}
[0.043836] (radar_bgt60tr13c_driver) StdoutLine: {'line': b'[0/11] Building CXX object CMakeFiles/sdk_avian.dir/bgt_sdk/sdk/c/ifxAvian/DeviceControl.cpp.o\x1b[K\n'}
[0.099341] (-) TimerEvent: {}
[0.102833] (radar_bgt60tr13c_driver) StdoutLine: {'line': b'[0/11] Building CXX object CMakeFiles/radar_publisher_node.dir/src/radar_node.cpp.o\x1b[K\n'}
[0.103008] (radar_bgt60tr13c_driver) StdoutLine: {'line': b'[1/11] Building CXX object CMakeFiles/sdk_fmcw.dir/bgt_sdk/sdk/c/ifxFmcw/DeviceFmcwBase.cpp.o\x1b[K\n'}
[0.103062] (radar_bgt60tr13c_driver) StdoutLine: {'line': b'\x1b[31mFAILED: \x1b[0mCMakeFiles/sdk_fmcw.dir/bgt_sdk/sdk/c/ifxFmcw/DeviceFmcwBase.cpp.o \n'}
[0.103105] (radar_bgt60tr13c_driver) StdoutLine: {'line': b'/usr/bin/c++ -Dsdk_fmcw_EXPORTS -I/home/ubuntu/ros2_ws/src/radar_bgt60tr13c_driver/bgt_sdk/sdk/c -I/home/ubuntu/ros2_ws/src/radar_bgt60tr13c_driver/bgt_sdk/external/lib_avian/include -fPIC -Wall -Wextra -Wpedantic -std=gnu++17 -MD -MT CMakeFiles/sdk_fmcw.dir/bgt_sdk/sdk/c/ifxFmcw/DeviceFmcwBase.cpp.o -MF CMakeFiles/sdk_fmcw.dir/bgt_sdk/sdk/c/ifxFmcw/DeviceFmcwBase.cpp.o.d -o CMakeFiles/sdk_fmcw.dir/bgt_sdk/sdk/c/ifxFmcw/DeviceFmcwBase.cpp.o -c /home/ubuntu/ros2_ws/src/radar_bgt60tr13c_driver/bgt_sdk/sdk/c/ifxFmcw/DeviceFmcwBase.cpp\n'}
[0.103153] (radar_bgt60tr13c_driver) StdoutLine: {'line': b'In file included from /home/ubuntu/ros2_ws/src/radar_bgt60tr13c_driver/bgt_sdk/sdk/c/ifxRadarDeviceCommon/internal/RadarDeviceCommon.hpp:34,\n'}
[0.103192] (radar_bgt60tr13c_driver) StdoutLine: {'line': b'                 from /home/ubuntu/ros2_ws/src/radar_bgt60tr13c_driver/bgt_sdk/sdk/c/ifxFmcw/DeviceFmcwBase.hpp:41,\n'}
[0.103231] (radar_bgt60tr13c_driver) StdoutLine: {'line': b'                 from /home/ubuntu/ros2_ws/src/radar_bgt60tr13c_driver/bgt_sdk/sdk/c/ifxFmcw/DeviceFmcwBase.cpp:36:\n'}
[0.103269] (radar_bgt60tr13c_driver) StdoutLine: {'line': b'/home/ubuntu/ros2_ws/src/radar_bgt60tr13c_driver/bgt_sdk/sdk/c/ifxBase/FunctionWrapper.hpp:34:10: fatal error: common/exception/EException.hpp: No such file or directory\n'}
[0.103309] (radar_bgt60tr13c_driver) StdoutLine: {'line': b'   34 | #include <common/exception/EException.hpp>\n'}
[0.103350] (radar_bgt60tr13c_driver) StdoutLine: {'line': b'      |          ^~~~~~~~~~~~~~~~~~~~~~~~~~~~~~~~~\n'}
[0.103389] (radar_bgt60tr13c_driver) StdoutLine: {'line': b'compilation terminated.\n'}
[0.109418] (radar_bgt60tr13c_driver) StdoutLine: {'line': b'\n'}
[0.109591] (radar_bgt60tr13c_driver) StdoutLine: {'line': b'[2/11] Building CXX object CMakeFiles/sdk_radar_device_common.dir/bgt_sdk/sdk/c/ifxRadarDeviceCommon/RadarDeviceCommon.cpp.o\x1b[K\n'}
[0.109655] (radar_bgt60tr13c_driver) StdoutLine: {'line': b'\x1b[31mFAILED: \x1b[0mCMakeFiles/sdk_radar_device_common.dir/bgt_sdk/sdk/c/ifxRadarDeviceCommon/RadarDeviceCommon.cpp.o \n'}
[0.109700] (radar_bgt60tr13c_driver) StdoutLine: {'line': b'/usr/bin/c++ -Dsdk_radar_device_common_EXPORTS -I/home/ubuntu/ros2_ws/src/radar_bgt60tr13c_driver/bgt_sdk/sdk/c -fPIC -Wall -Wextra -Wpedantic -std=gnu++17 -MD -MT CMakeFiles/sdk_radar_device_common.dir/bgt_sdk/sdk/c/ifxRadarDeviceCommon/RadarDeviceCommon.cpp.o -MF CMakeFiles/sdk_radar_device_common.dir/bgt_sdk/sdk/c/ifxRadarDeviceCommon/RadarDeviceCommon.cpp.o.d -o CMakeFiles/sdk_radar_device_common.dir/bgt_sdk/sdk/c/ifxRadarDeviceCommon/RadarDeviceCommon.cpp.o -c /home/ubuntu/ros2_ws/src/radar_bgt60tr13c_driver/bgt_sdk/sdk/c/ifxRadarDeviceCommon/RadarDeviceCommon.cpp\n'}
[0.109745] (radar_bgt60tr13c_driver) StdoutLine: {'line': b'In file included from /home/ubuntu/ros2_ws/src/radar_bgt60tr13c_driver/bgt_sdk/sdk/c/ifxRadarDeviceCommon/internal/RadarDeviceCommon.hpp:34,\n'}
[0.109785] (radar_bgt60tr13c_driver) StdoutLine: {'line': b'                 from /home/ubuntu/ros2_ws/src/radar_bgt60tr13c_driver/bgt_sdk/sdk/c/ifxRadarDeviceCommon/RadarDeviceCommon.cpp:36:\n'}
[0.109831] (radar_bgt60tr13c_driver) StdoutLine: {'line': b'/home/ubuntu/ros2_ws/src/radar_bgt60tr13c_driver/bgt_sdk/sdk/c/ifxBase/FunctionWrapper.hpp:34:10: fatal error: common/exception/EException.hpp: No such file or directory\n'}
[0.109871] (radar_bgt60tr13c_driver) StdoutLine: {'line': b'   34 | #include <common/exception/EException.hpp>\n'}
[0.109909] (radar_bgt60tr13c_driver) StdoutLine: {'line': b'      |          ^~~~~~~~~~~~~~~~~~~~~~~~~~~~~~~~~\n'}
[0.109948] (radar_bgt60tr13c_driver) StdoutLine: {'line': b'compilation terminated.\n'}
[0.110305] (radar_bgt60tr13c_driver) StdoutLine: {'line': b'\n'}
[0.110383] (radar_bgt60tr13c_driver) StdoutLine: {'line': b'[3/11] Building CXX object CMakeFiles/sdk_fmcw.dir/bgt_sdk/sdk/c/ifxFmcw/DeviceFmcw.cpp.o\x1b[K\n'}
[0.110432] (radar_bgt60tr13c_driver) StdoutLine: {'line': b'\x1b[31mFAILED: \x1b[0mCMakeFiles/sdk_fmcw.dir/bgt_sdk/sdk/c/ifxFmcw/DeviceFmcw.cpp.o \n'}
[0.110488] (radar_bgt60tr13c_driver) StdoutLine: {'line': b'/usr/bin/c++ -Dsdk_fmcw_EXPORTS -I/home/ubuntu/ros2_ws/src/radar_bgt60tr13c_driver/bgt_sdk/sdk/c -I/home/ubuntu/ros2_ws/src/radar_bgt60tr13c_driver/bgt_sdk/external/lib_avian/include -fPIC -Wall -Wextra -Wpedantic -std=gnu++17 -MD -MT CMakeFiles/sdk_fmcw.dir/bgt_sdk/sdk/c/ifxFmcw/DeviceFmcw.cpp.o -MF CMakeFiles/sdk_fmcw.dir/bgt_sdk/sdk/c/ifxFmcw/DeviceFmcw.cpp.o.d -o CMakeFiles/sdk_fmcw.dir/bgt_sdk/sdk/c/ifxFmcw/DeviceFmcw.cpp.o -c /home/ubuntu/ros2_ws/src/radar_bgt60tr13c_driver/bgt_sdk/sdk/c/ifxFmcw/DeviceFmcw.cpp\n'}
[0.110594] (radar_bgt60tr13c_driver) StdoutLine: {'line': b'In file included from /home/ubuntu/ros2_ws/src/radar_bgt60tr13c_driver/bgt_sdk/sdk/c/ifxRadarDeviceCommon/internal/RadarDeviceCommon.hpp:34,\n'}
[0.110636] (radar_bgt60tr13c_driver) StdoutLine: {'line': b'                 from /home/ubuntu/ros2_ws/src/radar_bgt60tr13c_driver/bgt_sdk/sdk/c/ifxFmcw/DeviceFmcw.cpp:31:\n'}
[0.110669] (radar_bgt60tr13c_driver) StdoutLine: {'line': b'/home/ubuntu/ros2_ws/src/radar_bgt60tr13c_driver/bgt_sdk/sdk/c/ifxBase/FunctionWrapper.hpp:34:10: fatal error: common/exception/EException.hpp: No such file or directory\n'}
[0.110703] (radar_bgt60tr13c_driver) StdoutLine: {'line': b'   34 | #include <common/exception/EException.hpp>\n'}
[0.110735] (radar_bgt60tr13c_driver) StdoutLine: {'line': b'      |          ^~~~~~~~~~~~~~~~~~~~~~~~~~~~~~~~~\n'}
[0.110768] (radar_bgt60tr13c_driver) StdoutLine: {'line': b'compilation terminated.\n'}
[0.110802] (radar_bgt60tr13c_driver) StdoutLine: {'line': b'\n'}
[0.110835] (radar_bgt60tr13c_driver) StdoutLine: {'line': b'[4/11] Building CXX object CMakeFiles/sdk_fmcw.dir/bgt_sdk/sdk/c/ifxFmcw/DeviceFmcwCWrapper.cpp.o\x1b[K\n'}
[0.110873] (radar_bgt60tr13c_driver) StdoutLine: {'line': b'\x1b[31mFAILED: \x1b[0mCMakeFiles/sdk_fmcw.dir/bgt_sdk/sdk/c/ifxFmcw/DeviceFmcwCWrapper.cpp.o \n'}
[0.110906] (radar_bgt60tr13c_driver) StdoutLine: {'line': b'/usr/bin/c++ -Dsdk_fmcw_EXPORTS -I/home/ubuntu/ros2_ws/src/radar_bgt60tr13c_driver/bgt_sdk/sdk/c -I/home/ubuntu/ros2_ws/src/radar_bgt60tr13c_driver/bgt_sdk/external/lib_avian/include -fPIC -Wall -Wextra -Wpedantic -std=gnu++17 -MD -MT CMakeFiles/sdk_fmcw.dir/bgt_sdk/sdk/c/ifxFmcw/DeviceFmcwCWrapper.cpp.o -MF CMakeFiles/sdk_fmcw.dir/bgt_sdk/sdk/c/ifxFmcw/DeviceFmcwCWrapper.cpp.o.d -o CMakeFiles/sdk_fmcw.dir/bgt_sdk/sdk/c/ifxFmcw/DeviceFmcwCWrapper.cpp.o -c /home/ubuntu/ros2_ws/src/radar_bgt60tr13c_driver/bgt_sdk/sdk/c/ifxFmcw/DeviceFmcwCWrapper.cpp\n'}
[0.110942] (radar_bgt60tr13c_driver) StdoutLine: {'line': b'In file included from /home/ubuntu/ros2_ws/src/radar_bgt60tr13c_driver/bgt_sdk/sdk/c/ifxRadarDeviceCommon/internal/RadarDeviceCommon.hpp:34,\n'}
[0.110976] (radar_bgt60tr13c_driver) StdoutLine: {'line': b'                 from /home/ubuntu/ros2_ws/src/radar_bgt60tr13c_driver/bgt_sdk/sdk/c/ifxFmcw/avian/../DeviceFmcwBase.hpp:41,\n'}
[0.111010] (radar_bgt60tr13c_driver) StdoutLine: {'line': b'                 from /home/ubuntu/ros2_ws/src/radar_bgt60tr13c_driver/bgt_sdk/sdk/c/ifxFmcw/avian/DeviceFmcwAvian.hpp:45,\n'}
[0.111047] (radar_bgt60tr13c_driver) StdoutLine: {'line': b'                 from /home/ubuntu/ros2_ws/src/radar_bgt60tr13c_driver/bgt_sdk/sdk/c/ifxFmcw/DeviceFmcwCWrapper.cpp:36:\n'}
[0.111081] (radar_bgt60tr13c_driver) StdoutLine: {'line': b'/home/ubuntu/ros2_ws/src/radar_bgt60tr13c_driver/bgt_sdk/sdk/c/ifxBase/FunctionWrapper.hpp:34:10: fatal error: common/exception/EException.hpp: No such file or directory\n'}
[0.111115] (radar_bgt60tr13c_driver) StdoutLine: {'line': b'   34 | #include <common/exception/EException.hpp>\n'}
[0.111150] (radar_bgt60tr13c_driver) StdoutLine: {'line': b'      |          ^~~~~~~~~~~~~~~~~~~~~~~~~~~~~~~~~\n'}
[0.111185] (radar_bgt60tr13c_driver) StdoutLine: {'line': b'compilation terminated.\n'}
[0.111879] (radar_bgt60tr13c_driver) StdoutLine: {'line': b'\n'}
[0.111974] (radar_bgt60tr13c_driver) StdoutLine: {'line': b'[5/11] Building CXX object CMakeFiles/sdk_fmcw.dir/bgt_sdk/sdk/c/ifxFmcw/avian/DeviceFmcwAvian.cpp.o\x1b[K\n'}
[0.112012] (radar_bgt60tr13c_driver) StdoutLine: {'line': b'\x1b[31mFAILED: \x1b[0mCMakeFiles/sdk_fmcw.dir/bgt_sdk/sdk/c/ifxFmcw/avian/DeviceFmcwAvian.cpp.o \n'}
[0.112044] (radar_bgt60tr13c_driver) StdoutLine: {'line': b'/usr/bin/c++ -Dsdk_fmcw_EXPORTS -I/home/ubuntu/ros2_ws/src/radar_bgt60tr13c_driver/bgt_sdk/sdk/c -I/home/ubuntu/ros2_ws/src/radar_bgt60tr13c_driver/bgt_sdk/external/lib_avian/include -fPIC -Wall -Wextra -Wpedantic -std=gnu++17 -MD -MT CMakeFiles/sdk_fmcw.dir/bgt_sdk/sdk/c/ifxFmcw/avian/DeviceFmcwAvian.cpp.o -MF CMakeFiles/sdk_fmcw.dir/bgt_sdk/sdk/c/ifxFmcw/avian/DeviceFmcwAvian.cpp.o.d -o CMakeFiles/sdk_fmcw.dir/bgt_sdk/sdk/c/ifxFmcw/avian/DeviceFmcwAvian.cpp.o -c /home/ubuntu/ros2_ws/src/radar_bgt60tr13c_driver/bgt_sdk/sdk/c/ifxFmcw/avian/DeviceFmcwAvian.cpp\n'}
[0.112074] (radar_bgt60tr13c_driver) StdoutLine: {'line': b'In file included from /home/ubuntu/ros2_ws/src/radar_bgt60tr13c_driver/bgt_sdk/sdk/c/ifxRadarDeviceCommon/internal/RadarDeviceCommon.hpp:34,\n'}
[0.112102] (radar_bgt60tr13c_driver) StdoutLine: {'line': b'                 from /home/ubuntu/ros2_ws/src/radar_bgt60tr13c_driver/bgt_sdk/sdk/c/ifxFmcw/avian/../DeviceFmcwBase.hpp:41,\n'}
[0.112133] (radar_bgt60tr13c_driver) StdoutLine: {'line': b'                 from /home/ubuntu/ros2_ws/src/radar_bgt60tr13c_driver/bgt_sdk/sdk/c/ifxFmcw/avian/DeviceFmcwAvian.hpp:45,\n'}
[0.112159] (radar_bgt60tr13c_driver) StdoutLine: {'line': b'                 from /home/ubuntu/ros2_ws/src/radar_bgt60tr13c_driver/bgt_sdk/sdk/c/ifxFmcw/avian/DeviceFmcwAvian.cpp:36:\n'}
[0.112185] (radar_bgt60tr13c_driver) StdoutLine: {'line': b'/home/ubuntu/ros2_ws/src/radar_bgt60tr13c_driver/bgt_sdk/sdk/c/ifxBase/FunctionWrapper.hpp:34:10: fatal error: common/exception/EException.hpp: No such file or directory\n'}
[0.112218] (radar_bgt60tr13c_driver) StdoutLine: {'line': b'   34 | #include <common/exception/EException.hpp>\n'}
[0.112243] (radar_bgt60tr13c_driver) StdoutLine: {'line': b'      |          ^~~~~~~~~~~~~~~~~~~~~~~~~~~~~~~~~\n'}
[0.112271] (radar_bgt60tr13c_driver) StdoutLine: {'line': b'compilation terminated.\n'}
[0.122896] (radar_bgt60tr13c_driver) StdoutLine: {'line': b'\n'}
[0.123187] (radar_bgt60tr13c_driver) StdoutLine: {'line': b'[6/11] Building CXX object CMakeFiles/sdk_avian.dir/bgt_sdk/sdk/c/ifxAvian/DeviceControl.cpp.o\x1b[K\n'}
[0.123283] (radar_bgt60tr13c_driver) StdoutLine: {'line': b'\x1b[31mFAILED: \x1b[0mCMakeFiles/sdk_avian.dir/bgt_sdk/sdk/c/ifxAvian/DeviceControl.cpp.o \n'}
[0.123348] (radar_bgt60tr13c_driver) StdoutLine: {'line': b'/usr/bin/c++ -Dsdk_avian_EXPORTS -I/home/ubuntu/ros2_ws/src/radar_bgt60tr13c_driver/bgt_sdk/sdk/c -I/home/ubuntu/ros2_ws/src/radar_bgt60tr13c_driver/bgt_sdk/external/lib_avian/include -fPIC -Wall -Wextra -Wpedantic -std=gnu++17 -MD -MT CMakeFiles/sdk_avian.dir/bgt_sdk/sdk/c/ifxAvian/DeviceControl.cpp.o -MF CMakeFiles/sdk_avian.dir/bgt_sdk/sdk/c/ifxAvian/DeviceControl.cpp.o.d -o CMakeFiles/sdk_avian.dir/bgt_sdk/sdk/c/ifxAvian/DeviceControl.cpp.o -c /home/ubuntu/ros2_ws/src/radar_bgt60tr13c_driver/bgt_sdk/sdk/c/ifxAvian/DeviceControl.cpp\n'}
[0.123428] (radar_bgt60tr13c_driver) StdoutLine: {'line': b'In file included from /home/ubuntu/ros2_ws/src/radar_bgt60tr13c_driver/bgt_sdk/sdk/c/ifxRadarDeviceCommon/internal/RadarDeviceCommon.hpp:34,\n'}
[0.123501] (radar_bgt60tr13c_driver) StdoutLine: {'line': b'                 from /home/ubuntu/ros2_ws/src/radar_bgt60tr13c_driver/bgt_sdk/sdk/c/ifxFmcw/avian/../DeviceFmcwBase.hpp:41,\n'}
[0.123558] (radar_bgt60tr13c_driver) StdoutLine: {'line': b'                 from /home/ubuntu/ros2_ws/src/radar_bgt60tr13c_driver/bgt_sdk/sdk/c/ifxFmcw/avian/DeviceFmcwAvian.hpp:45,\n'}
[0.123613] (radar_bgt60tr13c_driver) StdoutLine: {'line': b'                 from /home/ubuntu/ros2_ws/src/radar_bgt60tr13c_driver/bgt_sdk/sdk/c/ifxAvian/DeviceControl.cpp:41:\n'}
[0.123664] (radar_bgt60tr13c_driver) StdoutLine: {'line': b'/home/ubuntu/ros2_ws/src/radar_bgt60tr13c_driver/bgt_sdk/sdk/c/ifxBase/FunctionWrapper.hpp:34:10: fatal error: common/exception/EException.hpp: No such file or directory\n'}
[0.123715] (radar_bgt60tr13c_driver) StdoutLine: {'line': b'   34 | #include <common/exception/EException.hpp>\n'}
[0.123764] (radar_bgt60tr13c_driver) StdoutLine: {'line': b'      |          ^~~~~~~~~~~~~~~~~~~~~~~~~~~~~~~~~\n'}
[0.123806] (radar_bgt60tr13c_driver) StdoutLine: {'line': b'compilation terminated.\n'}
[0.199434] (-) TimerEvent: {}
[0.299827] (-) TimerEvent: {}
[0.400169] (-) TimerEvent: {}
[0.500515] (-) TimerEvent: {}
[0.600847] (-) TimerEvent: {}
[0.701180] (-) TimerEvent: {}
[0.801490] (-) TimerEvent: {}
[0.901808] (-) TimerEvent: {}
[1.002138] (-) TimerEvent: {}
[1.102457] (-) TimerEvent: {}
[1.202713] (-) TimerEvent: {}
[1.303047] (-) TimerEvent: {}
[1.403382] (-) TimerEvent: {}
[1.503739] (-) TimerEvent: {}
[1.604067] (-) TimerEvent: {}
[1.704397] (-) TimerEvent: {}
[1.804749] (-) TimerEvent: {}
[1.905058] (-) TimerEvent: {}
[2.005366] (-) TimerEvent: {}
[2.105692] (-) TimerEvent: {}
[2.206017] (-) TimerEvent: {}
[2.306320] (-) TimerEvent: {}
[2.406719] (-) TimerEvent: {}
[2.507043] (-) TimerEvent: {}
[2.607362] (-) TimerEvent: {}
[2.707700] (-) TimerEvent: {}
[2.808025] (-) TimerEvent: {}
[2.908387] (-) TimerEvent: {}
[3.008831] (-) TimerEvent: {}
[3.053021] (radar_bgt60tr13c_driver) StdoutLine: {'line': b'\n'}
[3.053307] (radar_bgt60tr13c_driver) StdoutLine: {'line': b'[7/11] Building CXX object CMakeFiles/radar_publisher_node.dir/src/radar_node.cpp.o\x1b[K\n'}
[3.053476] (radar_bgt60tr13c_driver) StdoutLine: {'line': b'ninja: build stopped: subcommand failed.\n'}
[3.055635] (radar_bgt60tr13c_driver) CommandEnded: {'returncode': 1}
[3.060683] (radar_bgt60tr13c_driver) JobEnded: {'identifier': 'radar_bgt60tr13c_driver', 'rc': 1}
[3.071013] (-) EventReactorShutdown: {}
