[0.018s] Invoking command in '/home/ubuntu/ros2_ws/src/radar_bgt60tr13c_driver/build/radar_bgt60tr13c_driver': CMAKE_PREFIX_PATH=${CMAKE_PREFIX_PATH}:/home/ubuntu/turtlebot3_ws/install/turtlebot3_teleop:/home/ubuntu/turtlebot3_ws/install/turtlebot3_example:/opt/ros/humble /usr/bin/cmake --build /home/ubuntu/ros2_ws/src/radar_bgt60tr13c_driver/build/radar_bgt60tr13c_driver -- -j16 -l16
[0.079s] [35m[1mConsolidate compiler generated dependencies of target radar_publisher_node[0m
[0.103s] [ 50%] [32mBuilding CXX object CMakeFiles/radar_publisher_node.dir/src/radar_node.cpp.o[0m
[1.533s] [01m[K/home/ubuntu/ros2_ws/src/radar_bgt60tr13c_driver/src/radar_node.cpp:[m[K In constructor â€˜[01m[KRadarPublisherNode::RadarPublisherNode()[m[Kâ€™:
[1.533s] [01m[K/home/ubuntu/ros2_ws/src/radar_bgt60tr13c_driver/src/radar_node.cpp:188:13:[m[K [01;31m[Kerror: [m[Kâ€˜[01m[Kstruct ifx_Avian_Config_t[m[Kâ€™ has no member named â€˜[01m[Kframe_period_us[m[Kâ€™
[1.534s]   188 |         cfg.[01;31m[Kframe_period_us[m[K = (1000000 / IFX_FRAME_RATE_HZ); // Convert Hz to microseconds
[1.534s]       |             [01;31m[K^~~~~~~~~~~~~~~[m[K
[2.043s] gmake[2]: *** [CMakeFiles/radar_publisher_node.dir/build.make:76: CMakeFiles/radar_publisher_node.dir/src/radar_node.cpp.o] Error 1
[2.043s] gmake[1]: *** [CMakeFiles/Makefile2:137: CMakeFiles/radar_publisher_node.dir/all] Error 2
[2.043s] gmake: *** [Makefile:146: all] Error 2
[2.045s] Invoked command in '/home/ubuntu/ros2_ws/src/radar_bgt60tr13c_driver/build/radar_bgt60tr13c_driver' returned '2': CMAKE_PREFIX_PATH=${CMAKE_PREFIX_PATH}:/home/ubuntu/turtlebot3_ws/install/turtlebot3_teleop:/home/ubuntu/turtlebot3_ws/install/turtlebot3_example:/opt/ros/humble /usr/bin/cmake --build /home/ubuntu/ros2_ws/src/radar_bgt60tr13c_driver/build/radar_bgt60tr13c_driver -- -j16 -l16
