[0.017s] Invoking command in '/home/ubuntu/ros2_ws/src/radar_bgt60tr13c_driver/build/radar_bgt60tr13c_driver': CMAKE_PREFIX_PATH=${CMAKE_PREFIX_PATH}:/home/ubuntu/turtlebot3_ws/install/turtlebot3_teleop:/home/ubuntu/turtlebot3_ws/install/turtlebot3_example:/opt/ros/humble /usr/bin/cmake --build /home/ubuntu/ros2_ws/src/radar_bgt60tr13c_driver/build/radar_bgt60tr13c_driver -- -j16 -l16
[0.075s] [35m[1mConsolidate compiler generated dependencies of target radar_publisher_node[0m
[0.098s] [ 50%] [32mBuilding CXX object CMakeFiles/radar_publisher_node.dir/src/radar_node.cpp.o[0m
[1.527s] [01m[K/home/ubuntu/ros2_ws/src/radar_bgt60tr13c_driver/src/radar_node.cpp:[m[K In constructor â€˜[01m[KRadarPublisherNode::RadarPublisherNode()[m[Kâ€™:
[1.528s] [01m[K/home/ubuntu/ros2_ws/src/radar_bgt60tr13c_driver/src/radar_node.cpp:191:13:[m[K [01;31m[Kerror: [m[Kâ€˜[01m[Kstruct ifx_Avian_Config_t[m[Kâ€™ has no member named â€˜[01m[Kadc_samplerate_Hz[m[Kâ€™; did you mean â€˜[01m[Ksample_rate_Hz[m[Kâ€™?
[1.528s]   191 |         cfg.[01;31m[Kadc_samplerate_Hz[m[K = IFX_ADC_SAMPLERATE_HZ;
[1.528s]       |             [01;31m[K^~~~~~~~~~~~~~~~~[m[K
[1.528s]       |             [32m[Ksample_rate_Hz[m[K
[1.528s] [01m[K/home/ubuntu/ros2_ws/src/radar_bgt60tr13c_driver/src/radar_node.cpp:196:13:[m[K [01;31m[Kerror: [m[Kâ€˜[01m[Kstruct ifx_Avian_Config_t[m[Kâ€™ has no member named â€˜[01m[Kframe_rate_Hz[m[Kâ€™; did you mean â€˜[01m[Ksample_rate_Hz[m[Kâ€™?
[1.528s]   196 |         cfg.[01;31m[Kframe_rate_Hz[m[K = IFX_FRAME_RATE_HZ;
[1.528s]       |             [01;31m[K^~~~~~~~~~~~~[m[K
[1.528s]       |             [32m[Ksample_rate_Hz[m[K
[2.022s] [01m[K/home/ubuntu/ros2_ws/src/radar_bgt60tr13c_driver/src/radar_node.cpp:[m[K At global scope:
[2.022s] [01m[K/home/ubuntu/ros2_ws/src/radar_bgt60tr13c_driver/src/radar_node.cpp:89:28:[m[K [01;35m[Kwarning: [m[Kâ€˜[01m[K{anonymous}::kDefaultMetrics[m[Kâ€™ defined but not used [[01;35m[K]8;;https://gcc.gnu.org/onlinedocs/gcc/Warning-Options.html#index-Wunused-variable-Wunused-variable]8;;[m[K]
[2.022s]    89 | static ifx_Avian_Metrics_t [01;35m[KkDefaultMetrics[m[K = {
[2.022s]       |                            [01;35m[K^~~~~~~~~~~~~~~[m[K
[2.045s] gmake[2]: *** [CMakeFiles/radar_publisher_node.dir/build.make:76: CMakeFiles/radar_publisher_node.dir/src/radar_node.cpp.o] Error 1
[2.046s] gmake[1]: *** [CMakeFiles/Makefile2:137: CMakeFiles/radar_publisher_node.dir/all] Error 2
[2.046s] gmake: *** [Makefile:146: all] Error 2
[2.048s] Invoked command in '/home/ubuntu/ros2_ws/src/radar_bgt60tr13c_driver/build/radar_bgt60tr13c_driver' returned '2': CMAKE_PREFIX_PATH=${CMAKE_PREFIX_PATH}:/home/ubuntu/turtlebot3_ws/install/turtlebot3_teleop:/home/ubuntu/turtlebot3_ws/install/turtlebot3_example:/opt/ros/humble /usr/bin/cmake --build /home/ubuntu/ros2_ws/src/radar_bgt60tr13c_driver/build/radar_bgt60tr13c_driver -- -j16 -l16
