[0.017s] Invoking command in '/home/ubuntu/ros2_ws/src/radar_bgt60tr13c_driver/build/radar_bgt60tr13c_driver': CMAKE_PREFIX_PATH=${CMAKE_PREFIX_PATH}:/home/ubuntu/turtlebot3_ws/install/turtlebot3_teleop:/home/ubuntu/turtlebot3_ws/install/turtlebot3_example:/opt/ros/humble /usr/bin/cmake --build /home/ubuntu/ros2_ws/src/radar_bgt60tr13c_driver/build/radar_bgt60tr13c_driver -- -j16 -l16
[0.044s] 
[0.044s] [0/10] Building CXX object CMakeFiles/sdk_radar_device_common.dir/bgt_sdk/sdk/c/ifxRadarDeviceCommon/RadarDeviceCommon.cpp.o[K
[0.044s] [0/10] Building CXX object CMakeFiles/sdk_fmcw.dir/bgt_sdk/sdk/c/ifxFmcw/DeviceFmcw.cpp.o[K
[0.044s] [0/10] Building CXX object CMakeFiles/sdk_fmcw.dir/bgt_sdk/sdk/c/ifxFmcw/DeviceFmcwBase.cpp.o[K
[0.044s] [0/10] Building CXX object CMakeFiles/sdk_fmcw.dir/bgt_sdk/sdk/c/ifxFmcw/DeviceFmcwCWrapper.cpp.o[K
[0.045s] [0/10] Building CXX object CMakeFiles/sdk_fmcw.dir/bgt_sdk/sdk/c/ifxFmcw/avian/DeviceFmcwAvian.cpp.o[K
[0.102s] [0/10] Building CXX object CMakeFiles/sdk_avian.dir/bgt_sdk/sdk/c/ifxAvian/DeviceControl.cpp.o[K
[0.102s] [1/10] Building CXX object CMakeFiles/sdk_fmcw.dir/bgt_sdk/sdk/c/ifxFmcw/avian/DeviceFmcwAvian.cpp.o[K
[0.102s] [31mFAILED: [0mCMakeFiles/sdk_fmcw.dir/bgt_sdk/sdk/c/ifxFmcw/avian/DeviceFmcwAvian.cpp.o 
[0.102s] /usr/bin/c++ -Dsdk_fmcw_EXPORTS -I/home/ubuntu/ros2_ws/src/radar_bgt60tr13c_driver/bgt_sdk/sdk/c -I/home/ubuntu/ros2_ws/src/radar_bgt60tr13c_driver/bgt_sdk/external/lib_avian/include -fPIC -Wall -Wextra -Wpedantic -std=gnu++17 -MD -MT CMakeFiles/sdk_fmcw.dir/bgt_sdk/sdk/c/ifxFmcw/avian/DeviceFmcwAvian.cpp.o -MF CMakeFiles/sdk_fmcw.dir/bgt_sdk/sdk/c/ifxFmcw/avian/DeviceFmcwAvian.cpp.o.d -o CMakeFiles/sdk_fmcw.dir/bgt_sdk/sdk/c/ifxFmcw/avian/DeviceFmcwAvian.cpp.o -c /home/ubuntu/ros2_ws/src/radar_bgt60tr13c_driver/bgt_sdk/sdk/c/ifxFmcw/avian/DeviceFmcwAvian.cpp
[0.102s] In file included from /home/ubuntu/ros2_ws/src/radar_bgt60tr13c_driver/bgt_sdk/sdk/c/ifxRadarDeviceCommon/internal/RadarDeviceCommon.hpp:34,
[0.102s]                  from /home/ubuntu/ros2_ws/src/radar_bgt60tr13c_driver/bgt_sdk/sdk/c/ifxFmcw/avian/../DeviceFmcwBase.hpp:41,
[0.102s]                  from /home/ubuntu/ros2_ws/src/radar_bgt60tr13c_driver/bgt_sdk/sdk/c/ifxFmcw/avian/DeviceFmcwAvian.hpp:45,
[0.102s]                  from /home/ubuntu/ros2_ws/src/radar_bgt60tr13c_driver/bgt_sdk/sdk/c/ifxFmcw/avian/DeviceFmcwAvian.cpp:36:
[0.102s] /home/ubuntu/ros2_ws/src/radar_bgt60tr13c_driver/bgt_sdk/sdk/c/ifxBase/FunctionWrapper.hpp:34:10: fatal error: common/exception/EException.hpp: No such file or directory
[0.102s]    34 | #include <common/exception/EException.hpp>
[0.102s]       |          ^~~~~~~~~~~~~~~~~~~~~~~~~~~~~~~~~
[0.102s] compilation terminated.
[0.105s] 
[0.105s] [2/10] Building CXX object CMakeFiles/sdk_fmcw.dir/bgt_sdk/sdk/c/ifxFmcw/DeviceFmcw.cpp.o[K
[0.106s] [31mFAILED: [0mCMakeFiles/sdk_fmcw.dir/bgt_sdk/sdk/c/ifxFmcw/DeviceFmcw.cpp.o 
[0.106s] /usr/bin/c++ -Dsdk_fmcw_EXPORTS -I/home/ubuntu/ros2_ws/src/radar_bgt60tr13c_driver/bgt_sdk/sdk/c -I/home/ubuntu/ros2_ws/src/radar_bgt60tr13c_driver/bgt_sdk/external/lib_avian/include -fPIC -Wall -Wextra -Wpedantic -std=gnu++17 -MD -MT CMakeFiles/sdk_fmcw.dir/bgt_sdk/sdk/c/ifxFmcw/DeviceFmcw.cpp.o -MF CMakeFiles/sdk_fmcw.dir/bgt_sdk/sdk/c/ifxFmcw/DeviceFmcw.cpp.o.d -o CMakeFiles/sdk_fmcw.dir/bgt_sdk/sdk/c/ifxFmcw/DeviceFmcw.cpp.o -c /home/ubuntu/ros2_ws/src/radar_bgt60tr13c_driver/bgt_sdk/sdk/c/ifxFmcw/DeviceFmcw.cpp
[0.106s] In file included from /home/ubuntu/ros2_ws/src/radar_bgt60tr13c_driver/bgt_sdk/sdk/c/ifxRadarDeviceCommon/internal/RadarDeviceCommon.hpp:34,
[0.106s]                  from /home/ubuntu/ros2_ws/src/radar_bgt60tr13c_driver/bgt_sdk/sdk/c/ifxFmcw/DeviceFmcw.cpp:31:
[0.106s] /home/ubuntu/ros2_ws/src/radar_bgt60tr13c_driver/bgt_sdk/sdk/c/ifxBase/FunctionWrapper.hpp:34:10: fatal error: common/exception/EException.hpp: No such file or directory
[0.106s]    34 | #include <common/exception/EException.hpp>
[0.106s]       |          ^~~~~~~~~~~~~~~~~~~~~~~~~~~~~~~~~
[0.106s] compilation terminated.
[0.106s] 
[0.106s] [3/10] Building CXX object CMakeFiles/sdk_radar_device_common.dir/bgt_sdk/sdk/c/ifxRadarDeviceCommon/RadarDeviceCommon.cpp.o[K
[0.106s] [31mFAILED: [0mCMakeFiles/sdk_radar_device_common.dir/bgt_sdk/sdk/c/ifxRadarDeviceCommon/RadarDeviceCommon.cpp.o 
[0.106s] /usr/bin/c++ -Dsdk_radar_device_common_EXPORTS -I/home/ubuntu/ros2_ws/src/radar_bgt60tr13c_driver/bgt_sdk/sdk/c -fPIC -Wall -Wextra -Wpedantic -std=gnu++17 -MD -MT CMakeFiles/sdk_radar_device_common.dir/bgt_sdk/sdk/c/ifxRadarDeviceCommon/RadarDeviceCommon.cpp.o -MF CMakeFiles/sdk_radar_device_common.dir/bgt_sdk/sdk/c/ifxRadarDeviceCommon/RadarDeviceCommon.cpp.o.d -o CMakeFiles/sdk_radar_device_common.dir/bgt_sdk/sdk/c/ifxRadarDeviceCommon/RadarDeviceCommon.cpp.o -c /home/ubuntu/ros2_ws/src/radar_bgt60tr13c_driver/bgt_sdk/sdk/c/ifxRadarDeviceCommon/RadarDeviceCommon.cpp
[0.106s] In file included from /home/ubuntu/ros2_ws/src/radar_bgt60tr13c_driver/bgt_sdk/sdk/c/ifxRadarDeviceCommon/internal/RadarDeviceCommon.hpp:34,
[0.106s]                  from /home/ubuntu/ros2_ws/src/radar_bgt60tr13c_driver/bgt_sdk/sdk/c/ifxRadarDeviceCommon/RadarDeviceCommon.cpp:36:
[0.106s] /home/ubuntu/ros2_ws/src/radar_bgt60tr13c_driver/bgt_sdk/sdk/c/ifxBase/FunctionWrapper.hpp:34:10: fatal error: common/exception/EException.hpp: No such file or directory
[0.106s]    34 | #include <common/exception/EException.hpp>
[0.106s]       |          ^~~~~~~~~~~~~~~~~~~~~~~~~~~~~~~~~
[0.106s] compilation terminated.
[0.106s] 
[0.106s] [4/10] Building CXX object CMakeFiles/sdk_fmcw.dir/bgt_sdk/sdk/c/ifxFmcw/DeviceFmcwBase.cpp.o[K
[0.106s] [31mFAILED: [0mCMakeFiles/sdk_fmcw.dir/bgt_sdk/sdk/c/ifxFmcw/DeviceFmcwBase.cpp.o 
[0.107s] /usr/bin/c++ -Dsdk_fmcw_EXPORTS -I/home/ubuntu/ros2_ws/src/radar_bgt60tr13c_driver/bgt_sdk/sdk/c -I/home/ubuntu/ros2_ws/src/radar_bgt60tr13c_driver/bgt_sdk/external/lib_avian/include -fPIC -Wall -Wextra -Wpedantic -std=gnu++17 -MD -MT CMakeFiles/sdk_fmcw.dir/bgt_sdk/sdk/c/ifxFmcw/DeviceFmcwBase.cpp.o -MF CMakeFiles/sdk_fmcw.dir/bgt_sdk/sdk/c/ifxFmcw/DeviceFmcwBase.cpp.o.d -o CMakeFiles/sdk_fmcw.dir/bgt_sdk/sdk/c/ifxFmcw/DeviceFmcwBase.cpp.o -c /home/ubuntu/ros2_ws/src/radar_bgt60tr13c_driver/bgt_sdk/sdk/c/ifxFmcw/DeviceFmcwBase.cpp
[0.107s] In file included from /home/ubuntu/ros2_ws/src/radar_bgt60tr13c_driver/bgt_sdk/sdk/c/ifxRadarDeviceCommon/internal/RadarDeviceCommon.hpp:34,
[0.107s]                  from /home/ubuntu/ros2_ws/src/radar_bgt60tr13c_driver/bgt_sdk/sdk/c/ifxFmcw/DeviceFmcwBase.hpp:41,
[0.107s]                  from /home/ubuntu/ros2_ws/src/radar_bgt60tr13c_driver/bgt_sdk/sdk/c/ifxFmcw/DeviceFmcwBase.cpp:36:
[0.107s] /home/ubuntu/ros2_ws/src/radar_bgt60tr13c_driver/bgt_sdk/sdk/c/ifxBase/FunctionWrapper.hpp:34:10: fatal error: common/exception/EException.hpp: No such file or directory
[0.107s]    34 | #include <common/exception/EException.hpp>
[0.107s]       |          ^~~~~~~~~~~~~~~~~~~~~~~~~~~~~~~~~
[0.107s] compilation terminated.
[0.111s] 
[0.111s] [5/10] Building CXX object CMakeFiles/sdk_fmcw.dir/bgt_sdk/sdk/c/ifxFmcw/DeviceFmcwCWrapper.cpp.o[K
[0.111s] [31mFAILED: [0mCMakeFiles/sdk_fmcw.dir/bgt_sdk/sdk/c/ifxFmcw/DeviceFmcwCWrapper.cpp.o 
[0.111s] /usr/bin/c++ -Dsdk_fmcw_EXPORTS -I/home/ubuntu/ros2_ws/src/radar_bgt60tr13c_driver/bgt_sdk/sdk/c -I/home/ubuntu/ros2_ws/src/radar_bgt60tr13c_driver/bgt_sdk/external/lib_avian/include -fPIC -Wall -Wextra -Wpedantic -std=gnu++17 -MD -MT CMakeFiles/sdk_fmcw.dir/bgt_sdk/sdk/c/ifxFmcw/DeviceFmcwCWrapper.cpp.o -MF CMakeFiles/sdk_fmcw.dir/bgt_sdk/sdk/c/ifxFmcw/DeviceFmcwCWrapper.cpp.o.d -o CMakeFiles/sdk_fmcw.dir/bgt_sdk/sdk/c/ifxFmcw/DeviceFmcwCWrapper.cpp.o -c /home/ubuntu/ros2_ws/src/radar_bgt60tr13c_driver/bgt_sdk/sdk/c/ifxFmcw/DeviceFmcwCWrapper.cpp
[0.111s] In file included from /home/ubuntu/ros2_ws/src/radar_bgt60tr13c_driver/bgt_sdk/sdk/c/ifxRadarDeviceCommon/internal/RadarDeviceCommon.hpp:34,
[0.111s]                  from /home/ubuntu/ros2_ws/src/radar_bgt60tr13c_driver/bgt_sdk/sdk/c/ifxFmcw/avian/../DeviceFmcwBase.hpp:41,
[0.111s]                  from /home/ubuntu/ros2_ws/src/radar_bgt60tr13c_driver/bgt_sdk/sdk/c/ifxFmcw/avian/DeviceFmcwAvian.hpp:45,
[0.111s]                  from /home/ubuntu/ros2_ws/src/radar_bgt60tr13c_driver/bgt_sdk/sdk/c/ifxFmcw/DeviceFmcwCWrapper.cpp:36:
[0.111s] /home/ubuntu/ros2_ws/src/radar_bgt60tr13c_driver/bgt_sdk/sdk/c/ifxBase/FunctionWrapper.hpp:34:10: fatal error: common/exception/EException.hpp: No such file or directory
[0.111s]    34 | #include <common/exception/EException.hpp>
[0.111s]       |          ^~~~~~~~~~~~~~~~~~~~~~~~~~~~~~~~~
[0.111s] compilation terminated.
[0.126s] 
[0.126s] [6/10] Building CXX object CMakeFiles/sdk_avian.dir/bgt_sdk/sdk/c/ifxAvian/DeviceControl.cpp.o[K
[0.126s] [31mFAILED: [0mCMakeFiles/sdk_avian.dir/bgt_sdk/sdk/c/ifxAvian/DeviceControl.cpp.o 
[0.126s] /usr/bin/c++ -Dsdk_avian_EXPORTS -I/home/ubuntu/ros2_ws/src/radar_bgt60tr13c_driver/bgt_sdk/sdk/c -I/home/ubuntu/ros2_ws/src/radar_bgt60tr13c_driver/bgt_sdk/external/lib_avian/include -fPIC -Wall -Wextra -Wpedantic -std=gnu++17 -MD -MT CMakeFiles/sdk_avian.dir/bgt_sdk/sdk/c/ifxAvian/DeviceControl.cpp.o -MF CMakeFiles/sdk_avian.dir/bgt_sdk/sdk/c/ifxAvian/DeviceControl.cpp.o.d -o CMakeFiles/sdk_avian.dir/bgt_sdk/sdk/c/ifxAvian/DeviceControl.cpp.o -c /home/ubuntu/ros2_ws/src/radar_bgt60tr13c_driver/bgt_sdk/sdk/c/ifxAvian/DeviceControl.cpp
[0.126s] In file included from /home/ubuntu/ros2_ws/src/radar_bgt60tr13c_driver/bgt_sdk/sdk/c/ifxRadarDeviceCommon/internal/RadarDeviceCommon.hpp:34,
[0.126s]                  from /home/ubuntu/ros2_ws/src/radar_bgt60tr13c_driver/bgt_sdk/sdk/c/ifxFmcw/avian/../DeviceFmcwBase.hpp:41,
[0.126s]                  from /home/ubuntu/ros2_ws/src/radar_bgt60tr13c_driver/bgt_sdk/sdk/c/ifxFmcw/avian/DeviceFmcwAvian.hpp:45,
[0.126s]                  from /home/ubuntu/ros2_ws/src/radar_bgt60tr13c_driver/bgt_sdk/sdk/c/ifxAvian/DeviceControl.cpp:41:
[0.126s] /home/ubuntu/ros2_ws/src/radar_bgt60tr13c_driver/bgt_sdk/sdk/c/ifxBase/FunctionWrapper.hpp:34:10: fatal error: common/exception/EException.hpp: No such file or directory
[0.126s]    34 | #include <common/exception/EException.hpp>
[0.126s]       |          ^~~~~~~~~~~~~~~~~~~~~~~~~~~~~~~~~
[0.126s] compilation terminated.
[0.126s] ninja: build stopped: subcommand failed.
[0.128s] Invoked command in '/home/ubuntu/ros2_ws/src/radar_bgt60tr13c_driver/build/radar_bgt60tr13c_driver' returned '1': CMAKE_PREFIX_PATH=${CMAKE_PREFIX_PATH}:/home/ubuntu/turtlebot3_ws/install/turtlebot3_teleop:/home/ubuntu/turtlebot3_ws/install/turtlebot3_example:/opt/ros/humble /usr/bin/cmake --build /home/ubuntu/ros2_ws/src/radar_bgt60tr13c_driver/build/radar_bgt60tr13c_driver -- -j16 -l16
