[0.000000] (-) TimerEvent: {}
[0.000582] (radar_bgt60tr13c_driver) JobQueued: {'identifier': 'radar_bgt60tr13c_driver', 'dependencies': OrderedDict()}
[0.000886] (radar_bgt60tr13c_driver) JobStarted: {'identifier': 'radar_bgt60tr13c_driver'}
[0.020713] (radar_bgt60tr13c_driver) JobProgress: {'identifier': 'radar_bgt60tr13c_driver', 'progress': 'cmake'}
[0.022200] (radar_bgt60tr13c_driver) JobProgress: {'identifier': 'radar_bgt60tr13c_driver', 'progress': 'build'}
[0.022270] (radar_bgt60tr13c_driver) Command: {'cmd': ['/usr/bin/cmake', '--build', '/home/ubuntu/ros2_ws/src/radar_bgt60tr13c_driver/build/radar_bgt60tr13c_driver', '--', '-j16', '-l16'], 'cwd': '/home/ubuntu/ros2_ws/src/radar_bgt60tr13c_driver/build/radar_bgt60tr13c_driver', 'env': OrderedDict([('GJS_DEBUG_TOPICS', 'JS ERROR;JS LOG'), ('LESSOPEN', '| /usr/bin/lesspipe %s'), ('USER', 'ubuntu'), ('LC_TIME', 'lv_LV.UTF-8'), ('XDG_SESSION_TYPE', 'x11'), ('GIT_ASKPASS', '/tmp/.mount_cursor19zg2x/usr/share/cursor/resources/app/extensions/git/dist/askpass.sh'), ('SHLVL', '1'), ('LD_LIBRARY_PATH', '/home/ubuntu/turtlebot3_ws/install/multirobot_map_merge/lib:/home/ubuntu/turtlebot3_ws/install/dynamixel_sdk_custom_interfaces/lib:/home/ubuntu/turtlebot3_ws/install/dynamixel_sdk/lib:/tmp/.mount_cursor19zg2x/usr/lib/:/tmp/.mount_cursor19zg2x/usr/lib32/:/tmp/.mount_cursor19zg2x/usr/lib64/:/tmp/.mount_cursor19zg2x/lib/:/tmp/.mount_cursor19zg2x/lib/i386-linux-gnu/:/tmp/.mount_cursor19zg2x/lib/x86_64-linux-gnu/:/tmp/.mount_cursor19zg2x/lib/aarch64-linux-gnu/:/tmp/.mount_cursor19zg2x/lib32/:/tmp/.mount_cursor19zg2x/lib64/:/tmp/.mount_cursorrEY9rZ/usr/lib/:/tmp/.mount_cursorrEY9rZ/usr/lib32/:/tmp/.mount_cursorrEY9rZ/usr/lib64/:/tmp/.mount_cursorrEY9rZ/lib/:/tmp/.mount_cursorrEY9rZ/lib/i386-linux-gnu/:/tmp/.mount_cursorrEY9rZ/lib/x86_64-linux-gnu/:/tmp/.mount_cursorrEY9rZ/lib/aarch64-linux-gnu/:/tmp/.mount_cursorrEY9rZ/lib32/:/tmp/.mount_cursorrEY9rZ/lib64/:/usr/lib/x86_64-linux-gnu/gazebo-11/plugins:/opt/ros/humble/opt/rviz_ogre_vendor/lib:/opt/ros/humble/lib/x86_64-linux-gnu:/opt/ros/humble/lib:/usr/lib/x86_64-linux-gnu/gazebo-11/plugins::/usr/lib/x86_64-linux-gnu/gazebo-11/plugins:/usr/lib/x86_64-linux-gnu/gazebo-11/plugins:'), ('HOME', '/home/ubuntu'), ('CHROME_DESKTOP', 'cursor.desktop'), ('APPDIR', '/tmp/.mount_cursor19zg2x'), ('TERM_PROGRAM_VERSION', '0.50.5'), ('DESKTOP_SESSION', 'ubuntu'), ('PERLLIB', '/tmp/.mount_cursor19zg2x/usr/share/perl5/:/tmp/.mount_cursor19zg2x/usr/lib/perl5/:/tmp/.mount_cursorrEY9rZ/usr/share/perl5/:/tmp/.mount_cursorrEY9rZ/usr/lib/perl5/:'), ('GIO_LAUNCHED_DESKTOP_FILE', '/usr/share/applications/cursor.desktop'), ('GAZEBO_MASTER_URI', 'http://localhost:11345'), ('ROS_PYTHON_VERSION', '3'), ('GNOME_SHELL_SESSION_MODE', 'ubuntu'), ('GTK_MODULES', 'gail:atk-bridge'), ('VSCODE_GIT_ASKPASS_MAIN', '/tmp/.mount_cursor19zg2x/usr/share/cursor/resources/app/extensions/git/dist/askpass-main.js'), ('LC_MONETARY', 'lv_LV.UTF-8'), ('VSCODE_GIT_ASKPASS_NODE', '/tmp/.mount_cursor19zg2x/usr/share/cursor/cursor'), ('MANAGERPID', '1207'), ('SYSTEMD_EXEC_PID', '1847'), ('DBUS_SESSION_BUS_ADDRESS', 'unix:path=/run/user/1000/bus'), ('COLORTERM', 'truecolor'), ('GIO_LAUNCHED_DESKTOP_FILE_PID', '17574'), ('COLCON_PREFIX_PATH', '/home/ubuntu/turtlebot3_ws/install'), ('ROS_DISTRO', 'humble'), ('GTK_IM_MODULE', 'ibus'), ('LOGNAME', 'ubuntu'), ('OWD', '/home/ubuntu'), ('JOURNAL_STREAM', '8:6851'), ('_', '/usr/bin/colcon'), ('ROS_VERSION', '2'), ('XDG_SESSION_CLASS', 'user'), ('USERNAME', 'ubuntu'), ('TERM', 'xterm-256color'), ('GAZEBO_MODEL_PATH', '/usr/share/gazebo-11/models:/usr/share/gazebo-11/models:'), ('GNOME_DESKTOP_SESSION_ID', 'this-is-deprecated'), ('ROS_LOCALHOST_ONLY', '0'), ('WINDOWPATH', '2'), ('OGRE_RESOURCE_PATH', '/usr/lib/x86_64-linux-gnu/OGRE-1.9.0'), ('PATH', '/home/ubuntu/.local/bin:/tmp/.mount_cursor19zg2x/usr/bin/:/tmp/.mount_cursor19zg2x/usr/sbin/:/tmp/.mount_cursor19zg2x/usr/games/:/tmp/.mount_cursor19zg2x/bin/:/tmp/.mount_cursor19zg2x/sbin/:/tmp/.mount_cursorrEY9rZ/usr/bin/:/tmp/.mount_cursorrEY9rZ/usr/sbin/:/tmp/.mount_cursorrEY9rZ/usr/games/:/tmp/.mount_cursorrEY9rZ/bin/:/tmp/.mount_cursorrEY9rZ/sbin/:/home/ubuntu/.local/bin:/opt/ros/humble/bin:/usr/local/sbin:/usr/local/bin:/usr/sbin:/usr/bin:/sbin:/bin:/usr/games:/usr/local/games:/snap/bin:/snap/bin'), ('SESSION_MANAGER', 'local/ubuntuSaturn:@/tmp/.ICE-unix/1818,unix/ubuntuSaturn:/tmp/.ICE-unix/1818'), ('INVOCATION_ID', 'c9b36499de3d46c28e56cf8e51eaf88f'), ('APPIMAGE', '/opt/cursor.AppImage'), ('XDG_MENU_PREFIX', 'gnome-'), ('LC_ADDRESS', 'lv_LV.UTF-8'), ('XDG_RUNTIME_DIR', '/run/user/1000'), ('GDK_BACKEND', 'x11'), ('DISPLAY', ':0'), ('LANG', 'en_US.UTF-8'), ('XDG_CURRENT_DESKTOP', 'Unity'), ('LC_TELEPHONE', 'lv_LV.UTF-8'), ('XMODIFIERS', '@im=ibus'), ('XDG_SESSION_DESKTOP', 'ubuntu'), ('XAUTHORITY', '/run/user/1000/gdm/Xauthority'), ('LS_COLORS', 'rs=0:di=01;34:ln=01;36:mh=00:pi=40;33:so=01;35:do=01;35:bd=40;33;01:cd=40;33;01:or=40;31;01:mi=00:su=37;41:sg=30;43:ca=30;41:tw=30;42:ow=34;42:st=37;44:ex=01;32:*.tar=01;31:*.tgz=01;31:*.arc=01;31:*.arj=01;31:*.taz=01;31:*.lha=01;31:*.lz4=01;31:*.lzh=01;31:*.lzma=01;31:*.tlz=01;31:*.txz=01;31:*.tzo=01;31:*.t7z=01;31:*.zip=01;31:*.z=01;31:*.dz=01;31:*.gz=01;31:*.lrz=01;31:*.lz=01;31:*.lzo=01;31:*.xz=01;31:*.zst=01;31:*.tzst=01;31:*.bz2=01;31:*.bz=01;31:*.tbz=01;31:*.tbz2=01;31:*.tz=01;31:*.deb=01;31:*.rpm=01;31:*.jar=01;31:*.war=01;31:*.ear=01;31:*.sar=01;31:*.rar=01;31:*.alz=01;31:*.ace=01;31:*.zoo=01;31:*.cpio=01;31:*.7z=01;31:*.rz=01;31:*.cab=01;31:*.wim=01;31:*.swm=01;31:*.dwm=01;31:*.esd=01;31:*.jpg=01;35:*.jpeg=01;35:*.mjpg=01;35:*.mjpeg=01;35:*.gif=01;35:*.bmp=01;35:*.pbm=01;35:*.pgm=01;35:*.ppm=01;35:*.tga=01;35:*.xbm=01;35:*.xpm=01;35:*.tif=01;35:*.tiff=01;35:*.png=01;35:*.svg=01;35:*.svgz=01;35:*.mng=01;35:*.pcx=01;35:*.mov=01;35:*.mpg=01;35:*.mpeg=01;35:*.m2v=01;35:*.mkv=01;35:*.webm=01;35:*.webp=01;35:*.ogm=01;35:*.mp4=01;35:*.m4v=01;35:*.mp4v=01;35:*.vob=01;35:*.qt=01;35:*.nuv=01;35:*.wmv=01;35:*.asf=01;35:*.rm=01;35:*.rmvb=01;35:*.flc=01;35:*.avi=01;35:*.fli=01;35:*.flv=01;35:*.gl=01;35:*.dl=01;35:*.xcf=01;35:*.xwd=01;35:*.yuv=01;35:*.cgm=01;35:*.emf=01;35:*.ogv=01;35:*.ogx=01;35:*.aac=00;36:*.au=00;36:*.flac=00;36:*.m4a=00;36:*.mid=00;36:*.midi=00;36:*.mka=00;36:*.mp3=00;36:*.mpc=00;36:*.ogg=00;36:*.ra=00;36:*.wav=00;36:*.oga=00;36:*.opus=00;36:*.spx=00;36:*.xspf=00;36:'), ('VSCODE_GIT_IPC_HANDLE', '/run/user/1000/vscode-git-fe97360b48.sock'), ('TERM_PROGRAM', 'vscode'), ('CURSOR_TRACE_ID', '3818f15b051840bdb4d85342d3aff94d'), ('SSH_AGENT_LAUNCHER', 'gnome-keyring'), ('SSH_AUTH_SOCK', '/run/user/1000/keyring/ssh'), ('GSETTINGS_SCHEMA_DIR', '/tmp/.mount_cursor19zg2x/usr/share/glib-2.0/schemas/:/tmp/.mount_cursorrEY9rZ/usr/share/glib-2.0/schemas/:'), ('ROS_DOMAIN_ID', '42'), ('AMENT_PREFIX_PATH', '/home/ubuntu/turtlebot3_ws/install/turtlebot3:/home/ubuntu/turtlebot3_ws/install/turtlebot3_teleop:/home/ubuntu/turtlebot3_ws/install/turtlebot3_simulations:/home/ubuntu/turtlebot3_ws/install/turtlebot3_bringup:/home/ubuntu/turtlebot3_ws/install/turtlebot3_node:/home/ubuntu/turtlebot3_ws/install/turtlebot3_navigation2:/home/ubuntu/turtlebot3_ws/install/turtlebot3_gazebo:/home/ubuntu/turtlebot3_ws/install/turtlebot3_fake_node:/home/ubuntu/turtlebot3_ws/install/turtlebot3_example:/home/ubuntu/turtlebot3_ws/install/turtlebot3_description:/home/ubuntu/turtlebot3_ws/install/turtlebot3_cartographer:/home/ubuntu/turtlebot3_ws/install/multirobot_map_merge:/home/ubuntu/turtlebot3_ws/install/explore_lite:/home/ubuntu/turtlebot3_ws/install/dynamixel_sdk_examples:/home/ubuntu/turtlebot3_ws/install/dynamixel_sdk_custom_interfaces:/home/ubuntu/turtlebot3_ws/install/dynamixel_sdk:/opt/ros/humble'), ('ORIGINAL_XDG_CURRENT_DESKTOP', 'Unity'), ('SHELL', '/bin/bash'), ('LC_NAME', 'lv_LV.UTF-8'), ('ARGV0', '/opt/cursor.AppImage'), ('QT_ACCESSIBILITY', '1'), ('GDMSESSION', 'ubuntu'), ('LESSCLOSE', '/usr/bin/lesspipe %s %s'), ('LC_MEASUREMENT', 'lv_LV.UTF-8'), ('GPG_AGENT_INFO', '/run/user/1000/gnupg/S.gpg-agent:0:1'), ('GAZEBO_RESOURCE_PATH', '/usr/share/gazebo-11:/usr/share/gazebo-11:'), ('GJS_DEBUG_OUTPUT', 'stderr'), ('LC_IDENTIFICATION', 'lv_LV.UTF-8'), ('GAZEBO_MODEL_DATABASE_URI', 'http://models.gazebosim.org'), ('VSCODE_GIT_ASKPASS_EXTRA_ARGS', ''), ('QT_IM_MODULE', 'ibus'), ('PWD', '/home/ubuntu/ros2_ws/src/radar_bgt60tr13c_driver/build/radar_bgt60tr13c_driver'), ('LC_ALL', 'en_US.UTF-8'), ('XDG_CONFIG_DIRS', '/etc/xdg/xdg-ubuntu:/etc/xdg'), ('GAZEBO_PLUGIN_PATH', '/usr/lib/x86_64-linux-gnu/gazebo-11/plugins:/usr/lib/x86_64-linux-gnu/gazebo-11/plugins:'), ('XDG_DATA_DIRS', '/tmp/.mount_cursor19zg2x/usr/share/:/usr/local/share:/usr/share:/tmp/.mount_cursorrEY9rZ/usr/share/:/usr/local/share:/usr/share:/usr/share/ubuntu:/usr/share/gnome:/usr/local/share/:/usr/share/:/var/lib/snapd/desktop'), ('PYTHONPATH', '/home/ubuntu/turtlebot3_ws/install/turtlebot3_teleop/lib/python3.10/site-packages:/home/ubuntu/turtlebot3_ws/install/turtlebot3_example/lib/python3.10/site-packages:/home/ubuntu/turtlebot3_ws/install/dynamixel_sdk_custom_interfaces/local/lib/python3.10/dist-packages:/home/ubuntu/turtlebot3_ws/install/dynamixel_sdk/local/lib/python3.10/dist-packages:/opt/ros/humble/lib/python3.10/site-packages:/opt/ros/humble/local/lib/python3.10/dist-packages'), ('LC_NUMERIC', 'lv_LV.UTF-8'), ('LC_PAPER', 'lv_LV.UTF-8'), ('QT_PLUGIN_PATH', '/tmp/.mount_cursor19zg2x/usr/lib/qt4/plugins/:/tmp/.mount_cursor19zg2x/usr/lib/i386-linux-gnu/qt4/plugins/:/tmp/.mount_cursor19zg2x/usr/lib/x86_64-linux-gnu/qt4/plugins/:/tmp/.mount_cursor19zg2x/usr/lib/aarch64-linux-gnu/qt4/plugins/:/tmp/.mount_cursor19zg2x/usr/lib32/qt4/plugins/:/tmp/.mount_cursor19zg2x/usr/lib64/qt4/plugins/:/tmp/.mount_cursor19zg2x/usr/lib/qt5/plugins/:/tmp/.mount_cursor19zg2x/usr/lib/i386-linux-gnu/qt5/plugins/:/tmp/.mount_cursor19zg2x/usr/lib/x86_64-linux-gnu/qt5/plugins/:/tmp/.mount_cursor19zg2x/usr/lib/aarch64-linux-gnu/qt5/plugins/:/tmp/.mount_cursor19zg2x/usr/lib32/qt5/plugins/:/tmp/.mount_cursor19zg2x/usr/lib64/qt5/plugins/:/tmp/.mount_cursorrEY9rZ/usr/lib/qt4/plugins/:/tmp/.mount_cursorrEY9rZ/usr/lib/i386-linux-gnu/qt4/plugins/:/tmp/.mount_cursorrEY9rZ/usr/lib/x86_64-linux-gnu/qt4/plugins/:/tmp/.mount_cursorrEY9rZ/usr/lib/aarch64-linux-gnu/qt4/plugins/:/tmp/.mount_cursorrEY9rZ/usr/lib32/qt4/plugins/:/tmp/.mount_cursorrEY9rZ/usr/lib64/qt4/plugins/:/tmp/.mount_cursorrEY9rZ/usr/lib/qt5/plugins/:/tmp/.mount_cursorrEY9rZ/usr/lib/i386-linux-gnu/qt5/plugins/:/tmp/.mount_cursorrEY9rZ/usr/lib/x86_64-linux-gnu/qt5/plugins/:/tmp/.mount_cursorrEY9rZ/usr/lib/aarch64-linux-gnu/qt5/plugins/:/tmp/.mount_cursorrEY9rZ/usr/lib32/qt5/plugins/:/tmp/.mount_cursorrEY9rZ/usr/lib64/qt5/plugins/:'), ('COLCON', '1'), ('CMAKE_PREFIX_PATH', '/home/ubuntu/turtlebot3_ws/install/turtlebot3:/home/ubuntu/turtlebot3_ws/install/turtlebot3_simulations:/home/ubuntu/turtlebot3_ws/install/turtlebot3_bringup:/home/ubuntu/turtlebot3_ws/install/turtlebot3_node:/home/ubuntu/turtlebot3_ws/install/turtlebot3_navigation2:/home/ubuntu/turtlebot3_ws/install/turtlebot3_gazebo:/home/ubuntu/turtlebot3_ws/install/turtlebot3_fake_node:/home/ubuntu/turtlebot3_ws/install/turtlebot3_description:/home/ubuntu/turtlebot3_ws/install/turtlebot3_cartographer:/home/ubuntu/turtlebot3_ws/install/multirobot_map_merge:/home/ubuntu/turtlebot3_ws/install/explore_lite:/home/ubuntu/turtlebot3_ws/install/dynamixel_sdk_examples:/home/ubuntu/turtlebot3_ws/install/dynamixel_sdk_custom_interfaces:/home/ubuntu/turtlebot3_ws/install/dynamixel_sdk:/home/ubuntu/turtlebot3_ws/install/turtlebot3_teleop:/home/ubuntu/turtlebot3_ws/install/turtlebot3_example:/opt/ros/humble')]), 'shell': False}
[0.055356] (radar_bgt60tr13c_driver) StdoutLine: {'line': b'\n'}
[0.056118] (radar_bgt60tr13c_driver) StdoutLine: {'line': b'[0/12] Linking C shared library libsdk_base.so\x1b[K\n'}
[0.056274] (radar_bgt60tr13c_driver) StdoutLine: {'line': b'[0/12] Building CXX object CMakeFiles/sdk_radar_device_common.dir/bgt_sdk/sdk/c/ifxRadarDeviceCommon/RadarDeviceCommon.cpp.o\x1b[K\n'}
[0.056341] (radar_bgt60tr13c_driver) StdoutLine: {'line': b'[0/12] Building CXX object CMakeFiles/sdk_fmcw.dir/bgt_sdk/sdk/c/ifxFmcw/DeviceFmcw.cpp.o\x1b[K\n'}
[0.056494] (radar_bgt60tr13c_driver) StdoutLine: {'line': b'[0/12] Building CXX object CMakeFiles/sdk_fmcw.dir/bgt_sdk/sdk/c/ifxFmcw/DeviceFmcwBase.cpp.o\x1b[K\n'}
[0.056599] (radar_bgt60tr13c_driver) StdoutLine: {'line': b'[0/12] Building CXX object CMakeFiles/sdk_fmcw.dir/bgt_sdk/sdk/c/ifxFmcw/DeviceFmcwCWrapper.cpp.o\x1b[K\n'}
[0.056983] (radar_bgt60tr13c_driver) StdoutLine: {'line': b'[0/12] Building CXX object CMakeFiles/sdk_fmcw.dir/bgt_sdk/sdk/c/ifxFmcw/avian/DeviceFmcwAvian.cpp.o\x1b[K\n'}
[0.057160] (radar_bgt60tr13c_driver) StdoutLine: {'line': b'[0/12] Building CXX object CMakeFiles/sdk_avian.dir/bgt_sdk/sdk/c/ifxAvian/DeviceControl.cpp.o\x1b[K\n'}
[0.100391] (-) TimerEvent: {}
[0.129618] (radar_bgt60tr13c_driver) StdoutLine: {'line': b'[0/12] Building CXX object CMakeFiles/radar_publisher_node.dir/src/radar_node.cpp.o\x1b[K\n'}
[0.142913] (radar_bgt60tr13c_driver) StdoutLine: {'line': b'[1/12] Linking C shared library libsdk_base.so\x1b[K\n'}
[0.143140] (radar_bgt60tr13c_driver) StdoutLine: {'line': b'[2/12] Building CXX object CMakeFiles/sdk_fmcw.dir/bgt_sdk/sdk/c/ifxFmcw/DeviceFmcw.cpp.o\x1b[K\n'}
[0.143224] (radar_bgt60tr13c_driver) StdoutLine: {'line': b'\x1b[31mFAILED: \x1b[0mCMakeFiles/sdk_fmcw.dir/bgt_sdk/sdk/c/ifxFmcw/DeviceFmcw.cpp.o \n'}
[0.143283] (radar_bgt60tr13c_driver) StdoutLine: {'line': b'/usr/bin/c++ -Dsdk_fmcw_EXPORTS -I/home/ubuntu/ros2_ws/src/radar_bgt60tr13c_driver/bgt_sdk/sdk/c -I/home/ubuntu/ros2_ws/src/radar_bgt60tr13c_driver/bgt_sdk/external/lib_avian/include -fPIC -Wall -Wextra -Wpedantic -std=gnu++17 -MD -MT CMakeFiles/sdk_fmcw.dir/bgt_sdk/sdk/c/ifxFmcw/DeviceFmcw.cpp.o -MF CMakeFiles/sdk_fmcw.dir/bgt_sdk/sdk/c/ifxFmcw/DeviceFmcw.cpp.o.d -o CMakeFiles/sdk_fmcw.dir/bgt_sdk/sdk/c/ifxFmcw/DeviceFmcw.cpp.o -c /home/ubuntu/ros2_ws/src/radar_bgt60tr13c_driver/bgt_sdk/sdk/c/ifxFmcw/DeviceFmcw.cpp\n'}
[0.143352] (radar_bgt60tr13c_driver) StdoutLine: {'line': b'In file included from /home/ubuntu/ros2_ws/src/radar_bgt60tr13c_driver/bgt_sdk/sdk/c/ifxRadarDeviceCommon/internal/RadarDeviceCommon.hpp:34,\n'}
[0.143403] (radar_bgt60tr13c_driver) StdoutLine: {'line': b'                 from /home/ubuntu/ros2_ws/src/radar_bgt60tr13c_driver/bgt_sdk/sdk/c/ifxFmcw/DeviceFmcw.cpp:31:\n'}
[0.143448] (radar_bgt60tr13c_driver) StdoutLine: {'line': b'/home/ubuntu/ros2_ws/src/radar_bgt60tr13c_driver/bgt_sdk/sdk/c/ifxBase/FunctionWrapper.hpp:34:10: fatal error: common/exception/EException.hpp: No such file or directory\n'}
[0.143497] (radar_bgt60tr13c_driver) StdoutLine: {'line': b'   34 | #include <common/exception/EException.hpp>\n'}
[0.143555] (radar_bgt60tr13c_driver) StdoutLine: {'line': b'      |          ^~~~~~~~~~~~~~~~~~~~~~~~~~~~~~~~~\n'}
[0.143599] (radar_bgt60tr13c_driver) StdoutLine: {'line': b'compilation terminated.\n'}
[0.145972] (radar_bgt60tr13c_driver) StdoutLine: {'line': b'\n'}
[0.146358] (radar_bgt60tr13c_driver) StdoutLine: {'line': b'[3/12] Building CXX object CMakeFiles/sdk_fmcw.dir/bgt_sdk/sdk/c/ifxFmcw/DeviceFmcwBase.cpp.o\x1b[K\n'}
[0.146451] (radar_bgt60tr13c_driver) StdoutLine: {'line': b'\x1b[31mFAILED: \x1b[0mCMakeFiles/sdk_fmcw.dir/bgt_sdk/sdk/c/ifxFmcw/DeviceFmcwBase.cpp.o \n'}
[0.146500] (radar_bgt60tr13c_driver) StdoutLine: {'line': b'/usr/bin/c++ -Dsdk_fmcw_EXPORTS -I/home/ubuntu/ros2_ws/src/radar_bgt60tr13c_driver/bgt_sdk/sdk/c -I/home/ubuntu/ros2_ws/src/radar_bgt60tr13c_driver/bgt_sdk/external/lib_avian/include -fPIC -Wall -Wextra -Wpedantic -std=gnu++17 -MD -MT CMakeFiles/sdk_fmcw.dir/bgt_sdk/sdk/c/ifxFmcw/DeviceFmcwBase.cpp.o -MF CMakeFiles/sdk_fmcw.dir/bgt_sdk/sdk/c/ifxFmcw/DeviceFmcwBase.cpp.o.d -o CMakeFiles/sdk_fmcw.dir/bgt_sdk/sdk/c/ifxFmcw/DeviceFmcwBase.cpp.o -c /home/ubuntu/ros2_ws/src/radar_bgt60tr13c_driver/bgt_sdk/sdk/c/ifxFmcw/DeviceFmcwBase.cpp\n'}
[0.146551] (radar_bgt60tr13c_driver) StdoutLine: {'line': b'In file included from /home/ubuntu/ros2_ws/src/radar_bgt60tr13c_driver/bgt_sdk/sdk/c/ifxRadarDeviceCommon/internal/RadarDeviceCommon.hpp:34,\n'}
[0.146597] (radar_bgt60tr13c_driver) StdoutLine: {'line': b'                 from /home/ubuntu/ros2_ws/src/radar_bgt60tr13c_driver/bgt_sdk/sdk/c/ifxFmcw/DeviceFmcwBase.hpp:41,\n'}
[0.146640] (radar_bgt60tr13c_driver) StdoutLine: {'line': b'                 from /home/ubuntu/ros2_ws/src/radar_bgt60tr13c_driver/bgt_sdk/sdk/c/ifxFmcw/DeviceFmcwBase.cpp:36:\n'}
[0.146690] (radar_bgt60tr13c_driver) StdoutLine: {'line': b'/home/ubuntu/ros2_ws/src/radar_bgt60tr13c_driver/bgt_sdk/sdk/c/ifxBase/FunctionWrapper.hpp:34:10: fatal error: common/exception/EException.hpp: No such file or directory\n'}
[0.146734] (radar_bgt60tr13c_driver) StdoutLine: {'line': b'   34 | #include <common/exception/EException.hpp>\n'}
[0.146777] (radar_bgt60tr13c_driver) StdoutLine: {'line': b'      |          ^~~~~~~~~~~~~~~~~~~~~~~~~~~~~~~~~\n'}
[0.146819] (radar_bgt60tr13c_driver) StdoutLine: {'line': b'compilation terminated.\n'}
[0.146911] (radar_bgt60tr13c_driver) StdoutLine: {'line': b'\n'}
[0.146959] (radar_bgt60tr13c_driver) StdoutLine: {'line': b'[4/12] Building CXX object CMakeFiles/sdk_fmcw.dir/bgt_sdk/sdk/c/ifxFmcw/DeviceFmcwCWrapper.cpp.o\x1b[K\n'}
[0.147000] (radar_bgt60tr13c_driver) StdoutLine: {'line': b'\x1b[31mFAILED: \x1b[0mCMakeFiles/sdk_fmcw.dir/bgt_sdk/sdk/c/ifxFmcw/DeviceFmcwCWrapper.cpp.o \n'}
[0.147035] (radar_bgt60tr13c_driver) StdoutLine: {'line': b'/usr/bin/c++ -Dsdk_fmcw_EXPORTS -I/home/ubuntu/ros2_ws/src/radar_bgt60tr13c_driver/bgt_sdk/sdk/c -I/home/ubuntu/ros2_ws/src/radar_bgt60tr13c_driver/bgt_sdk/external/lib_avian/include -fPIC -Wall -Wextra -Wpedantic -std=gnu++17 -MD -MT CMakeFiles/sdk_fmcw.dir/bgt_sdk/sdk/c/ifxFmcw/DeviceFmcwCWrapper.cpp.o -MF CMakeFiles/sdk_fmcw.dir/bgt_sdk/sdk/c/ifxFmcw/DeviceFmcwCWrapper.cpp.o.d -o CMakeFiles/sdk_fmcw.dir/bgt_sdk/sdk/c/ifxFmcw/DeviceFmcwCWrapper.cpp.o -c /home/ubuntu/ros2_ws/src/radar_bgt60tr13c_driver/bgt_sdk/sdk/c/ifxFmcw/DeviceFmcwCWrapper.cpp\n'}
[0.147076] (radar_bgt60tr13c_driver) StdoutLine: {'line': b'In file included from /home/ubuntu/ros2_ws/src/radar_bgt60tr13c_driver/bgt_sdk/sdk/c/ifxRadarDeviceCommon/internal/RadarDeviceCommon.hpp:34,\n'}
[0.147107] (radar_bgt60tr13c_driver) StdoutLine: {'line': b'                 from /home/ubuntu/ros2_ws/src/radar_bgt60tr13c_driver/bgt_sdk/sdk/c/ifxFmcw/avian/../DeviceFmcwBase.hpp:41,\n'}
[0.147136] (radar_bgt60tr13c_driver) StdoutLine: {'line': b'                 from /home/ubuntu/ros2_ws/src/radar_bgt60tr13c_driver/bgt_sdk/sdk/c/ifxFmcw/avian/DeviceFmcwAvian.hpp:45,\n'}
[0.147164] (radar_bgt60tr13c_driver) StdoutLine: {'line': b'                 from /home/ubuntu/ros2_ws/src/radar_bgt60tr13c_driver/bgt_sdk/sdk/c/ifxFmcw/DeviceFmcwCWrapper.cpp:36:\n'}
[0.147192] (radar_bgt60tr13c_driver) StdoutLine: {'line': b'/home/ubuntu/ros2_ws/src/radar_bgt60tr13c_driver/bgt_sdk/sdk/c/ifxBase/FunctionWrapper.hpp:34:10: fatal error: common/exception/EException.hpp: No such file or directory\n'}
[0.147220] (radar_bgt60tr13c_driver) StdoutLine: {'line': b'   34 | #include <common/exception/EException.hpp>\n'}
[0.147251] (radar_bgt60tr13c_driver) StdoutLine: {'line': b'      |          ^~~~~~~~~~~~~~~~~~~~~~~~~~~~~~~~~\n'}
[0.147289] (radar_bgt60tr13c_driver) StdoutLine: {'line': b'compilation terminated.\n'}
[0.147328] (radar_bgt60tr13c_driver) StdoutLine: {'line': b'\n'}
[0.147358] (radar_bgt60tr13c_driver) StdoutLine: {'line': b'[5/12] Building CXX object CMakeFiles/sdk_radar_device_common.dir/bgt_sdk/sdk/c/ifxRadarDeviceCommon/RadarDeviceCommon.cpp.o\x1b[K\n'}
[0.147391] (radar_bgt60tr13c_driver) StdoutLine: {'line': b'\x1b[31mFAILED: \x1b[0mCMakeFiles/sdk_radar_device_common.dir/bgt_sdk/sdk/c/ifxRadarDeviceCommon/RadarDeviceCommon.cpp.o \n'}
[0.147419] (radar_bgt60tr13c_driver) StdoutLine: {'line': b'/usr/bin/c++ -Dsdk_radar_device_common_EXPORTS -I/home/ubuntu/ros2_ws/src/radar_bgt60tr13c_driver/bgt_sdk/sdk/c -fPIC -Wall -Wextra -Wpedantic -std=gnu++17 -MD -MT CMakeFiles/sdk_radar_device_common.dir/bgt_sdk/sdk/c/ifxRadarDeviceCommon/RadarDeviceCommon.cpp.o -MF CMakeFiles/sdk_radar_device_common.dir/bgt_sdk/sdk/c/ifxRadarDeviceCommon/RadarDeviceCommon.cpp.o.d -o CMakeFiles/sdk_radar_device_common.dir/bgt_sdk/sdk/c/ifxRadarDeviceCommon/RadarDeviceCommon.cpp.o -c /home/ubuntu/ros2_ws/src/radar_bgt60tr13c_driver/bgt_sdk/sdk/c/ifxRadarDeviceCommon/RadarDeviceCommon.cpp\n'}
[0.147455] (radar_bgt60tr13c_driver) StdoutLine: {'line': b'In file included from /home/ubuntu/ros2_ws/src/radar_bgt60tr13c_driver/bgt_sdk/sdk/c/ifxRadarDeviceCommon/internal/RadarDeviceCommon.hpp:34,\n'}
[0.147483] (radar_bgt60tr13c_driver) StdoutLine: {'line': b'                 from /home/ubuntu/ros2_ws/src/radar_bgt60tr13c_driver/bgt_sdk/sdk/c/ifxRadarDeviceCommon/RadarDeviceCommon.cpp:36:\n'}
[0.147518] (radar_bgt60tr13c_driver) StdoutLine: {'line': b'/home/ubuntu/ros2_ws/src/radar_bgt60tr13c_driver/bgt_sdk/sdk/c/ifxBase/FunctionWrapper.hpp:34:10: fatal error: common/exception/EException.hpp: No such file or directory\n'}
[0.147547] (radar_bgt60tr13c_driver) StdoutLine: {'line': b'   34 | #include <common/exception/EException.hpp>\n'}
[0.147573] (radar_bgt60tr13c_driver) StdoutLine: {'line': b'      |          ^~~~~~~~~~~~~~~~~~~~~~~~~~~~~~~~~\n'}
[0.147600] (radar_bgt60tr13c_driver) StdoutLine: {'line': b'compilation terminated.\n'}
[0.151453] (radar_bgt60tr13c_driver) StdoutLine: {'line': b'\n'}
[0.151619] (radar_bgt60tr13c_driver) StdoutLine: {'line': b'[6/12] Building CXX object CMakeFiles/sdk_fmcw.dir/bgt_sdk/sdk/c/ifxFmcw/avian/DeviceFmcwAvian.cpp.o\x1b[K\n'}
[0.151713] (radar_bgt60tr13c_driver) StdoutLine: {'line': b'\x1b[31mFAILED: \x1b[0mCMakeFiles/sdk_fmcw.dir/bgt_sdk/sdk/c/ifxFmcw/avian/DeviceFmcwAvian.cpp.o \n'}
[0.151773] (radar_bgt60tr13c_driver) StdoutLine: {'line': b'/usr/bin/c++ -Dsdk_fmcw_EXPORTS -I/home/ubuntu/ros2_ws/src/radar_bgt60tr13c_driver/bgt_sdk/sdk/c -I/home/ubuntu/ros2_ws/src/radar_bgt60tr13c_driver/bgt_sdk/external/lib_avian/include -fPIC -Wall -Wextra -Wpedantic -std=gnu++17 -MD -MT CMakeFiles/sdk_fmcw.dir/bgt_sdk/sdk/c/ifxFmcw/avian/DeviceFmcwAvian.cpp.o -MF CMakeFiles/sdk_fmcw.dir/bgt_sdk/sdk/c/ifxFmcw/avian/DeviceFmcwAvian.cpp.o.d -o CMakeFiles/sdk_fmcw.dir/bgt_sdk/sdk/c/ifxFmcw/avian/DeviceFmcwAvian.cpp.o -c /home/ubuntu/ros2_ws/src/radar_bgt60tr13c_driver/bgt_sdk/sdk/c/ifxFmcw/avian/DeviceFmcwAvian.cpp\n'}
[0.151828] (radar_bgt60tr13c_driver) StdoutLine: {'line': b'In file included from /home/ubuntu/ros2_ws/src/radar_bgt60tr13c_driver/bgt_sdk/sdk/c/ifxRadarDeviceCommon/internal/RadarDeviceCommon.hpp:34,\n'}
[0.151876] (radar_bgt60tr13c_driver) StdoutLine: {'line': b'                 from /home/ubuntu/ros2_ws/src/radar_bgt60tr13c_driver/bgt_sdk/sdk/c/ifxFmcw/avian/../DeviceFmcwBase.hpp:41,\n'}
[0.151925] (radar_bgt60tr13c_driver) StdoutLine: {'line': b'                 from /home/ubuntu/ros2_ws/src/radar_bgt60tr13c_driver/bgt_sdk/sdk/c/ifxFmcw/avian/DeviceFmcwAvian.hpp:45,\n'}
[0.151968] (radar_bgt60tr13c_driver) StdoutLine: {'line': b'                 from /home/ubuntu/ros2_ws/src/radar_bgt60tr13c_driver/bgt_sdk/sdk/c/ifxFmcw/avian/DeviceFmcwAvian.cpp:36:\n'}
[0.152008] (radar_bgt60tr13c_driver) StdoutLine: {'line': b'/home/ubuntu/ros2_ws/src/radar_bgt60tr13c_driver/bgt_sdk/sdk/c/ifxBase/FunctionWrapper.hpp:34:10: fatal error: common/exception/EException.hpp: No such file or directory\n'}
[0.152041] (radar_bgt60tr13c_driver) StdoutLine: {'line': b'   34 | #include <common/exception/EException.hpp>\n'}
[0.152074] (radar_bgt60tr13c_driver) StdoutLine: {'line': b'      |          ^~~~~~~~~~~~~~~~~~~~~~~~~~~~~~~~~\n'}
[0.152106] (radar_bgt60tr13c_driver) StdoutLine: {'line': b'compilation terminated.\n'}
[0.163994] (radar_bgt60tr13c_driver) StdoutLine: {'line': b'\n'}
[0.164172] (radar_bgt60tr13c_driver) StdoutLine: {'line': b'[7/12] Building CXX object CMakeFiles/sdk_avian.dir/bgt_sdk/sdk/c/ifxAvian/DeviceControl.cpp.o\x1b[K\n'}
[0.164240] (radar_bgt60tr13c_driver) StdoutLine: {'line': b'\x1b[31mFAILED: \x1b[0mCMakeFiles/sdk_avian.dir/bgt_sdk/sdk/c/ifxAvian/DeviceControl.cpp.o \n'}
[0.164300] (radar_bgt60tr13c_driver) StdoutLine: {'line': b'/usr/bin/c++ -Dsdk_avian_EXPORTS -I/home/ubuntu/ros2_ws/src/radar_bgt60tr13c_driver/bgt_sdk/sdk/c -I/home/ubuntu/ros2_ws/src/radar_bgt60tr13c_driver/bgt_sdk/external/lib_avian/include -fPIC -Wall -Wextra -Wpedantic -std=gnu++17 -MD -MT CMakeFiles/sdk_avian.dir/bgt_sdk/sdk/c/ifxAvian/DeviceControl.cpp.o -MF CMakeFiles/sdk_avian.dir/bgt_sdk/sdk/c/ifxAvian/DeviceControl.cpp.o.d -o CMakeFiles/sdk_avian.dir/bgt_sdk/sdk/c/ifxAvian/DeviceControl.cpp.o -c /home/ubuntu/ros2_ws/src/radar_bgt60tr13c_driver/bgt_sdk/sdk/c/ifxAvian/DeviceControl.cpp\n'}
[0.164373] (radar_bgt60tr13c_driver) StdoutLine: {'line': b'In file included from /home/ubuntu/ros2_ws/src/radar_bgt60tr13c_driver/bgt_sdk/sdk/c/ifxRadarDeviceCommon/internal/RadarDeviceCommon.hpp:34,\n'}
[0.164420] (radar_bgt60tr13c_driver) StdoutLine: {'line': b'                 from /home/ubuntu/ros2_ws/src/radar_bgt60tr13c_driver/bgt_sdk/sdk/c/ifxFmcw/avian/../DeviceFmcwBase.hpp:41,\n'}
[0.164464] (radar_bgt60tr13c_driver) StdoutLine: {'line': b'                 from /home/ubuntu/ros2_ws/src/radar_bgt60tr13c_driver/bgt_sdk/sdk/c/ifxFmcw/avian/DeviceFmcwAvian.hpp:45,\n'}
[0.164506] (radar_bgt60tr13c_driver) StdoutLine: {'line': b'                 from /home/ubuntu/ros2_ws/src/radar_bgt60tr13c_driver/bgt_sdk/sdk/c/ifxAvian/DeviceControl.cpp:41:\n'}
[0.164547] (radar_bgt60tr13c_driver) StdoutLine: {'line': b'/home/ubuntu/ros2_ws/src/radar_bgt60tr13c_driver/bgt_sdk/sdk/c/ifxBase/FunctionWrapper.hpp:34:10: fatal error: common/exception/EException.hpp: No such file or directory\n'}
[0.164590] (radar_bgt60tr13c_driver) StdoutLine: {'line': b'   34 | #include <common/exception/EException.hpp>\n'}
[0.164631] (radar_bgt60tr13c_driver) StdoutLine: {'line': b'      |          ^~~~~~~~~~~~~~~~~~~~~~~~~~~~~~~~~\n'}
[0.164671] (radar_bgt60tr13c_driver) StdoutLine: {'line': b'compilation terminated.\n'}
[0.200467] (-) TimerEvent: {}
[0.300763] (-) TimerEvent: {}
[0.401179] (-) TimerEvent: {}
[0.501458] (-) TimerEvent: {}
[0.601883] (-) TimerEvent: {}
[0.702306] (-) TimerEvent: {}
[0.802550] (-) TimerEvent: {}
[0.903053] (-) TimerEvent: {}
[1.003434] (-) TimerEvent: {}
[1.103745] (-) TimerEvent: {}
[1.204204] (-) TimerEvent: {}
[1.304628] (-) TimerEvent: {}
[1.404924] (-) TimerEvent: {}
[1.505230] (-) TimerEvent: {}
[1.605556] (-) TimerEvent: {}
[1.705810] (-) TimerEvent: {}
[1.806085] (-) TimerEvent: {}
[1.906323] (-) TimerEvent: {}
[2.006603] (-) TimerEvent: {}
[2.106851] (-) TimerEvent: {}
[2.207178] (-) TimerEvent: {}
[2.307586] (-) TimerEvent: {}
[2.407893] (-) TimerEvent: {}
[2.431261] (radar_bgt60tr13c_driver) StdoutLine: {'line': b'\n'}
[2.431448] (radar_bgt60tr13c_driver) StdoutLine: {'line': b'[8/12] Building CXX object CMakeFiles/radar_publisher_node.dir/src/radar_node.cpp.o\x1b[K\n'}
[2.431503] (radar_bgt60tr13c_driver) StdoutLine: {'line': b'\x1b[31mFAILED: \x1b[0mCMakeFiles/radar_publisher_node.dir/src/radar_node.cpp.o \n'}
[2.431543] (radar_bgt60tr13c_driver) StdoutLine: {'line': b'/usr/bin/c++ -DDEFAULT_RMW_IMPLEMENTATION=rmw_fastrtps_cpp -DRCUTILS_ENABLE_FAULT_INJECTION -I/home/ubuntu/ros2_ws/src/radar_bgt60tr13c_driver/bgt_sdk/sdk/c -I/home/ubuntu/ros2_ws/src/radar_bgt60tr13c_driver/include -I/home/ubuntu/ros2_ws/src/radar_bgt60tr13c_driver/bgt_sdk/external/lib_avian/include -isystem /opt/ros/humble/include/rclcpp -isystem /opt/ros/humble/include/ament_index_cpp -isystem /opt/ros/humble/include/libstatistics_collector -isystem /opt/ros/humble/include/builtin_interfaces -isystem /opt/ros/humble/include/rosidl_runtime_c -isystem /opt/ros/humble/include/rcutils -isystem /opt/ros/humble/include/rosidl_typesupport_interface -isystem /opt/ros/humble/include/fastcdr -isystem /opt/ros/humble/include/rosidl_runtime_cpp -isystem /opt/ros/humble/include/rosidl_typesupport_fastrtps_cpp -isystem /opt/ros/humble/include/rmw -isystem /opt/ros/humble/include/rosidl_typesupport_fastrtps_c -isystem /opt/ros/humble/include/rosidl_typesupport_introspection_c -isystem /opt/ros/humble/include/rosidl_typesupport_introspection_cpp -isystem /opt/ros/humble/include/rcl -isystem /opt/ros/humble/include/rcl_interfaces -isystem /opt/ros/humble/include/rcl_logging_interface -isystem /opt/ros/humble/include/rcl_yaml_param_parser -isystem /opt/ros/humble/include/libyaml_vendor -isystem /opt/ros/humble/include/tracetools -isystem /opt/ros/humble/include/rcpputils -isystem /opt/ros/humble/include/statistics_msgs -isystem /opt/ros/humble/include/rosgraph_msgs -isystem /opt/ros/humble/include/rosidl_typesupport_cpp -isystem /opt/ros/humble/include/rosidl_typesupport_c -isystem /opt/ros/humble/include/std_msgs -isystem /opt/ros/humble/include/sensor_msgs -isystem /opt/ros/humble/include/geometry_msgs -fPIE -Wall -Wextra -Wpedantic -std=gnu++17 -MD -MT CMakeFiles/radar_publisher_node.dir/src/radar_node.cpp.o -MF CMakeFiles/radar_publisher_node.dir/src/radar_node.cpp.o.d -o CMakeFiles/radar_publisher_node.dir/src/radar_node.cpp.o -c /home/ubuntu/ros2_ws/src/radar_bgt60tr13c_driver/src/radar_node.cpp\n'}
[2.431600] (radar_bgt60tr13c_driver) StdoutLine: {'line': b'/home/ubuntu/ros2_ws/src/radar_bgt60tr13c_driver/src/radar_node.cpp: In member function \xe2\x80\x98void RadarPublisherNode::process_frame_and_publish()\xe2\x80\x99:\n'}
[2.431636] (radar_bgt60tr13c_driver) StdoutLine: {'line': b'/home/ubuntu/ros2_ws/src/radar_bgt60tr13c_driver/src/radar_node.cpp:259:66: error: no match for \xe2\x80\x98operator!=\xe2\x80\x99 (operand types are \xe2\x80\x98ifx_Cube_R_t*\xe2\x80\x99 {aka \xe2\x80\x98ifx_Mda_R_t*\xe2\x80\x99} and \xe2\x80\x98ifx_Error_e\xe2\x80\x99)\n'}
[2.431669] (radar_bgt60tr13c_driver) StdoutLine: {'line': b'  259 |         if (ifx_avian_get_next_frame(device_handle_, raw_frame_) != IFX_OK || ifx_error_get()) {\n'}
[2.431709] (radar_bgt60tr13c_driver) StdoutLine: {'line': b'      |             ~~~~~~~~~~~~~~~~~~~~~~~~~~~~~~~~~~~~~~~~~~~~~~~~~~~~ ^~ ~~~~~~\n'}
[2.431749] (radar_bgt60tr13c_driver) StdoutLine: {'line': b'      |                                     |                               |\n'}
[2.431790] (radar_bgt60tr13c_driver) StdoutLine: {'line': b'      |                                     |                               ifx_Error_e\n'}
[2.431836] (radar_bgt60tr13c_driver) StdoutLine: {'line': b'      |                                     ifx_Cube_R_t* {aka ifx_Mda_R_t*}\n'}
[2.431874] (radar_bgt60tr13c_driver) StdoutLine: {'line': b'ninja: build stopped: subcommand failed.\n'}
[2.433824] (radar_bgt60tr13c_driver) CommandEnded: {'returncode': 1}
[2.438541] (radar_bgt60tr13c_driver) JobEnded: {'identifier': 'radar_bgt60tr13c_driver', 'rc': 1}
[2.449130] (-) EventReactorShutdown: {}
