[33mCMake Warning at CMakeLists.txt:27 (add_executable):
  Cannot generate a safe runtime search path for target radar_publisher_node
  because there is a cycle in the constraint graph:

    dir 0 is [/home/ubuntu/ros2_ws/src/radar_bgt60tr13c_driver/radar_sdk/build/bin/lib]
      dir 1 must precede it due to runtime library [liblib_avian.so]
    dir 1 is [/home/ubuntu/ros2_ws/src/radar_bgt60tr13c_driver/radar_sdk/libs/linux_x64]
      dir 0 must precede it due to runtime library [libsdk_algo.so]
    dir 2 is [/opt/ros/humble/lib]

  Some of these libraries may not be found correctly.

[0m
/usr/bin/ld: CMakeFiles/radar_publisher_node.dir/src/radar_node.cpp.o: undefined reference to symbol 'ifx_error_get'
/usr/bin/ld: /home/ubuntu/ros2_ws/src/radar_bgt60tr13c_driver/radar_sdk/libs/linux_x64/libsdk_base.so: error adding symbols: DSO missing from command line
collect2: error: ld returned 1 exit status
gmake[2]: *** [CMakeFiles/radar_publisher_node.dir/build.make:182: radar_publisher_node] Error 1
gmake[1]: *** [CMakeFiles/Makefile2:137: CMakeFiles/radar_publisher_node.dir/all] Error 2
gmake: *** [Makefile:146: all] Error 2
