-- Found ament_cmake: 1.3.11 (/opt/ros/humble/share/ament_cmake/cmake)
-- Found rclcpp: 16.0.12 (/opt/ros/humble/share/rclcpp/cmake)
-- Found rosidl_generator_c: 3.1.6 (/opt/ros/humble/share/rosidl_generator_c/cmake)
-- Found rosidl_adapter: 3.1.6 (/opt/ros/humble/share/rosidl_adapter/cmake)
-- Found rosidl_generator_cpp: 3.1.6 (/opt/ros/humble/share/rosidl_generator_cpp/cmake)
-- Using all available rosidl_typesupport_c: rosidl_typesupport_fastrtps_c;rosidl_typesupport_introspection_c
-- Using all available rosidl_typesupport_cpp: rosidl_typesupport_fastrtps_cpp;rosidl_typesupport_introspection_cpp
-- Found rmw_implementation_cmake: 6.1.2 (/opt/ros/humble/share/rmw_implementation_cmake/cmake)
-- Found rmw_fastrtps_cpp: 6.2.7 (/opt/ros/humble/share/rmw_fastrtps_cpp/cmake)
-- Using RMW implementation 'rmw_fastrtps_cpp' as default
-- Found sensor_msgs: 4.8.0 (/opt/ros/humble/share/sensor_msgs/cmake)
-- Configuring done
[33mCMake Warning at CMakeLists.txt:27 (add_executable):
  Cannot generate a safe runtime search path for target radar_publisher_node
  because there is a cycle in the constraint graph:

    dir 0 is [/home/ubuntu/ros2_ws/src/radar_bgt60tr13c_driver/radar_sdk/build/bin/lib]
      dir 1 must precede it due to runtime library [liblib_avian.so]
    dir 1 is [/home/ubuntu/ros2_ws/src/radar_bgt60tr13c_driver/radar_sdk/libs/linux_x64]
      dir 0 must precede it due to runtime library [libsdk_algo.so]
    dir 2 is [/opt/ros/humble/lib]

  Some of these libraries may not be found correctly.

[0m
-- Generating done
-- Build files have been written to: /home/ubuntu/ros2_ws/src/radar_bgt60tr13c_driver/build/radar_bgt60tr13c_driver
[35m[1mConsolidate compiler generated dependencies of target radar_publisher_node[0m
[ 50%] [32m[1mLinking CXX executable radar_publisher_node[0m
/usr/bin/ld: CMakeFiles/radar_publisher_node.dir/src/radar_node.cpp.o: undefined reference to symbol 'ifx_error_get'
/usr/bin/ld: /home/ubuntu/ros2_ws/src/radar_bgt60tr13c_driver/radar_sdk/libs/linux_x64/libsdk_base.so: error adding symbols: DSO missing from command line
collect2: error: ld returned 1 exit status
gmake[2]: *** [CMakeFiles/radar_publisher_node.dir/build.make:182: radar_publisher_node] Error 1
gmake[1]: *** [CMakeFiles/Makefile2:137: CMakeFiles/radar_publisher_node.dir/all] Error 2
gmake: *** [Makefile:146: all] Error 2
