[0.020s] Invoking command in '/home/ubuntu/ros2_ws/src/radar_bgt60tr13c_driver/build/radar_bgt60tr13c_driver': CMAKE_PREFIX_PATH=${CMAKE_PREFIX_PATH}:/home/ubuntu/turtlebot3_ws/install/turtlebot3_teleop:/home/ubuntu/turtlebot3_ws/install/turtlebot3_example:/opt/ros/humble /usr/bin/cmake /home/ubuntu/ros2_ws/src/radar_bgt60tr13c_driver -DCMAKE_INSTALL_PREFIX=/home/ubuntu/ros2_ws/src/radar_bgt60tr13c_driver/install/radar_bgt60tr13c_driver
[0.040s] -- Found ament_cmake: 1.3.11 (/opt/ros/humble/share/ament_cmake/cmake)
[0.135s] -- Found rclcpp: 16.0.12 (/opt/ros/humble/share/rclcpp/cmake)
[0.153s] -- Found rosidl_generator_c: 3.1.6 (/opt/ros/humble/share/rosidl_generator_c/cmake)
[0.154s] -- Found rosidl_adapter: 3.1.6 (/opt/ros/humble/share/rosidl_adapter/cmake)
[0.158s] -- Found rosidl_generator_cpp: 3.1.6 (/opt/ros/humble/share/rosidl_generator_cpp/cmake)
[0.163s] -- Using all available rosidl_typesupport_c: rosidl_typesupport_fastrtps_c;rosidl_typesupport_introspection_c
[0.169s] -- Using all available rosidl_typesupport_cpp: rosidl_typesupport_fastrtps_cpp;rosidl_typesupport_introspection_cpp
[0.186s] -- Found rmw_implementation_cmake: 6.1.2 (/opt/ros/humble/share/rmw_implementation_cmake/cmake)
[0.187s] -- Found rmw_fastrtps_cpp: 6.2.7 (/opt/ros/humble/share/rmw_fastrtps_cpp/cmake)
[0.284s] -- Using RMW implementation 'rmw_fastrtps_cpp' as default
[0.308s] -- Found sensor_msgs: 4.8.0 (/opt/ros/humble/share/sensor_msgs/cmake)
[0.369s] -- Configuring done
[0.375s] -- Generating done
[0.390s] -- Build files have been written to: /home/ubuntu/ros2_ws/src/radar_bgt60tr13c_driver/build/radar_bgt60tr13c_driver
[0.396s] Invoked command in '/home/ubuntu/ros2_ws/src/radar_bgt60tr13c_driver/build/radar_bgt60tr13c_driver' returned '0': CMAKE_PREFIX_PATH=${CMAKE_PREFIX_PATH}:/home/ubuntu/turtlebot3_ws/install/turtlebot3_teleop:/home/ubuntu/turtlebot3_ws/install/turtlebot3_example:/opt/ros/humble /usr/bin/cmake /home/ubuntu/ros2_ws/src/radar_bgt60tr13c_driver -DCMAKE_INSTALL_PREFIX=/home/ubuntu/ros2_ws/src/radar_bgt60tr13c_driver/install/radar_bgt60tr13c_driver
[0.398s] Invoking command in '/home/ubuntu/ros2_ws/src/radar_bgt60tr13c_driver/build/radar_bgt60tr13c_driver': CMAKE_PREFIX_PATH=${CMAKE_PREFIX_PATH}:/home/ubuntu/turtlebot3_ws/install/turtlebot3_teleop:/home/ubuntu/turtlebot3_ws/install/turtlebot3_example:/opt/ros/humble /usr/bin/cmake --build /home/ubuntu/ros2_ws/src/radar_bgt60tr13c_driver/build/radar_bgt60tr13c_driver -- -j16 -l16
[0.418s] 
[0.434s] [0/2] Building CXX object CMakeFiles/radar_publisher_node.dir/src/radar_node.cpp.o[K
[0.434s] [1/2] Building CXX object CMakeFiles/radar_publisher_node.dir/src/radar_node.cpp.o[K
[0.434s] [31mFAILED: [0mCMakeFiles/radar_publisher_node.dir/src/radar_node.cpp.o 
[0.434s] /usr/bin/c++ -DDEFAULT_RMW_IMPLEMENTATION=rmw_fastrtps_cpp -DRCUTILS_ENABLE_FAULT_INJECTION -I/home/ubuntu/ros2_ws/src/radar_bgt60tr13c_driver/include -I/home/ubuntu/ros2_ws/src/radar_bgt60tr13c_driver/bgt_sdk/sdk/c -I/home/ubuntu/ros2_ws/src/radar_bgt60tr13c_driver/bgt_sdk/external/lib_avian/include -I/home/ubuntu/ros2_ws/src/radar_bgt60tr13c_driver/bgt_sdk/build -isystem /opt/ros/humble/include/rclcpp -isystem /opt/ros/humble/include/ament_index_cpp -isystem /opt/ros/humble/include/libstatistics_collector -isystem /opt/ros/humble/include/builtin_interfaces -isystem /opt/ros/humble/include/rosidl_runtime_c -isystem /opt/ros/humble/include/rcutils -isystem /opt/ros/humble/include/rosidl_typesupport_interface -isystem /opt/ros/humble/include/fastcdr -isystem /opt/ros/humble/include/rosidl_runtime_cpp -isystem /opt/ros/humble/include/rosidl_typesupport_fastrtps_cpp -isystem /opt/ros/humble/include/rmw -isystem /opt/ros/humble/include/rosidl_typesupport_fastrtps_c -isystem /opt/ros/humble/include/rosidl_typesupport_introspection_c -isystem /opt/ros/humble/include/rosidl_typesupport_introspection_cpp -isystem /opt/ros/humble/include/rcl -isystem /opt/ros/humble/include/rcl_interfaces -isystem /opt/ros/humble/include/rcl_logging_interface -isystem /opt/ros/humble/include/rcl_yaml_param_parser -isystem /opt/ros/humble/include/libyaml_vendor -isystem /opt/ros/humble/include/tracetools -isystem /opt/ros/humble/include/rcpputils -isystem /opt/ros/humble/include/statistics_msgs -isystem /opt/ros/humble/include/rosgraph_msgs -isystem /opt/ros/humble/include/rosidl_typesupport_cpp -isystem /opt/ros/humble/include/rosidl_typesupport_c -isystem /opt/ros/humble/include/std_msgs -isystem /opt/ros/humble/include/sensor_msgs -isystem /opt/ros/humble/include/geometry_msgs -Wall -Wextra -Wpedantic -std=gnu++17 -MD -MT CMakeFiles/radar_publisher_node.dir/src/radar_node.cpp.o -MF CMakeFiles/radar_publisher_node.dir/src/radar_node.cpp.o.d -o CMakeFiles/radar_publisher_node.dir/src/radar_node.cpp.o -c /home/ubuntu/ros2_ws/src/radar_bgt60tr13c_driver/src/radar_node.cpp
[0.434s] /home/ubuntu/ros2_ws/src/radar_bgt60tr13c_driver/src/radar_node.cpp:4:3: error: invalid preprocessing directive #Set
[0.434s]     4 | # Set C++ standard to C++17
[0.434s]       |   ^~~
[0.434s] /home/ubuntu/ros2_ws/src/radar_bgt60tr13c_driver/src/radar_node.cpp:8:3: error: invalid preprocessing directive #Enable
[0.434s]     8 | # Enable warnings for our code, but not for external code
[0.434s]       |   ^~~~~~
[0.434s] /home/ubuntu/ros2_ws/src/radar_bgt60tr13c_driver/src/radar_node.cpp:13:3: error: invalid preprocessing directive #Find
[0.434s]    13 | # Find ROS 2 dependencies
[0.434s]       |   ^~~~
[0.434s] /home/ubuntu/ros2_ws/src/radar_bgt60tr13c_driver/src/radar_node.cpp:19:3: error: invalid preprocessing directive #Configure
[0.434s]    19 | # Configure SDK paths and options
[0.435s]       |   ^~~~~~~~~
[0.435s] /home/ubuntu/ros2_ws/src/radar_bgt60tr13c_driver/src/radar_node.cpp:23:3: error: invalid preprocessing directive #Define; did you mean #define?
[0.435s]    23 | # Define your ROS 2 node executable
[0.435s]       |   ^~~~~~
[0.435s]       |   define
[0.435s] /home/ubuntu/ros2_ws/src/radar_bgt60tr13c_driver/src/radar_node.cpp:30:19: error: stray â€˜#â€™ in program
[0.435s]    30 |     ${SDK_BUILD}  # For any generated headers
[0.435s]       |                   ^
[0.435s] /home/ubuntu/ros2_ws/src/radar_bgt60tr13c_driver/src/radar_node.cpp:33:3: error: invalid preprocessing directive #Link
[0.435s]    33 | # Link against pre-built SDK libraries
[0.435s]       |   ^~~~
[0.435s] /home/ubuntu/ros2_ws/src/radar_bgt60tr13c_driver/src/radar_node.cpp:44:3: error: invalid preprocessing directive #Install
[0.435s]    44 | # Install rules
[0.435s]       |   ^~~~~~~
[0.435s] /home/ubuntu/ros2_ws/src/radar_bgt60tr13c_driver/src/radar_node.cpp:49:3: error: invalid preprocessing directive #Install
[0.435s]    49 | # Install the pre-built SDK libraries
[0.435s]       |   ^~~~~~~
[0.435s] /home/ubuntu/ros2_ws/src/radar_bgt60tr13c_driver/src/radar_node.cpp:58:3: error: invalid preprocessing directive #Create
[0.435s]    58 | # Create environment hook for library path using DSV file
[0.435s]       |   ^~~~~~
[0.435s] /home/ubuntu/ros2_ws/src/radar_bgt60tr13c_driver/src/radar_node.cpp:1:23: error: expected constructor, destructor, or type conversion before â€˜(â€™ token
[0.435s]     1 | cmake_minimum_required(VERSION 3.8)
[0.435s]       |                       ^
[0.435s] /home/ubuntu/ros2_ws/src/radar_bgt60tr13c_driver/src/radar_node.cpp:20:41: error: expected unqualified-id before â€˜/â€™ token
[0.435s]    20 | set(SDK_ROOT ${CMAKE_CURRENT_SOURCE_DIR}/bgt_sdk)
[0.435s]       |                                         ^
[0.435s] /home/ubuntu/ros2_ws/src/radar_bgt60tr13c_driver/src/radar_node.cpp:21:26: error: expected unqualified-id before â€˜/â€™ token
[0.435s]    21 | set(SDK_BUILD ${SDK_ROOT}/build)
[0.435s]       |                          ^
[0.435s] /home/ubuntu/ros2_ws/src/radar_bgt60tr13c_driver/src/radar_node.cpp:27:32: error: expected unqualified-id before â€˜/â€™ token
[0.435s]    27 |     ${CMAKE_CURRENT_SOURCE_DIR}/include
[0.435s]       |                                ^
[0.435s] /home/ubuntu/ros2_ws/src/radar_bgt60tr13c_driver/src/radar_node.cpp:28:16: error: expected unqualified-id before â€˜/â€™ token
[0.436s]    28 |     ${SDK_ROOT}/sdk/c
[0.436s]       |                ^
[0.436s] /home/ubuntu/ros2_ws/src/radar_bgt60tr13c_driver/src/radar_node.cpp:29:16: error: expected unqualified-id before â€˜/â€™ token
[0.436s]    29 |     ${SDK_ROOT}/external/lib_avian/include
[0.436s]       |                ^
[0.436s] /home/ubuntu/ros2_ws/src/radar_bgt60tr13c_driver/src/radar_node.cpp:30:21: error: â€˜Forâ€™ does not name a type
[0.436s]    30 |     ${SDK_BUILD}  # For any generated headers
[0.436s]       |                     ^~~
[0.436s] /home/ubuntu/ros2_ws/src/radar_bgt60tr13c_driver/src/radar_node.cpp:35:17: error: expected unqualified-id before â€˜/â€™ token
[0.436s]    35 |     ${SDK_BUILD}/sdk/c/ifxBase/libsdk_base.so
[0.436s]       |                 ^
[0.436s] /home/ubuntu/ros2_ws/src/radar_bgt60tr13c_driver/src/radar_node.cpp:36:17: error: expected unqualified-id before â€˜/â€™ token
[0.436s]    36 |     ${SDK_BUILD}/sdk/c/ifxRadarDeviceCommon/libsdk_radar_device_common.so
[0.436s]       |                 ^
[0.437s] /home/ubuntu/ros2_ws/src/radar_bgt60tr13c_driver/src/radar_node.cpp:37:17: error: expected unqualified-id before â€˜/â€™ token
[0.437s]    37 |     ${SDK_BUILD}/sdk/c/ifxFmcw/libsdk_fmcw.so
[0.437s]       |                 ^
[0.437s] /home/ubuntu/ros2_ws/src/radar_bgt60tr13c_driver/src/radar_node.cpp:38:17: error: expected unqualified-id before â€˜/â€™ token
[0.437s]    38 |     ${SDK_BUILD}/sdk/c/ifxAvian/libsdk_avian.so
[0.437s]       |                 ^
[0.437s] /home/ubuntu/ros2_ws/src/radar_bgt60tr13c_driver/src/radar_node.cpp:41:5: error: â€˜$â€™ does not name a type
[0.437s]    41 |     ${sensor_msgs_TARGETS}
[0.437s]       |     ^
[0.437s] /home/ubuntu/ros2_ws/src/radar_bgt60tr13c_driver/src/radar_node.cpp:42:1: error: expected unqualified-id before â€˜)â€™ token
[0.437s]    42 | )
[0.437s]       | ^
[0.437s] /home/ubuntu/ros2_ws/src/radar_bgt60tr13c_driver/src/radar_node.cpp:47:1: error: expected unqualified-id before â€˜)â€™ token
[0.438s]    47 | )
[0.438s]       | ^
[0.438s] /home/ubuntu/ros2_ws/src/radar_bgt60tr13c_driver/src/radar_node.cpp:51:17: error: expected unqualified-id before â€˜/â€™ token
[0.438s]    51 |     ${SDK_BUILD}/sdk/c/ifxBase/libsdk_base.so
[0.438s]       |                 ^
[0.438s] /home/ubuntu/ros2_ws/src/radar_bgt60tr13c_driver/src/radar_node.cpp:52:17: error: expected unqualified-id before â€˜/â€™ token
[0.438s]    52 |     ${SDK_BUILD}/sdk/c/ifxRadarDeviceCommon/libsdk_radar_device_common.so
[0.438s]       |                 ^
[0.438s] /home/ubuntu/ros2_ws/src/radar_bgt60tr13c_driver/src/radar_node.cpp:53:17: error: expected unqualified-id before â€˜/â€™ token
[0.438s]    53 |     ${SDK_BUILD}/sdk/c/ifxFmcw/libsdk_fmcw.so
[0.438s]       |                 ^
[0.438s] /home/ubuntu/ros2_ws/src/radar_bgt60tr13c_driver/src/radar_node.cpp:54:17: error: expected unqualified-id before â€˜/â€™ token
[0.438s]    54 |     ${SDK_BUILD}/sdk/c/ifxAvian/libsdk_avian.so
[0.438s]       |                 ^
[0.438s] ninja: build stopped: subcommand failed.
[0.438s] Invoked command in '/home/ubuntu/ros2_ws/src/radar_bgt60tr13c_driver/build/radar_bgt60tr13c_driver' returned '1': CMAKE_PREFIX_PATH=${CMAKE_PREFIX_PATH}:/home/ubuntu/turtlebot3_ws/install/turtlebot3_teleop:/home/ubuntu/turtlebot3_ws/install/turtlebot3_example:/opt/ros/humble /usr/bin/cmake --build /home/ubuntu/ros2_ws/src/radar_bgt60tr13c_driver/build/radar_bgt60tr13c_driver -- -j16 -l16
